[0.068s] Invoking command in '/home/r2/ros_ws/build/ldlidar_node': AMENT_PREFIX_PATH=/home/r2/ros_ws/install/ldlidar_component:${AMENT_PREFIX_PATH} CMAKE_PREFIX_PATH=/home/r2/ros_ws/install/ldlidar_component:/home/r2/ros2_lidar/install/ldlidar_stl_ros2:/home/r2/ros2_lidar/install/obstacle_detector:/home/r2/ros2_lidar/install/my_launch:/home/r2/ros2_lidar/install/mpu6050_imu:/opt/ros/humble LD_LIBRARY_PATH=/home/r2/ros_ws/install/ldlidar_component/lib:${LD_LIBRARY_PATH} /usr/bin/cmake /home/r2/ros_ws/src/ldrobot-lidar-ros2/ldlidar_node -DCMAKE_BUILD_TYPE=Release -DAMENT_CMAKE_SYMLINK_INSTALL=1 -DCMAKE_INSTALL_PREFIX=/home/r2/ros_ws/install/ldlidar_node
[0.391s] -- The C compiler identification is GNU 11.4.0
[0.702s] -- The CXX compiler identification is GNU 11.4.0
[0.744s] -- Detecting C compiler ABI info
[1.134s] -- Detecting C compiler ABI info - done
[1.165s] -- Check for working C compiler: /usr/bin/cc - skipped
[1.167s] -- Detecting C compile features
[1.169s] -- Detecting C compile features - done
[1.187s] -- Detecting CXX compiler ABI info
[1.589s] -- Detecting CXX compiler ABI info - done
[1.621s] -- Check for working CXX compiler: /usr/bin/c++ - skipped
[1.622s] -- Detecting CXX compile features
[1.623s] -- Detecting CXX compile features - done
[1.627s] -- * Found ROS2 humble
[1.627s] -- * ROS2 humble is officially supported by this package.
[1.665s] -- Found ament_cmake: 1.3.11 (/opt/ros/humble/share/ament_cmake/cmake)
[2.561s] -- Found Python3: /usr/bin/python3 (found version "3.10.12") found components: Interpreter 
[2.921s] -- Override CMake install command with custom implementation using symlinks instead of copying resources
[3.395s] -- Found ament_lint_auto: 0.12.11 (/opt/ros/humble/share/ament_lint_auto/cmake)
[4.820s] -- Found python_cmake_module: 0.10.0 (/opt/ros/humble/share/python_cmake_module/cmake)
[4.945s] -- Found PythonInterp: /usr/bin/python3 (found suitable version "3.10.12", minimum required is "3.6") 
[5.099s] -- Found PythonLibs: /usr/lib/aarch64-linux-gnu/libpython3.10.so (found suitable version "3.10.12", minimum required is "3.5") 
[5.100s] -- Using PYTHON_EXECUTABLE: /usr/bin/python3
[5.100s] -- Using PYTHON_INCLUDE_DIRS: /usr/include/python3.10
[5.101s] -- Using PYTHON_LIBRARIES: /usr/lib/aarch64-linux-gnu/libpython3.10.so
[5.220s] -- Found PythonExtra: .so  
[5.288s] -- Added test 'copyright' to check source files copyright and LICENSE
[5.331s] -- Added test 'flake8' to check Python code syntax and style conventions
[5.338s] -- Added test 'lint_cmake' to check CMake code style
[5.344s] -- Added test 'pep257' to check Python code against some of the docstring style conventions in PEP 257
[5.365s] -- Added test 'xmllint' to check XML markup files
[5.377s] -- Configuring done
[5.402s] -- Generating done
[5.412s] -- Build files have been written to: /home/r2/ros_ws/build/ldlidar_node
[5.436s] Invoked command in '/home/r2/ros_ws/build/ldlidar_node' returned '0': AMENT_PREFIX_PATH=/home/r2/ros_ws/install/ldlidar_component:${AMENT_PREFIX_PATH} CMAKE_PREFIX_PATH=/home/r2/ros_ws/install/ldlidar_component:/home/r2/ros2_lidar/install/ldlidar_stl_ros2:/home/r2/ros2_lidar/install/obstacle_detector:/home/r2/ros2_lidar/install/my_launch:/home/r2/ros2_lidar/install/mpu6050_imu:/opt/ros/humble LD_LIBRARY_PATH=/home/r2/ros_ws/install/ldlidar_component/lib:${LD_LIBRARY_PATH} /usr/bin/cmake /home/r2/ros_ws/src/ldrobot-lidar-ros2/ldlidar_node -DCMAKE_BUILD_TYPE=Release -DAMENT_CMAKE_SYMLINK_INSTALL=1 -DCMAKE_INSTALL_PREFIX=/home/r2/ros_ws/install/ldlidar_node
[5.444s] Invoking command in '/home/r2/ros_ws/build/ldlidar_node': AMENT_PREFIX_PATH=/home/r2/ros_ws/install/ldlidar_component:${AMENT_PREFIX_PATH} CMAKE_PREFIX_PATH=/home/r2/ros_ws/install/ldlidar_component:/home/r2/ros2_lidar/install/ldlidar_stl_ros2:/home/r2/ros2_lidar/install/obstacle_detector:/home/r2/ros2_lidar/install/my_launch:/home/r2/ros2_lidar/install/mpu6050_imu:/opt/ros/humble LD_LIBRARY_PATH=/home/r2/ros_ws/install/ldlidar_component/lib:${LD_LIBRARY_PATH} /usr/bin/cmake --build /home/r2/ros_ws/build/ldlidar_node -- -j4 -l4
[5.621s] Invoked command in '/home/r2/ros_ws/build/ldlidar_node' returned '0': AMENT_PREFIX_PATH=/home/r2/ros_ws/install/ldlidar_component:${AMENT_PREFIX_PATH} CMAKE_PREFIX_PATH=/home/r2/ros_ws/install/ldlidar_component:/home/r2/ros2_lidar/install/ldlidar_stl_ros2:/home/r2/ros2_lidar/install/obstacle_detector:/home/r2/ros2_lidar/install/my_launch:/home/r2/ros2_lidar/install/mpu6050_imu:/opt/ros/humble LD_LIBRARY_PATH=/home/r2/ros_ws/install/ldlidar_component/lib:${LD_LIBRARY_PATH} /usr/bin/cmake --build /home/r2/ros_ws/build/ldlidar_node -- -j4 -l4
[5.633s] Invoking command in '/home/r2/ros_ws/build/ldlidar_node': AMENT_PREFIX_PATH=/home/r2/ros_ws/install/ldlidar_component:${AMENT_PREFIX_PATH} CMAKE_PREFIX_PATH=/home/r2/ros_ws/install/ldlidar_component:/home/r2/ros2_lidar/install/ldlidar_stl_ros2:/home/r2/ros2_lidar/install/obstacle_detector:/home/r2/ros2_lidar/install/my_launch:/home/r2/ros2_lidar/install/mpu6050_imu:/opt/ros/humble LD_LIBRARY_PATH=/home/r2/ros_ws/install/ldlidar_component/lib:${LD_LIBRARY_PATH} /usr/bin/cmake --install /home/r2/ros_ws/build/ldlidar_node
[5.662s] -- Install configuration: "Release"
[5.664s] -- Execute custom install script
[5.666s] -- Symlinking: /home/r2/ros_ws/install/ldlidar_node/share/ldlidar_node/params/ldlidar.yaml
[5.703s] -- Symlinking: /home/r2/ros_ws/install/ldlidar_node/share/ldlidar_node/params/lifecycle_mgr.yaml
[5.741s] -- Symlinking: /home/r2/ros_ws/install/ldlidar_node/share/ldlidar_node/params/lifecycle_mgr_slam.yaml
[5.778s] -- Symlinking: /home/r2/ros_ws/install/ldlidar_node/share/ldlidar_node/params/slam_toolbox.yaml
[5.817s] -- Symlinking: /home/r2/ros_ws/install/ldlidar_node/share/ldlidar_node/config/ldlidar.rviz
[5.856s] -- Symlinking: /home/r2/ros_ws/install/ldlidar_node/share/ldlidar_node/config/ldlidar_slam.rviz
[5.894s] -- Symlinking: /home/r2/ros_ws/install/ldlidar_node/share/ldlidar_node/urdf/ldlidar_descr.urdf.xml
[5.935s] -- Symlinking: /home/r2/ros_ws/install/ldlidar_node/share/ldlidar_node/urdf/model/LD19.stl
[5.973s] -- Symlinking: /home/r2/ros_ws/install/ldlidar_node/share/ldlidar_node/launch/ldlidar_bringup.launch.py
[6.012s] -- Symlinking: /home/r2/ros_ws/install/ldlidar_node/share/ldlidar_node/launch/ldlidar_rviz2.launch.py
[6.050s] -- Symlinking: /home/r2/ros_ws/install/ldlidar_node/share/ldlidar_node/launch/ldlidar_slam.launch.py
[6.088s] -- Symlinking: /home/r2/ros_ws/install/ldlidar_node/share/ldlidar_node/launch/ldlidar_with_mgr.launch.py
[6.127s] -- Symlinking: /home/r2/ros_ws/install/ldlidar_node/share/ament_index/resource_index/package_run_dependencies/ldlidar_node
[6.167s] -- Symlinking: /home/r2/ros_ws/install/ldlidar_node/share/ament_index/resource_index/parent_prefix_path/ldlidar_node
[6.207s] -- Symlinking: /home/r2/ros_ws/install/ldlidar_node/share/ldlidar_node/environment/ament_prefix_path.sh
[6.246s] -- Symlinking: /home/r2/ros_ws/install/ldlidar_node/share/ldlidar_node/environment/ament_prefix_path.dsv
[6.283s] -- Symlinking: /home/r2/ros_ws/install/ldlidar_node/share/ldlidar_node/environment/path.sh
[6.322s] -- Symlinking: /home/r2/ros_ws/install/ldlidar_node/share/ldlidar_node/environment/path.dsv
[6.361s] -- Symlinking: /home/r2/ros_ws/install/ldlidar_node/share/ldlidar_node/local_setup.bash
[6.398s] -- Symlinking: /home/r2/ros_ws/install/ldlidar_node/share/ldlidar_node/local_setup.sh
[6.437s] -- Symlinking: /home/r2/ros_ws/install/ldlidar_node/share/ldlidar_node/local_setup.zsh
[6.477s] -- Symlinking: /home/r2/ros_ws/install/ldlidar_node/share/ldlidar_node/local_setup.dsv
[6.515s] -- Symlinking: /home/r2/ros_ws/install/ldlidar_node/share/ldlidar_node/package.dsv
[6.554s] -- Symlinking: /home/r2/ros_ws/install/ldlidar_node/share/ament_index/resource_index/packages/ldlidar_node
[6.592s] -- Symlinking: /home/r2/ros_ws/install/ldlidar_node/share/ldlidar_node/cmake/ldlidar_nodeConfig.cmake
[6.632s] -- Symlinking: /home/r2/ros_ws/install/ldlidar_node/share/ldlidar_node/cmake/ldlidar_nodeConfig-version.cmake
[6.669s] -- Symlinking: /home/r2/ros_ws/install/ldlidar_node/share/ldlidar_node/package.xml
[6.716s] Invoked command in '/home/r2/ros_ws/build/ldlidar_node' returned '0': AMENT_PREFIX_PATH=/home/r2/ros_ws/install/ldlidar_component:${AMENT_PREFIX_PATH} CMAKE_PREFIX_PATH=/home/r2/ros_ws/install/ldlidar_component:/home/r2/ros2_lidar/install/ldlidar_stl_ros2:/home/r2/ros2_lidar/install/obstacle_detector:/home/r2/ros2_lidar/install/my_launch:/home/r2/ros2_lidar/install/mpu6050_imu:/opt/ros/humble LD_LIBRARY_PATH=/home/r2/ros_ws/install/ldlidar_component/lib:${LD_LIBRARY_PATH} /usr/bin/cmake --install /home/r2/ros_ws/build/ldlidar_node
