[0.138s] Invoking command in '/home/r2/ros_ws/build/mpu6050driver': CMAKE_PREFIX_PATH=${CMAKE_PREFIX_PATH}:/home/r2/ros2_lidar/install/obstacle_detector:/home/r2/ros2_lidar/install/my_launch:/home/r2/ros2_lidar/install/mpu6050_imu:/opt/ros/humble /usr/bin/cmake /home/r2/ros_ws/src/ros2_mpu6050_driver -DCMAKE_INSTALL_PREFIX=/home/r2/ros_ws/install/mpu6050driver
[1.231s] -- The C compiler identification is GNU 11.4.0
[2.020s] -- The CXX compiler identification is GNU 11.4.0
[2.060s] -- Detecting C compiler ABI info
[2.483s] -- Detecting C compiler ABI info - done
[2.514s] -- Check for working C compiler: /usr/bin/cc - skipped
[2.516s] -- Detecting C compile features
[2.519s] -- Detecting C compile features - done
[2.534s] -- Detecting CXX compiler ABI info
[2.942s] -- Detecting CXX compiler ABI info - done
[2.972s] -- Check for working CXX compiler: /usr/bin/c++ - skipped
[2.973s] -- Detecting CXX compile features
[2.975s] -- Detecting CXX compile features - done
[3.025s] -- Found ament_cmake: 1.3.11 (/opt/ros/humble/share/ament_cmake/cmake)
[3.940s] -- Found Python3: /usr/bin/python3 (found version "3.10.12") found components: Interpreter 
[4.827s] -- Found rclcpp: 16.0.11 (/opt/ros/humble/share/rclcpp/cmake)
[5.372s] -- Found rosidl_generator_c: 3.1.6 (/opt/ros/humble/share/rosidl_generator_c/cmake)
[5.446s] -- Found rosidl_adapter: 3.1.6 (/opt/ros/humble/share/rosidl_adapter/cmake)
[5.542s] -- Found rosidl_generator_cpp: 3.1.6 (/opt/ros/humble/share/rosidl_generator_cpp/cmake)
[5.656s] -- Using all available rosidl_typesupport_c: rosidl_typesupport_fastrtps_c;rosidl_typesupport_introspection_c
[5.816s] -- Using all available rosidl_typesupport_cpp: rosidl_typesupport_fastrtps_cpp;rosidl_typesupport_introspection_cpp
[6.276s] -- Found rmw_implementation_cmake: 6.1.2 (/opt/ros/humble/share/rmw_implementation_cmake/cmake)
[6.313s] -- Found rmw_fastrtps_cpp: 6.2.7 (/opt/ros/humble/share/rmw_fastrtps_cpp/cmake)
[7.091s] -- Found OpenSSL: /usr/lib/aarch64-linux-gnu/libcrypto.so (found version "3.0.2")  
[7.447s] -- Found FastRTPS: /opt/ros/humble/include  
[8.017s] -- Using RMW implementation 'rmw_fastrtps_cpp' as default
[8.139s] -- Looking for pthread.h
[8.575s] -- Looking for pthread.h - found
[8.577s] -- Performing Test CMAKE_HAVE_LIBC_PTHREAD
[9.003s] -- Performing Test CMAKE_HAVE_LIBC_PTHREAD - Success
[9.008s] -- Found Threads: TRUE  
[9.389s] -- Found sensor_msgs: 4.2.4 (/opt/ros/humble/share/sensor_msgs/cmake)
[9.919s] -- Configuring done
[9.992s] -- Generating done
[10.015s] -- Build files have been written to: /home/r2/ros_ws/build/mpu6050driver
[10.061s] Invoked command in '/home/r2/ros_ws/build/mpu6050driver' returned '0': CMAKE_PREFIX_PATH=${CMAKE_PREFIX_PATH}:/home/r2/ros2_lidar/install/obstacle_detector:/home/r2/ros2_lidar/install/my_launch:/home/r2/ros2_lidar/install/mpu6050_imu:/opt/ros/humble /usr/bin/cmake /home/r2/ros_ws/src/ros2_mpu6050_driver -DCMAKE_INSTALL_PREFIX=/home/r2/ros_ws/install/mpu6050driver
[10.071s] Invoking command in '/home/r2/ros_ws/build/mpu6050driver': CMAKE_PREFIX_PATH=${CMAKE_PREFIX_PATH}:/home/r2/ros2_lidar/install/obstacle_detector:/home/r2/ros2_lidar/install/my_launch:/home/r2/ros2_lidar/install/mpu6050_imu:/opt/ros/humble /usr/bin/cmake --build /home/r2/ros_ws/build/mpu6050driver -- -j4 -l4
[10.320s] [ 33%] [32mBuilding CXX object CMakeFiles/mpu6050driver.dir/src/mpu6050driver.cpp.o[0m
[10.322s] [ 66%] [32mBuilding CXX object CMakeFiles/mpu6050driver.dir/src/mpu6050sensor.cpp.o[0m
[31.906s] [100%] [32m[1mLinking CXX executable mpu6050driver[0m
[33.124s] [100%] Built target mpu6050driver
[33.175s] Invoked command in '/home/r2/ros_ws/build/mpu6050driver' returned '0': CMAKE_PREFIX_PATH=${CMAKE_PREFIX_PATH}:/home/r2/ros2_lidar/install/obstacle_detector:/home/r2/ros2_lidar/install/my_launch:/home/r2/ros2_lidar/install/mpu6050_imu:/opt/ros/humble /usr/bin/cmake --build /home/r2/ros_ws/build/mpu6050driver -- -j4 -l4
[33.192s] Invoking command in '/home/r2/ros_ws/build/mpu6050driver': CMAKE_PREFIX_PATH=${CMAKE_PREFIX_PATH}:/home/r2/ros2_lidar/install/obstacle_detector:/home/r2/ros2_lidar/install/my_launch:/home/r2/ros2_lidar/install/mpu6050_imu:/opt/ros/humble /usr/bin/cmake --install /home/r2/ros_ws/build/mpu6050driver
[33.222s] -- Install configuration: ""
[33.223s] -- Installing: /home/r2/ros_ws/install/mpu6050driver/lib/mpu6050driver/mpu6050driver
[33.235s] -- Set runtime path of "/home/r2/ros_ws/install/mpu6050driver/lib/mpu6050driver/mpu6050driver" to ""
[33.235s] -- Installing: /home/r2/ros_ws/install/mpu6050driver/share/mpu6050driver//launch
[33.236s] -- Installing: /home/r2/ros_ws/install/mpu6050driver/share/mpu6050driver//launch/mpu6050driver_launch.py
[33.238s] -- Installing: /home/r2/ros_ws/install/mpu6050driver/share/mpu6050driver//params
[33.238s] -- Installing: /home/r2/ros_ws/install/mpu6050driver/share/mpu6050driver//params/mpu6050.yaml
[33.241s] -- Installing: /home/r2/ros_ws/install/mpu6050driver/share/ament_index/resource_index/package_run_dependencies/mpu6050driver
[33.243s] -- Installing: /home/r2/ros_ws/install/mpu6050driver/share/ament_index/resource_index/parent_prefix_path/mpu6050driver
[33.245s] -- Installing: /home/r2/ros_ws/install/mpu6050driver/share/mpu6050driver/environment/ament_prefix_path.sh
[33.246s] -- Installing: /home/r2/ros_ws/install/mpu6050driver/share/mpu6050driver/environment/ament_prefix_path.dsv
[33.248s] -- Installing: /home/r2/ros_ws/install/mpu6050driver/share/mpu6050driver/environment/path.sh
[33.250s] -- Installing: /home/r2/ros_ws/install/mpu6050driver/share/mpu6050driver/environment/path.dsv
[33.252s] -- Installing: /home/r2/ros_ws/install/mpu6050driver/share/mpu6050driver/local_setup.bash
[33.255s] -- Installing: /home/r2/ros_ws/install/mpu6050driver/share/mpu6050driver/local_setup.sh
[33.257s] -- Installing: /home/r2/ros_ws/install/mpu6050driver/share/mpu6050driver/local_setup.zsh
[33.259s] -- Installing: /home/r2/ros_ws/install/mpu6050driver/share/mpu6050driver/local_setup.dsv
[33.261s] -- Installing: /home/r2/ros_ws/install/mpu6050driver/share/mpu6050driver/package.dsv
[33.263s] -- Installing: /home/r2/ros_ws/install/mpu6050driver/share/ament_index/resource_index/packages/mpu6050driver
[33.265s] -- Installing: /home/r2/ros_ws/install/mpu6050driver/share/mpu6050driver/cmake/mpu6050driverConfig.cmake
[33.266s] -- Installing: /home/r2/ros_ws/install/mpu6050driver/share/mpu6050driver/cmake/mpu6050driverConfig-version.cmake
[33.268s] -- Installing: /home/r2/ros_ws/install/mpu6050driver/share/mpu6050driver/package.xml
[33.277s] Invoked command in '/home/r2/ros_ws/build/mpu6050driver' returned '0': CMAKE_PREFIX_PATH=${CMAKE_PREFIX_PATH}:/home/r2/ros2_lidar/install/obstacle_detector:/home/r2/ros2_lidar/install/my_launch:/home/r2/ros2_lidar/install/mpu6050_imu:/opt/ros/humble /usr/bin/cmake --install /home/r2/ros_ws/build/mpu6050driver
