[0.070s] Invoking command in '/home/r2/ros_ws/build/ldlidar': AMENT_PREFIX_PATH=/home/r2/ros_ws/install/ldlidar_node:/home/r2/ros_ws/install/ldlidar_component:${AMENT_PREFIX_PATH} CMAKE_PREFIX_PATH=/home/r2/ros_ws/install/ldlidar_node:/home/r2/ros_ws/install/ldlidar_component:/home/r2/ros2_lidar/install/ldlidar_stl_ros2:/home/r2/ros2_lidar/install/obstacle_detector:/home/r2/ros2_lidar/install/my_launch:/home/r2/ros2_lidar/install/mpu6050_imu:/opt/ros/humble LD_LIBRARY_PATH=/home/r2/ros_ws/install/ldlidar_component/lib:${LD_LIBRARY_PATH} /usr/bin/cmake /home/r2/ros_ws/src/ldrobot-lidar-ros2/ldlidar -DCMAKE_BUILD_TYPE=Release -DAMENT_CMAKE_SYMLINK_INSTALL=1 -DCMAKE_INSTALL_PREFIX=/home/r2/ros_ws/install/ldlidar
[0.183s] -- Found ament_cmake: 1.3.11 (/opt/ros/humble/share/ament_cmake/cmake)
[1.175s] -- Found Python3: /usr/bin/python3 (found version "3.10.12") found components: Interpreter 
[1.514s] -- Override CMake install command with custom implementation using symlinks instead of copying resources
[2.262s] -- Configuring done
[2.281s] -- Generating done
[2.289s] -- Build files have been written to: /home/r2/ros_ws/build/ldlidar
[2.297s] Invoked command in '/home/r2/ros_ws/build/ldlidar' returned '0': AMENT_PREFIX_PATH=/home/r2/ros_ws/install/ldlidar_node:/home/r2/ros_ws/install/ldlidar_component:${AMENT_PREFIX_PATH} CMAKE_PREFIX_PATH=/home/r2/ros_ws/install/ldlidar_node:/home/r2/ros_ws/install/ldlidar_component:/home/r2/ros2_lidar/install/ldlidar_stl_ros2:/home/r2/ros2_lidar/install/obstacle_detector:/home/r2/ros2_lidar/install/my_launch:/home/r2/ros2_lidar/install/mpu6050_imu:/opt/ros/humble LD_LIBRARY_PATH=/home/r2/ros_ws/install/ldlidar_component/lib:${LD_LIBRARY_PATH} /usr/bin/cmake /home/r2/ros_ws/src/ldrobot-lidar-ros2/ldlidar -DCMAKE_BUILD_TYPE=Release -DAMENT_CMAKE_SYMLINK_INSTALL=1 -DCMAKE_INSTALL_PREFIX=/home/r2/ros_ws/install/ldlidar
[2.306s] Invoking command in '/home/r2/ros_ws/build/ldlidar': AMENT_PREFIX_PATH=/home/r2/ros_ws/install/ldlidar_node:/home/r2/ros_ws/install/ldlidar_component:${AMENT_PREFIX_PATH} CMAKE_PREFIX_PATH=/home/r2/ros_ws/install/ldlidar_node:/home/r2/ros_ws/install/ldlidar_component:/home/r2/ros2_lidar/install/ldlidar_stl_ros2:/home/r2/ros2_lidar/install/obstacle_detector:/home/r2/ros2_lidar/install/my_launch:/home/r2/ros2_lidar/install/mpu6050_imu:/opt/ros/humble LD_LIBRARY_PATH=/home/r2/ros_ws/install/ldlidar_component/lib:${LD_LIBRARY_PATH} /usr/bin/cmake --build /home/r2/ros_ws/build/ldlidar -- -j4 -l4
[2.474s] Invoked command in '/home/r2/ros_ws/build/ldlidar' returned '0': AMENT_PREFIX_PATH=/home/r2/ros_ws/install/ldlidar_node:/home/r2/ros_ws/install/ldlidar_component:${AMENT_PREFIX_PATH} CMAKE_PREFIX_PATH=/home/r2/ros_ws/install/ldlidar_node:/home/r2/ros_ws/install/ldlidar_component:/home/r2/ros2_lidar/install/ldlidar_stl_ros2:/home/r2/ros2_lidar/install/obstacle_detector:/home/r2/ros2_lidar/install/my_launch:/home/r2/ros2_lidar/install/mpu6050_imu:/opt/ros/humble LD_LIBRARY_PATH=/home/r2/ros_ws/install/ldlidar_component/lib:${LD_LIBRARY_PATH} /usr/bin/cmake --build /home/r2/ros_ws/build/ldlidar -- -j4 -l4
[2.485s] Invoking command in '/home/r2/ros_ws/build/ldlidar': AMENT_PREFIX_PATH=/home/r2/ros_ws/install/ldlidar_node:/home/r2/ros_ws/install/ldlidar_component:${AMENT_PREFIX_PATH} CMAKE_PREFIX_PATH=/home/r2/ros_ws/install/ldlidar_node:/home/r2/ros_ws/install/ldlidar_component:/home/r2/ros2_lidar/install/ldlidar_stl_ros2:/home/r2/ros2_lidar/install/obstacle_detector:/home/r2/ros2_lidar/install/my_launch:/home/r2/ros2_lidar/install/mpu6050_imu:/opt/ros/humble LD_LIBRARY_PATH=/home/r2/ros_ws/install/ldlidar_component/lib:${LD_LIBRARY_PATH} /usr/bin/cmake --install /home/r2/ros_ws/build/ldlidar
[2.514s] -- Install configuration: "Release"
[2.516s] -- Execute custom install script
[2.519s] -- Symlinking: /home/r2/ros_ws/install/ldlidar/share/ament_index/resource_index/package_run_dependencies/ldlidar
[2.558s] -- Symlinking: /home/r2/ros_ws/install/ldlidar/share/ament_index/resource_index/parent_prefix_path/ldlidar
[2.596s] -- Symlinking: /home/r2/ros_ws/install/ldlidar/share/ldlidar/environment/ament_prefix_path.sh
[2.635s] -- Symlinking: /home/r2/ros_ws/install/ldlidar/share/ldlidar/environment/ament_prefix_path.dsv
[2.672s] -- Symlinking: /home/r2/ros_ws/install/ldlidar/share/ldlidar/environment/path.sh
[2.712s] -- Symlinking: /home/r2/ros_ws/install/ldlidar/share/ldlidar/environment/path.dsv
[2.751s] -- Symlinking: /home/r2/ros_ws/install/ldlidar/share/ldlidar/local_setup.bash
[2.789s] -- Symlinking: /home/r2/ros_ws/install/ldlidar/share/ldlidar/local_setup.sh
[2.829s] -- Symlinking: /home/r2/ros_ws/install/ldlidar/share/ldlidar/local_setup.zsh
[2.866s] -- Symlinking: /home/r2/ros_ws/install/ldlidar/share/ldlidar/local_setup.dsv
[2.903s] -- Symlinking: /home/r2/ros_ws/install/ldlidar/share/ldlidar/package.dsv
[2.942s] -- Symlinking: /home/r2/ros_ws/install/ldlidar/share/ament_index/resource_index/packages/ldlidar
[2.981s] -- Symlinking: /home/r2/ros_ws/install/ldlidar/share/ldlidar/cmake/ldlidarConfig.cmake
[3.019s] -- Symlinking: /home/r2/ros_ws/install/ldlidar/share/ldlidar/cmake/ldlidarConfig-version.cmake
[3.056s] -- Symlinking: /home/r2/ros_ws/install/ldlidar/share/ldlidar/package.xml
[3.101s] Invoked command in '/home/r2/ros_ws/build/ldlidar' returned '0': AMENT_PREFIX_PATH=/home/r2/ros_ws/install/ldlidar_node:/home/r2/ros_ws/install/ldlidar_component:${AMENT_PREFIX_PATH} CMAKE_PREFIX_PATH=/home/r2/ros_ws/install/ldlidar_node:/home/r2/ros_ws/install/ldlidar_component:/home/r2/ros2_lidar/install/ldlidar_stl_ros2:/home/r2/ros2_lidar/install/obstacle_detector:/home/r2/ros2_lidar/install/my_launch:/home/r2/ros2_lidar/install/mpu6050_imu:/opt/ros/humble LD_LIBRARY_PATH=/home/r2/ros_ws/install/ldlidar_component/lib:${LD_LIBRARY_PATH} /usr/bin/cmake --install /home/r2/ros_ws/build/ldlidar
