[0.093s] Invoking command in '/home/r2/ros_ws/build/ldlidar_component': CMAKE_PREFIX_PATH=${CMAKE_PREFIX_PATH}:/home/r2/ros2_lidar/install/obstacle_detector:/home/r2/ros2_lidar/install/my_launch:/home/r2/ros2_lidar/install/mpu6050_imu:/opt/ros/humble /usr/bin/cmake --build /home/r2/ros_ws/build/ldlidar_component -- -j4 -l4
[0.552s] [ 70%] Built target ldlidar
[0.721s] [100%] Built target ldlidar_component
[0.843s] Invoked command in '/home/r2/ros_ws/build/ldlidar_component' returned '0': CMAKE_PREFIX_PATH=${CMAKE_PREFIX_PATH}:/home/r2/ros2_lidar/install/obstacle_detector:/home/r2/ros2_lidar/install/my_launch:/home/r2/ros2_lidar/install/mpu6050_imu:/opt/ros/humble /usr/bin/cmake --build /home/r2/ros_ws/build/ldlidar_component -- -j4 -l4
[0.856s] Invoking command in '/home/r2/ros_ws/build/ldlidar_component': CMAKE_PREFIX_PATH=${CMAKE_PREFIX_PATH}:/home/r2/ros2_lidar/install/obstacle_detector:/home/r2/ros2_lidar/install/my_launch:/home/r2/ros2_lidar/install/mpu6050_imu:/opt/ros/humble /usr/bin/cmake --install /home/r2/ros_ws/build/ldlidar_component
[0.888s] -- Install configuration: "Release"
[0.894s] -- Execute custom install script
[0.897s] -- Up-to-date symlink: /home/r2/ros_ws/install/ldlidar_component/lib/libldlidar_component.so
[0.904s] -- Up-to-date symlink: /home/r2/ros_ws/install/ldlidar_component/include/ldlidar_component//defines.hpp
[0.905s] -- Up-to-date symlink: /home/r2/ros_ws/install/ldlidar_component/include/ldlidar_component//ldlidar_component.hpp
[0.908s] -- Up-to-date symlink: /home/r2/ros_ws/install/ldlidar_component/include/ldlidar_component//ldlidar_tools.hpp
[0.911s] -- Up-to-date symlink: /home/r2/ros_ws/install/ldlidar_component/include/ldlidar_component//visibility_control.hpp
[0.913s] -- Up-to-date symlink: /home/r2/ros_ws/install/ldlidar_component/include/ldlidar_component//ldlidar_datatype.h
[0.914s] -- Up-to-date symlink: /home/r2/ros_ws/install/ldlidar_component/include/ldlidar_component//ldlidar_driver.h
[0.917s] -- Up-to-date symlink: /home/r2/ros_ws/install/ldlidar_component/include/ldlidar_component//lipkg.h
[0.920s] -- Up-to-date symlink: /home/r2/ros_ws/install/ldlidar_component/include/ldlidar_component//tofbf.h
[0.922s] -- Up-to-date symlink: /home/r2/ros_ws/install/ldlidar_component/include/ldlidar_component//log_module.h
[0.924s] -- Up-to-date symlink: /home/r2/ros_ws/install/ldlidar_component/include/ldlidar_component//network_socket_interface_linux.h
[0.926s] -- Up-to-date symlink: /home/r2/ros_ws/install/ldlidar_component/include/ldlidar_component//serial_interface_linux.h
[0.928s] -- Up-to-date symlink: /home/r2/ros_ws/install/ldlidar_component/share/ldlidar_component/environment/library_path.sh
[0.930s] -- Up-to-date symlink: /home/r2/ros_ws/install/ldlidar_component/share/ldlidar_component/environment/library_path.dsv
[0.931s] -- Up-to-date symlink: /home/r2/ros_ws/install/ldlidar_component/share/ament_index/resource_index/package_run_dependencies/ldlidar_component
[0.937s] -- Up-to-date symlink: /home/r2/ros_ws/install/ldlidar_component/share/ament_index/resource_index/parent_prefix_path/ldlidar_component
[0.938s] -- Up-to-date symlink: /home/r2/ros_ws/install/ldlidar_component/share/ldlidar_component/environment/ament_prefix_path.sh
[0.939s] -- Up-to-date symlink: /home/r2/ros_ws/install/ldlidar_component/share/ldlidar_component/environment/ament_prefix_path.dsv
[0.939s] -- Up-to-date symlink: /home/r2/ros_ws/install/ldlidar_component/share/ldlidar_component/environment/path.sh
[0.941s] -- Up-to-date symlink: /home/r2/ros_ws/install/ldlidar_component/share/ldlidar_component/environment/path.dsv
[0.943s] -- Up-to-date symlink: /home/r2/ros_ws/install/ldlidar_component/share/ldlidar_component/local_setup.bash
[0.944s] -- Up-to-date symlink: /home/r2/ros_ws/install/ldlidar_component/share/ldlidar_component/local_setup.sh
[0.946s] -- Up-to-date symlink: /home/r2/ros_ws/install/ldlidar_component/share/ldlidar_component/local_setup.zsh
[0.947s] -- Up-to-date symlink: /home/r2/ros_ws/install/ldlidar_component/share/ldlidar_component/local_setup.dsv
[0.947s] -- Symlinking: /home/r2/ros_ws/install/ldlidar_component/share/ldlidar_component/package.dsv
[0.990s] -- Up-to-date symlink: /home/r2/ros_ws/install/ldlidar_component/share/ament_index/resource_index/packages/ldlidar_component
[0.992s] -- Up-to-date symlink: /home/r2/ros_ws/install/ldlidar_component/share/ament_index/resource_index/rclcpp_components/ldlidar_component
[0.993s] -- Up-to-date symlink: /home/r2/ros_ws/install/ldlidar_component/share/ldlidar_component/cmake/ament_cmake_export_include_directories-extras.cmake
[0.994s] -- Up-to-date symlink: /home/r2/ros_ws/install/ldlidar_component/share/ldlidar_component/cmake/ament_cmake_export_libraries-extras.cmake
[0.995s] -- Up-to-date symlink: /home/r2/ros_ws/install/ldlidar_component/share/ldlidar_component/cmake/ament_cmake_export_dependencies-extras.cmake
[0.997s] -- Up-to-date symlink: /home/r2/ros_ws/install/ldlidar_component/share/ldlidar_component/cmake/ldlidar_componentConfig.cmake
[0.998s] -- Up-to-date symlink: /home/r2/ros_ws/install/ldlidar_component/share/ldlidar_component/cmake/ldlidar_componentConfig-version.cmake
[1.000s] -- Up-to-date symlink: /home/r2/ros_ws/install/ldlidar_component/share/ldlidar_component/package.xml
[1.011s] Invoked command in '/home/r2/ros_ws/build/ldlidar_component' returned '0': CMAKE_PREFIX_PATH=${CMAKE_PREFIX_PATH}:/home/r2/ros2_lidar/install/obstacle_detector:/home/r2/ros2_lidar/install/my_launch:/home/r2/ros2_lidar/install/mpu6050_imu:/opt/ros/humble /usr/bin/cmake --install /home/r2/ros_ws/build/ldlidar_component
