[0.093s] Invoking command in '/home/r2/ros_ws/build/mpu6050driver': CMAKE_PREFIX_PATH=${CMAKE_PREFIX_PATH}:/home/r2/ros2_lidar/install/obstacle_detector:/home/r2/ros2_lidar/install/my_launch:/home/r2/ros2_lidar/install/mpu6050_imu:/opt/ros/humble /usr/bin/cmake --build /home/r2/ros_ws/build/mpu6050driver -- -j4 -l4
[0.510s] [100%] Built target mpu6050driver
[0.557s] Invoked command in '/home/r2/ros_ws/build/mpu6050driver' returned '0': CMAKE_PREFIX_PATH=${CMAKE_PREFIX_PATH}:/home/r2/ros2_lidar/install/obstacle_detector:/home/r2/ros2_lidar/install/my_launch:/home/r2/ros2_lidar/install/mpu6050_imu:/opt/ros/humble /usr/bin/cmake --build /home/r2/ros_ws/build/mpu6050driver -- -j4 -l4
[0.609s] Invoking command in '/home/r2/ros_ws/build/mpu6050driver': CMAKE_PREFIX_PATH=${CMAKE_PREFIX_PATH}:/home/r2/ros2_lidar/install/obstacle_detector:/home/r2/ros2_lidar/install/my_launch:/home/r2/ros2_lidar/install/mpu6050_imu:/opt/ros/humble /usr/bin/cmake --install /home/r2/ros_ws/build/mpu6050driver
[0.643s] -- Install configuration: ""
[0.649s] -- Up-to-date: /home/r2/ros_ws/install/mpu6050driver/lib/mpu6050driver/mpu6050driver
[0.653s] -- Up-to-date: /home/r2/ros_ws/install/mpu6050driver/share/mpu6050driver//launch
[0.654s] -- Up-to-date: /home/r2/ros_ws/install/mpu6050driver/share/mpu6050driver//launch/mpu6050driver_launch.py
[0.655s] -- Up-to-date: /home/r2/ros_ws/install/mpu6050driver/share/mpu6050driver//params
[0.656s] -- Up-to-date: /home/r2/ros_ws/install/mpu6050driver/share/mpu6050driver//params/mpu6050.yaml
[0.656s] -- Up-to-date: /home/r2/ros_ws/install/mpu6050driver/share/ament_index/resource_index/package_run_dependencies/mpu6050driver
[0.657s] -- Up-to-date: /home/r2/ros_ws/install/mpu6050driver/share/ament_index/resource_index/parent_prefix_path/mpu6050driver
[0.658s] -- Up-to-date: /home/r2/ros_ws/install/mpu6050driver/share/mpu6050driver/environment/ament_prefix_path.sh
[0.659s] -- Up-to-date: /home/r2/ros_ws/install/mpu6050driver/share/mpu6050driver/environment/ament_prefix_path.dsv
[0.660s] -- Up-to-date: /home/r2/ros_ws/install/mpu6050driver/share/mpu6050driver/environment/path.sh
[0.660s] -- Up-to-date: /home/r2/ros_ws/install/mpu6050driver/share/mpu6050driver/environment/path.dsv
[0.661s] -- Up-to-date: /home/r2/ros_ws/install/mpu6050driver/share/mpu6050driver/local_setup.bash
[0.662s] -- Up-to-date: /home/r2/ros_ws/install/mpu6050driver/share/mpu6050driver/local_setup.sh
[0.662s] -- Up-to-date: /home/r2/ros_ws/install/mpu6050driver/share/mpu6050driver/local_setup.zsh
[0.663s] -- Up-to-date: /home/r2/ros_ws/install/mpu6050driver/share/mpu6050driver/local_setup.dsv
[0.663s] -- Installing: /home/r2/ros_ws/install/mpu6050driver/share/mpu6050driver/package.dsv
[0.668s] -- Up-to-date: /home/r2/ros_ws/install/mpu6050driver/share/ament_index/resource_index/packages/mpu6050driver
[0.669s] -- Up-to-date: /home/r2/ros_ws/install/mpu6050driver/share/mpu6050driver/cmake/mpu6050driverConfig.cmake
[0.669s] -- Up-to-date: /home/r2/ros_ws/install/mpu6050driver/share/mpu6050driver/cmake/mpu6050driverConfig-version.cmake
[0.670s] -- Up-to-date: /home/r2/ros_ws/install/mpu6050driver/share/mpu6050driver/package.xml
[0.677s] Invoked command in '/home/r2/ros_ws/build/mpu6050driver' returned '0': CMAKE_PREFIX_PATH=${CMAKE_PREFIX_PATH}:/home/r2/ros2_lidar/install/obstacle_detector:/home/r2/ros2_lidar/install/my_launch:/home/r2/ros2_lidar/install/mpu6050_imu:/opt/ros/humble /usr/bin/cmake --install /home/r2/ros_ws/build/mpu6050driver
