-- * Found ROS2 humble
-- * ROS2 humble is officially supported by this package.
-- Found ament_cmake: 1.3.11 (/opt/ros/humble/share/ament_cmake/cmake)
-- Override CMake install command with custom implementation using symlinks instead of copying resources
-- Found ament_lint_auto: 0.12.11 (/opt/ros/humble/share/ament_lint_auto/cmake)
-- Found python_cmake_module: 0.10.0 (/opt/ros/humble/share/python_cmake_module/cmake)
-- Using PYTHON_EXECUTABLE: /usr/bin/python3
-- Using PYTHON_INCLUDE_DIRS: /usr/include/python3.10
-- Using PYTHON_LIBRARIES: /usr/lib/aarch64-linux-gnu/libpython3.10.so
-- Added test 'copyright' to check source files copyright and LICENSE
-- Added test 'flake8' to check Python code syntax and style conventions
-- Added test 'lint_cmake' to check CMake code style
-- Added test 'pep257' to check Python code against some of the docstring style conventions in PEP 257
-- Added test 'xmllint' to check XML markup files
-- Configuring done
-- Generating done
-- Build files have been written to: /home/r2/ros_ws/build/ldlidar_node
-- Install configuration: "Release"
-- Execute custom install script
-- Up-to-date symlink: /home/r2/ros_ws/install/ldlidar_node/share/ldlidar_node/params/ldlidar.yaml
-- Up-to-date symlink: /home/r2/ros_ws/install/ldlidar_node/share/ldlidar_node/params/lifecycle_mgr.yaml
-- Up-to-date symlink: /home/r2/ros_ws/install/ldlidar_node/share/ldlidar_node/params/lifecycle_mgr_slam.yaml
-- Up-to-date symlink: /home/r2/ros_ws/install/ldlidar_node/share/ldlidar_node/params/slam_toolbox.yaml
-- Up-to-date symlink: /home/r2/ros_ws/install/ldlidar_node/share/ldlidar_node/config/ldlidar.rviz
-- Up-to-date symlink: /home/r2/ros_ws/install/ldlidar_node/share/ldlidar_node/config/ldlidar_slam.rviz
-- Up-to-date symlink: /home/r2/ros_ws/install/ldlidar_node/share/ldlidar_node/urdf/ldlidar_descr.urdf.xml
-- Up-to-date symlink: /home/r2/ros_ws/install/ldlidar_node/share/ldlidar_node/urdf/model/LD19.stl
-- Up-to-date symlink: /home/r2/ros_ws/install/ldlidar_node/share/ldlidar_node/launch/ldlidar_bringup.launch.py
-- Up-to-date symlink: /home/r2/ros_ws/install/ldlidar_node/share/ldlidar_node/launch/ldlidar_rviz2.launch.py
-- Symlinking: /home/r2/ros_ws/install/ldlidar_node/share/ldlidar_node/launch/ldlidar_slam.launch (copy).py
-- Up-to-date symlink: /home/r2/ros_ws/install/ldlidar_node/share/ldlidar_node/launch/ldlidar_slam.launch.py
-- Up-to-date symlink: /home/r2/ros_ws/install/ldlidar_node/share/ldlidar_node/launch/ldlidar_with_mgr.launch.py
-- Up-to-date symlink: /home/r2/ros_ws/install/ldlidar_node/share/ament_index/resource_index/package_run_dependencies/ldlidar_node
-- Up-to-date symlink: /home/r2/ros_ws/install/ldlidar_node/share/ament_index/resource_index/parent_prefix_path/ldlidar_node
-- Up-to-date symlink: /home/r2/ros_ws/install/ldlidar_node/share/ldlidar_node/environment/ament_prefix_path.sh
-- Up-to-date symlink: /home/r2/ros_ws/install/ldlidar_node/share/ldlidar_node/environment/ament_prefix_path.dsv
-- Up-to-date symlink: /home/r2/ros_ws/install/ldlidar_node/share/ldlidar_node/environment/path.sh
-- Up-to-date symlink: /home/r2/ros_ws/install/ldlidar_node/share/ldlidar_node/environment/path.dsv
-- Up-to-date symlink: /home/r2/ros_ws/install/ldlidar_node/share/ldlidar_node/local_setup.bash
-- Up-to-date symlink: /home/r2/ros_ws/install/ldlidar_node/share/ldlidar_node/local_setup.sh
-- Up-to-date symlink: /home/r2/ros_ws/install/ldlidar_node/share/ldlidar_node/local_setup.zsh
-- Up-to-date symlink: /home/r2/ros_ws/install/ldlidar_node/share/ldlidar_node/local_setup.dsv
-- Symlinking: /home/r2/ros_ws/install/ldlidar_node/share/ldlidar_node/package.dsv
-- Up-to-date symlink: /home/r2/ros_ws/install/ldlidar_node/share/ament_index/resource_index/packages/ldlidar_node
-- Up-to-date symlink: /home/r2/ros_ws/install/ldlidar_node/share/ldlidar_node/cmake/ldlidar_nodeConfig.cmake
-- Up-to-date symlink: /home/r2/ros_ws/install/ldlidar_node/share/ldlidar_node/cmake/ldlidar_nodeConfig-version.cmake
-- Up-to-date symlink: /home/r2/ros_ws/install/ldlidar_node/share/ldlidar_node/package.xml
