[0.072s] Invoking command in '/home/r2/ros_ws/build/ldlidar_node': CMAKE_PREFIX_PATH=/home/r2/ros_ws/install/ldlidar_component:/home/r2/ros_ws/install/ldlidar:/home/r2/ros_ws/install/ldlidar_node:/home/r2/ros2_lidar/install/ldlidar_stl_ros2:/home/r2/ros2_lidar/install/obstacle_detector:/home/r2/ros2_lidar/install/my_launch:/home/r2/ros2_lidar/install/mpu6050_imu:/opt/ros/humble /usr/bin/cmake /home/r2/ros_ws/src/ldrobot-lidar-ros2/ldlidar_node -DCMAKE_INSTALL_PREFIX=/home/r2/ros_ws/install/ldlidar_node
[0.129s] -- * Found ROS2 humble
[0.130s] -- * ROS2 humble is officially supported by this package.
[0.131s] -- Found ament_cmake: 1.3.11 (/opt/ros/humble/share/ament_cmake/cmake)
[0.851s] -- Override CMake install command with custom implementation using symlinks instead of copying resources
[0.902s] -- Found ament_lint_auto: 0.12.11 (/opt/ros/humble/share/ament_lint_auto/cmake)
[2.031s] -- Found python_cmake_module: 0.10.0 (/opt/ros/humble/share/python_cmake_module/cmake)
[2.182s] -- Using PYTHON_EXECUTABLE: /usr/bin/python3
[2.183s] -- Using PYTHON_INCLUDE_DIRS: /usr/include/python3.10
[2.184s] -- Using PYTHON_LIBRARIES: /usr/lib/aarch64-linux-gnu/libpython3.10.so
[2.244s] -- Added test 'copyright' to check source files copyright and LICENSE
[2.283s] -- Added test 'flake8' to check Python code syntax and style conventions
[2.290s] -- Added test 'lint_cmake' to check CMake code style
[2.293s] -- Added test 'pep257' to check Python code against some of the docstring style conventions in PEP 257
[2.313s] -- Added test 'xmllint' to check XML markup files
[2.344s] -- Configuring done
[2.455s] -- Generating done
[2.475s] -- Build files have been written to: /home/r2/ros_ws/build/ldlidar_node
[2.487s] Invoked command in '/home/r2/ros_ws/build/ldlidar_node' returned '0': CMAKE_PREFIX_PATH=/home/r2/ros_ws/install/ldlidar_component:/home/r2/ros_ws/install/ldlidar:/home/r2/ros_ws/install/ldlidar_node:/home/r2/ros2_lidar/install/ldlidar_stl_ros2:/home/r2/ros2_lidar/install/obstacle_detector:/home/r2/ros2_lidar/install/my_launch:/home/r2/ros2_lidar/install/mpu6050_imu:/opt/ros/humble /usr/bin/cmake /home/r2/ros_ws/src/ldrobot-lidar-ros2/ldlidar_node -DCMAKE_INSTALL_PREFIX=/home/r2/ros_ws/install/ldlidar_node
[2.497s] Invoking command in '/home/r2/ros_ws/build/ldlidar_node': CMAKE_PREFIX_PATH=/home/r2/ros_ws/install/ldlidar_component:/home/r2/ros_ws/install/ldlidar:/home/r2/ros_ws/install/ldlidar_node:/home/r2/ros2_lidar/install/ldlidar_stl_ros2:/home/r2/ros2_lidar/install/obstacle_detector:/home/r2/ros2_lidar/install/my_launch:/home/r2/ros2_lidar/install/mpu6050_imu:/opt/ros/humble /usr/bin/cmake --build /home/r2/ros_ws/build/ldlidar_node -- -j4 -l4
[2.672s] Invoked command in '/home/r2/ros_ws/build/ldlidar_node' returned '0': CMAKE_PREFIX_PATH=/home/r2/ros_ws/install/ldlidar_component:/home/r2/ros_ws/install/ldlidar:/home/r2/ros_ws/install/ldlidar_node:/home/r2/ros2_lidar/install/ldlidar_stl_ros2:/home/r2/ros2_lidar/install/obstacle_detector:/home/r2/ros2_lidar/install/my_launch:/home/r2/ros2_lidar/install/mpu6050_imu:/opt/ros/humble /usr/bin/cmake --build /home/r2/ros_ws/build/ldlidar_node -- -j4 -l4
[2.690s] Invoking command in '/home/r2/ros_ws/build/ldlidar_node': CMAKE_PREFIX_PATH=/home/r2/ros_ws/install/ldlidar_component:/home/r2/ros_ws/install/ldlidar:/home/r2/ros_ws/install/ldlidar_node:/home/r2/ros2_lidar/install/ldlidar_stl_ros2:/home/r2/ros2_lidar/install/obstacle_detector:/home/r2/ros2_lidar/install/my_launch:/home/r2/ros2_lidar/install/mpu6050_imu:/opt/ros/humble /usr/bin/cmake --install /home/r2/ros_ws/build/ldlidar_node
[2.721s] -- Install configuration: "Release"
[2.723s] -- Execute custom install script
[2.725s] -- Up-to-date symlink: /home/r2/ros_ws/install/ldlidar_node/share/ldlidar_node/params/ldlidar.yaml
[2.726s] -- Up-to-date symlink: /home/r2/ros_ws/install/ldlidar_node/share/ldlidar_node/params/lifecycle_mgr.yaml
[2.727s] -- Up-to-date symlink: /home/r2/ros_ws/install/ldlidar_node/share/ldlidar_node/params/lifecycle_mgr_slam.yaml
[2.728s] -- Up-to-date symlink: /home/r2/ros_ws/install/ldlidar_node/share/ldlidar_node/params/slam_toolbox.yaml
[2.730s] -- Up-to-date symlink: /home/r2/ros_ws/install/ldlidar_node/share/ldlidar_node/config/ldlidar.rviz
[2.731s] -- Up-to-date symlink: /home/r2/ros_ws/install/ldlidar_node/share/ldlidar_node/config/ldlidar_slam.rviz
[2.733s] -- Up-to-date symlink: /home/r2/ros_ws/install/ldlidar_node/share/ldlidar_node/urdf/ldlidar_descr.urdf.xml
[2.733s] -- Up-to-date symlink: /home/r2/ros_ws/install/ldlidar_node/share/ldlidar_node/urdf/model/LD19.stl
[2.735s] -- Up-to-date symlink: /home/r2/ros_ws/install/ldlidar_node/share/ldlidar_node/launch/ldlidar_bringup.launch.py
[2.736s] -- Up-to-date symlink: /home/r2/ros_ws/install/ldlidar_node/share/ldlidar_node/launch/ldlidar_rviz2.launch.py
[2.738s] -- Symlinking: /home/r2/ros_ws/install/ldlidar_node/share/ldlidar_node/launch/ldlidar_slam.launch (copy).py
[2.777s] -- Up-to-date symlink: /home/r2/ros_ws/install/ldlidar_node/share/ldlidar_node/launch/ldlidar_slam.launch.py
[2.778s] -- Up-to-date symlink: /home/r2/ros_ws/install/ldlidar_node/share/ldlidar_node/launch/ldlidar_with_mgr.launch.py
[2.780s] -- Up-to-date symlink: /home/r2/ros_ws/install/ldlidar_node/share/ament_index/resource_index/package_run_dependencies/ldlidar_node
[2.782s] -- Up-to-date symlink: /home/r2/ros_ws/install/ldlidar_node/share/ament_index/resource_index/parent_prefix_path/ldlidar_node
[2.783s] -- Up-to-date symlink: /home/r2/ros_ws/install/ldlidar_node/share/ldlidar_node/environment/ament_prefix_path.sh
[2.784s] -- Up-to-date symlink: /home/r2/ros_ws/install/ldlidar_node/share/ldlidar_node/environment/ament_prefix_path.dsv
[2.788s] -- Up-to-date symlink: /home/r2/ros_ws/install/ldlidar_node/share/ldlidar_node/environment/path.sh
[2.790s] -- Up-to-date symlink: /home/r2/ros_ws/install/ldlidar_node/share/ldlidar_node/environment/path.dsv
[2.791s] -- Up-to-date symlink: /home/r2/ros_ws/install/ldlidar_node/share/ldlidar_node/local_setup.bash
[2.792s] -- Up-to-date symlink: /home/r2/ros_ws/install/ldlidar_node/share/ldlidar_node/local_setup.sh
[2.793s] -- Up-to-date symlink: /home/r2/ros_ws/install/ldlidar_node/share/ldlidar_node/local_setup.zsh
[2.794s] -- Up-to-date symlink: /home/r2/ros_ws/install/ldlidar_node/share/ldlidar_node/local_setup.dsv
[2.794s] -- Symlinking: /home/r2/ros_ws/install/ldlidar_node/share/ldlidar_node/package.dsv
[2.836s] -- Up-to-date symlink: /home/r2/ros_ws/install/ldlidar_node/share/ament_index/resource_index/packages/ldlidar_node
[2.838s] -- Up-to-date symlink: /home/r2/ros_ws/install/ldlidar_node/share/ldlidar_node/cmake/ldlidar_nodeConfig.cmake
[2.839s] -- Up-to-date symlink: /home/r2/ros_ws/install/ldlidar_node/share/ldlidar_node/cmake/ldlidar_nodeConfig-version.cmake
[2.840s] -- Up-to-date symlink: /home/r2/ros_ws/install/ldlidar_node/share/ldlidar_node/package.xml
[2.848s] Invoked command in '/home/r2/ros_ws/build/ldlidar_node' returned '0': CMAKE_PREFIX_PATH=/home/r2/ros_ws/install/ldlidar_component:/home/r2/ros_ws/install/ldlidar:/home/r2/ros_ws/install/ldlidar_node:/home/r2/ros2_lidar/install/ldlidar_stl_ros2:/home/r2/ros2_lidar/install/obstacle_detector:/home/r2/ros2_lidar/install/my_launch:/home/r2/ros2_lidar/install/mpu6050_imu:/opt/ros/humble /usr/bin/cmake --install /home/r2/ros_ws/build/ldlidar_node
