[0.511s] DEBUG:colcon:Command line arguments: ['/usr/bin/colcon', 'build']
[0.511s] DEBUG:colcon:Parsed command line arguments: Namespace(log_base=None, log_level=None, verb_name='build', build_base='build', install_base='install', merge_install=False, symlink_install=False, test_result_base=None, continue_on_error=False, executor='parallel', parallel_workers=4, event_handlers=None, ignore_user_meta=False, metas=['./colcon.meta'], base_paths=['.'], packages_ignore=None, packages_ignore_regex=None, paths=None, packages_up_to=None, packages_up_to_regex=None, packages_above=None, packages_above_and_dependencies=None, packages_above_depth=None, packages_select_by_dep=None, packages_skip_by_dep=None, packages_skip_up_to=None, packages_select_build_failed=False, packages_skip_build_finished=False, packages_select_test_failures=False, packages_skip_test_passed=False, packages_select=None, packages_skip=None, packages_select_regex=None, packages_skip_regex=None, packages_start=None, packages_end=None, allow_overriding=[], cmake_args=None, cmake_target=None, cmake_target_skip_unavailable=False, cmake_clean_cache=False, cmake_clean_first=False, cmake_force_configure=False, ament_cmake_args=None, catkin_cmake_args=None, catkin_skip_building_tests=False, verb_parser=<colcon_defaults.argument_parser.defaults.DefaultArgumentsDecorator object at 0xffffaad57ca0>, verb_extension=<colcon_core.verb.build.BuildVerb object at 0xffffaaeb1000>, main=<bound method BuildVerb.main of <colcon_core.verb.build.BuildVerb object at 0xffffaaeb1000>>)
[1.496s] Level 1:colcon.colcon_core.package_discovery:discover_packages(colcon_meta) check parameters
[1.497s] Level 1:colcon.colcon_core.package_discovery:discover_packages(recursive) check parameters
[1.497s] Level 1:colcon.colcon_core.package_discovery:discover_packages(ignore) check parameters
[1.498s] Level 1:colcon.colcon_core.package_discovery:discover_packages(path) check parameters
[1.498s] Level 1:colcon.colcon_core.package_discovery:discover_packages(colcon_meta) discover
[1.498s] Level 1:colcon.colcon_core.package_discovery:discover_packages(recursive) discover
[1.498s] INFO:colcon.colcon_core.package_discovery:Crawling recursively for packages in '/home/r2/ros_ws'
[1.499s] Level 1:colcon.colcon_core.package_identification:_identify(.) by extensions ['ignore', 'ignore_ament_install']
[1.500s] Level 1:colcon.colcon_core.package_identification:_identify(.) by extension 'ignore'
[1.500s] Level 1:colcon.colcon_core.package_identification:_identify(.) by extension 'ignore_ament_install'
[1.501s] Level 1:colcon.colcon_core.package_identification:_identify(.) by extensions ['colcon_pkg']
[1.501s] Level 1:colcon.colcon_core.package_identification:_identify(.) by extension 'colcon_pkg'
[1.501s] Level 1:colcon.colcon_core.package_identification:_identify(.) by extensions ['colcon_meta']
[1.501s] Level 1:colcon.colcon_core.package_identification:_identify(.) by extension 'colcon_meta'
[1.502s] Level 1:colcon.colcon_core.package_identification:_identify(.) by extensions ['ros']
[1.502s] Level 1:colcon.colcon_core.package_identification:_identify(.) by extension 'ros'
[1.560s] Level 1:colcon.colcon_core.package_identification:_identify(.) by extensions ['cmake', 'python']
[1.560s] Level 1:colcon.colcon_core.package_identification:_identify(.) by extension 'cmake'
[1.560s] Level 1:colcon.colcon_core.package_identification:_identify(.) by extension 'python'
[1.561s] Level 1:colcon.colcon_core.package_identification:_identify(.) by extensions ['python_setup_py']
[1.561s] Level 1:colcon.colcon_core.package_identification:_identify(.) by extension 'python_setup_py'
[1.561s] Level 1:colcon.colcon_core.package_identification:_identify(build) by extensions ['ignore', 'ignore_ament_install']
[1.562s] Level 1:colcon.colcon_core.package_identification:_identify(build) by extension 'ignore'
[1.562s] Level 1:colcon.colcon_core.package_identification:_identify(build) ignored
[1.563s] Level 1:colcon.colcon_core.package_identification:_identify(install) by extensions ['ignore', 'ignore_ament_install']
[1.563s] Level 1:colcon.colcon_core.package_identification:_identify(install) by extension 'ignore'
[1.563s] Level 1:colcon.colcon_core.package_identification:_identify(install) ignored
[1.564s] Level 1:colcon.colcon_core.package_identification:_identify(log) by extensions ['ignore', 'ignore_ament_install']
[1.564s] Level 1:colcon.colcon_core.package_identification:_identify(log) by extension 'ignore'
[1.565s] Level 1:colcon.colcon_core.package_identification:_identify(log) ignored
[1.565s] Level 1:colcon.colcon_core.package_identification:_identify(src) by extensions ['ignore', 'ignore_ament_install']
[1.565s] Level 1:colcon.colcon_core.package_identification:_identify(src) by extension 'ignore'
[1.566s] Level 1:colcon.colcon_core.package_identification:_identify(src) by extension 'ignore_ament_install'
[1.566s] Level 1:colcon.colcon_core.package_identification:_identify(src) by extensions ['colcon_pkg']
[1.566s] Level 1:colcon.colcon_core.package_identification:_identify(src) by extension 'colcon_pkg'
[1.566s] Level 1:colcon.colcon_core.package_identification:_identify(src) by extensions ['colcon_meta']
[1.566s] Level 1:colcon.colcon_core.package_identification:_identify(src) by extension 'colcon_meta'
[1.567s] Level 1:colcon.colcon_core.package_identification:_identify(src) by extensions ['ros']
[1.567s] Level 1:colcon.colcon_core.package_identification:_identify(src) by extension 'ros'
[1.567s] Level 1:colcon.colcon_core.package_identification:_identify(src) by extensions ['cmake', 'python']
[1.567s] Level 1:colcon.colcon_core.package_identification:_identify(src) by extension 'cmake'
[1.567s] Level 1:colcon.colcon_core.package_identification:_identify(src) by extension 'python'
[1.568s] Level 1:colcon.colcon_core.package_identification:_identify(src) by extensions ['python_setup_py']
[1.568s] Level 1:colcon.colcon_core.package_identification:_identify(src) by extension 'python_setup_py'
[1.568s] Level 1:colcon.colcon_core.package_identification:_identify(src/ldrobot-lidar-ros2) by extensions ['ignore', 'ignore_ament_install']
[1.569s] Level 1:colcon.colcon_core.package_identification:_identify(src/ldrobot-lidar-ros2) by extension 'ignore'
[1.569s] Level 1:colcon.colcon_core.package_identification:_identify(src/ldrobot-lidar-ros2) by extension 'ignore_ament_install'
[1.569s] Level 1:colcon.colcon_core.package_identification:_identify(src/ldrobot-lidar-ros2) by extensions ['colcon_pkg']
[1.569s] Level 1:colcon.colcon_core.package_identification:_identify(src/ldrobot-lidar-ros2) by extension 'colcon_pkg'
[1.570s] Level 1:colcon.colcon_core.package_identification:_identify(src/ldrobot-lidar-ros2) by extensions ['colcon_meta']
[1.570s] Level 1:colcon.colcon_core.package_identification:_identify(src/ldrobot-lidar-ros2) by extension 'colcon_meta'
[1.570s] Level 1:colcon.colcon_core.package_identification:_identify(src/ldrobot-lidar-ros2) by extensions ['ros']
[1.570s] Level 1:colcon.colcon_core.package_identification:_identify(src/ldrobot-lidar-ros2) by extension 'ros'
[1.571s] Level 1:colcon.colcon_core.package_identification:_identify(src/ldrobot-lidar-ros2) by extensions ['cmake', 'python']
[1.571s] Level 1:colcon.colcon_core.package_identification:_identify(src/ldrobot-lidar-ros2) by extension 'cmake'
[1.571s] Level 1:colcon.colcon_core.package_identification:_identify(src/ldrobot-lidar-ros2) by extension 'python'
[1.571s] Level 1:colcon.colcon_core.package_identification:_identify(src/ldrobot-lidar-ros2) by extensions ['python_setup_py']
[1.571s] Level 1:colcon.colcon_core.package_identification:_identify(src/ldrobot-lidar-ros2) by extension 'python_setup_py'
[1.572s] Level 1:colcon.colcon_core.package_identification:_identify(src/ldrobot-lidar-ros2/3d_model) by extensions ['ignore', 'ignore_ament_install']
[1.572s] Level 1:colcon.colcon_core.package_identification:_identify(src/ldrobot-lidar-ros2/3d_model) by extension 'ignore'
[1.572s] Level 1:colcon.colcon_core.package_identification:_identify(src/ldrobot-lidar-ros2/3d_model) by extension 'ignore_ament_install'
[1.573s] Level 1:colcon.colcon_core.package_identification:_identify(src/ldrobot-lidar-ros2/3d_model) by extensions ['colcon_pkg']
[1.573s] Level 1:colcon.colcon_core.package_identification:_identify(src/ldrobot-lidar-ros2/3d_model) by extension 'colcon_pkg'
[1.573s] Level 1:colcon.colcon_core.package_identification:_identify(src/ldrobot-lidar-ros2/3d_model) by extensions ['colcon_meta']
[1.573s] Level 1:colcon.colcon_core.package_identification:_identify(src/ldrobot-lidar-ros2/3d_model) by extension 'colcon_meta'
[1.573s] Level 1:colcon.colcon_core.package_identification:_identify(src/ldrobot-lidar-ros2/3d_model) by extensions ['ros']
[1.573s] Level 1:colcon.colcon_core.package_identification:_identify(src/ldrobot-lidar-ros2/3d_model) by extension 'ros'
[1.574s] Level 1:colcon.colcon_core.package_identification:_identify(src/ldrobot-lidar-ros2/3d_model) by extensions ['cmake', 'python']
[1.574s] Level 1:colcon.colcon_core.package_identification:_identify(src/ldrobot-lidar-ros2/3d_model) by extension 'cmake'
[1.574s] Level 1:colcon.colcon_core.package_identification:_identify(src/ldrobot-lidar-ros2/3d_model) by extension 'python'
[1.574s] Level 1:colcon.colcon_core.package_identification:_identify(src/ldrobot-lidar-ros2/3d_model) by extensions ['python_setup_py']
[1.574s] Level 1:colcon.colcon_core.package_identification:_identify(src/ldrobot-lidar-ros2/3d_model) by extension 'python_setup_py'
[1.575s] Level 1:colcon.colcon_core.package_identification:_identify(src/ldrobot-lidar-ros2/config) by extensions ['ignore', 'ignore_ament_install']
[1.575s] Level 1:colcon.colcon_core.package_identification:_identify(src/ldrobot-lidar-ros2/config) by extension 'ignore'
[1.576s] Level 1:colcon.colcon_core.package_identification:_identify(src/ldrobot-lidar-ros2/config) by extension 'ignore_ament_install'
[1.576s] Level 1:colcon.colcon_core.package_identification:_identify(src/ldrobot-lidar-ros2/config) by extensions ['colcon_pkg']
[1.576s] Level 1:colcon.colcon_core.package_identification:_identify(src/ldrobot-lidar-ros2/config) by extension 'colcon_pkg'
[1.576s] Level 1:colcon.colcon_core.package_identification:_identify(src/ldrobot-lidar-ros2/config) by extensions ['colcon_meta']
[1.576s] Level 1:colcon.colcon_core.package_identification:_identify(src/ldrobot-lidar-ros2/config) by extension 'colcon_meta'
[1.577s] Level 1:colcon.colcon_core.package_identification:_identify(src/ldrobot-lidar-ros2/config) by extensions ['ros']
[1.577s] Level 1:colcon.colcon_core.package_identification:_identify(src/ldrobot-lidar-ros2/config) by extension 'ros'
[1.577s] Level 1:colcon.colcon_core.package_identification:_identify(src/ldrobot-lidar-ros2/config) by extensions ['cmake', 'python']
[1.577s] Level 1:colcon.colcon_core.package_identification:_identify(src/ldrobot-lidar-ros2/config) by extension 'cmake'
[1.578s] Level 1:colcon.colcon_core.package_identification:_identify(src/ldrobot-lidar-ros2/config) by extension 'python'
[1.578s] Level 1:colcon.colcon_core.package_identification:_identify(src/ldrobot-lidar-ros2/config) by extensions ['python_setup_py']
[1.578s] Level 1:colcon.colcon_core.package_identification:_identify(src/ldrobot-lidar-ros2/config) by extension 'python_setup_py'
[1.578s] Level 1:colcon.colcon_core.package_identification:_identify(src/ldrobot-lidar-ros2/docs) by extensions ['ignore', 'ignore_ament_install']
[1.579s] Level 1:colcon.colcon_core.package_identification:_identify(src/ldrobot-lidar-ros2/docs) by extension 'ignore'
[1.579s] Level 1:colcon.colcon_core.package_identification:_identify(src/ldrobot-lidar-ros2/docs) by extension 'ignore_ament_install'
[1.579s] Level 1:colcon.colcon_core.package_identification:_identify(src/ldrobot-lidar-ros2/docs) by extensions ['colcon_pkg']
[1.579s] Level 1:colcon.colcon_core.package_identification:_identify(src/ldrobot-lidar-ros2/docs) by extension 'colcon_pkg'
[1.580s] Level 1:colcon.colcon_core.package_identification:_identify(src/ldrobot-lidar-ros2/docs) by extensions ['colcon_meta']
[1.580s] Level 1:colcon.colcon_core.package_identification:_identify(src/ldrobot-lidar-ros2/docs) by extension 'colcon_meta'
[1.580s] Level 1:colcon.colcon_core.package_identification:_identify(src/ldrobot-lidar-ros2/docs) by extensions ['ros']
[1.580s] Level 1:colcon.colcon_core.package_identification:_identify(src/ldrobot-lidar-ros2/docs) by extension 'ros'
[1.581s] Level 1:colcon.colcon_core.package_identification:_identify(src/ldrobot-lidar-ros2/docs) by extensions ['cmake', 'python']
[1.581s] Level 1:colcon.colcon_core.package_identification:_identify(src/ldrobot-lidar-ros2/docs) by extension 'cmake'
[1.581s] Level 1:colcon.colcon_core.package_identification:_identify(src/ldrobot-lidar-ros2/docs) by extension 'python'
[1.581s] Level 1:colcon.colcon_core.package_identification:_identify(src/ldrobot-lidar-ros2/docs) by extensions ['python_setup_py']
[1.581s] Level 1:colcon.colcon_core.package_identification:_identify(src/ldrobot-lidar-ros2/docs) by extension 'python_setup_py'
[1.582s] Level 1:colcon.colcon_core.package_identification:_identify(src/ldrobot-lidar-ros2/images) by extensions ['ignore', 'ignore_ament_install']
[1.582s] Level 1:colcon.colcon_core.package_identification:_identify(src/ldrobot-lidar-ros2/images) by extension 'ignore'
[1.582s] Level 1:colcon.colcon_core.package_identification:_identify(src/ldrobot-lidar-ros2/images) by extension 'ignore_ament_install'
[1.583s] Level 1:colcon.colcon_core.package_identification:_identify(src/ldrobot-lidar-ros2/images) by extensions ['colcon_pkg']
[1.583s] Level 1:colcon.colcon_core.package_identification:_identify(src/ldrobot-lidar-ros2/images) by extension 'colcon_pkg'
[1.583s] Level 1:colcon.colcon_core.package_identification:_identify(src/ldrobot-lidar-ros2/images) by extensions ['colcon_meta']
[1.583s] Level 1:colcon.colcon_core.package_identification:_identify(src/ldrobot-lidar-ros2/images) by extension 'colcon_meta'
[1.583s] Level 1:colcon.colcon_core.package_identification:_identify(src/ldrobot-lidar-ros2/images) by extensions ['ros']
[1.583s] Level 1:colcon.colcon_core.package_identification:_identify(src/ldrobot-lidar-ros2/images) by extension 'ros'
[1.584s] Level 1:colcon.colcon_core.package_identification:_identify(src/ldrobot-lidar-ros2/images) by extensions ['cmake', 'python']
[1.584s] Level 1:colcon.colcon_core.package_identification:_identify(src/ldrobot-lidar-ros2/images) by extension 'cmake'
[1.584s] Level 1:colcon.colcon_core.package_identification:_identify(src/ldrobot-lidar-ros2/images) by extension 'python'
[1.584s] Level 1:colcon.colcon_core.package_identification:_identify(src/ldrobot-lidar-ros2/images) by extensions ['python_setup_py']
[1.585s] Level 1:colcon.colcon_core.package_identification:_identify(src/ldrobot-lidar-ros2/images) by extension 'python_setup_py'
[1.585s] Level 1:colcon.colcon_core.package_identification:_identify(src/ldrobot-lidar-ros2/ldlidar) by extensions ['ignore', 'ignore_ament_install']
[1.586s] Level 1:colcon.colcon_core.package_identification:_identify(src/ldrobot-lidar-ros2/ldlidar) by extension 'ignore'
[1.586s] Level 1:colcon.colcon_core.package_identification:_identify(src/ldrobot-lidar-ros2/ldlidar) by extension 'ignore_ament_install'
[1.586s] Level 1:colcon.colcon_core.package_identification:_identify(src/ldrobot-lidar-ros2/ldlidar) by extensions ['colcon_pkg']
[1.586s] Level 1:colcon.colcon_core.package_identification:_identify(src/ldrobot-lidar-ros2/ldlidar) by extension 'colcon_pkg'
[1.586s] Level 1:colcon.colcon_core.package_identification:_identify(src/ldrobot-lidar-ros2/ldlidar) by extensions ['colcon_meta']
[1.587s] Level 1:colcon.colcon_core.package_identification:_identify(src/ldrobot-lidar-ros2/ldlidar) by extension 'colcon_meta'
[1.587s] Level 1:colcon.colcon_core.package_identification:_identify(src/ldrobot-lidar-ros2/ldlidar) by extensions ['ros']
[1.587s] Level 1:colcon.colcon_core.package_identification:_identify(src/ldrobot-lidar-ros2/ldlidar) by extension 'ros'
[1.596s] DEBUG:colcon.colcon_core.package_identification:Package 'src/ldrobot-lidar-ros2/ldlidar' with type 'ros.ament_cmake' and name 'ldlidar'
[1.597s] Level 1:colcon.colcon_core.package_identification:_identify(src/ldrobot-lidar-ros2/ldlidar_component) by extensions ['ignore', 'ignore_ament_install']
[1.598s] Level 1:colcon.colcon_core.package_identification:_identify(src/ldrobot-lidar-ros2/ldlidar_component) by extension 'ignore'
[1.598s] Level 1:colcon.colcon_core.package_identification:_identify(src/ldrobot-lidar-ros2/ldlidar_component) by extension 'ignore_ament_install'
[1.598s] Level 1:colcon.colcon_core.package_identification:_identify(src/ldrobot-lidar-ros2/ldlidar_component) by extensions ['colcon_pkg']
[1.598s] Level 1:colcon.colcon_core.package_identification:_identify(src/ldrobot-lidar-ros2/ldlidar_component) by extension 'colcon_pkg'
[1.599s] Level 1:colcon.colcon_core.package_identification:_identify(src/ldrobot-lidar-ros2/ldlidar_component) by extensions ['colcon_meta']
[1.599s] Level 1:colcon.colcon_core.package_identification:_identify(src/ldrobot-lidar-ros2/ldlidar_component) by extension 'colcon_meta'
[1.599s] Level 1:colcon.colcon_core.package_identification:_identify(src/ldrobot-lidar-ros2/ldlidar_component) by extensions ['ros']
[1.599s] Level 1:colcon.colcon_core.package_identification:_identify(src/ldrobot-lidar-ros2/ldlidar_component) by extension 'ros'
[1.606s] DEBUG:colcon.colcon_core.package_identification:Package 'src/ldrobot-lidar-ros2/ldlidar_component' with type 'ros.ament_cmake' and name 'ldlidar_component'
[1.607s] Level 1:colcon.colcon_core.package_identification:_identify(src/ldrobot-lidar-ros2/ldlidar_node) by extensions ['ignore', 'ignore_ament_install']
[1.607s] Level 1:colcon.colcon_core.package_identification:_identify(src/ldrobot-lidar-ros2/ldlidar_node) by extension 'ignore'
[1.607s] Level 1:colcon.colcon_core.package_identification:_identify(src/ldrobot-lidar-ros2/ldlidar_node) by extension 'ignore_ament_install'
[1.608s] Level 1:colcon.colcon_core.package_identification:_identify(src/ldrobot-lidar-ros2/ldlidar_node) by extensions ['colcon_pkg']
[1.608s] Level 1:colcon.colcon_core.package_identification:_identify(src/ldrobot-lidar-ros2/ldlidar_node) by extension 'colcon_pkg'
[1.608s] Level 1:colcon.colcon_core.package_identification:_identify(src/ldrobot-lidar-ros2/ldlidar_node) by extensions ['colcon_meta']
[1.608s] Level 1:colcon.colcon_core.package_identification:_identify(src/ldrobot-lidar-ros2/ldlidar_node) by extension 'colcon_meta'
[1.608s] Level 1:colcon.colcon_core.package_identification:_identify(src/ldrobot-lidar-ros2/ldlidar_node) by extensions ['ros']
[1.608s] Level 1:colcon.colcon_core.package_identification:_identify(src/ldrobot-lidar-ros2/ldlidar_node) by extension 'ros'
[1.612s] DEBUG:colcon.colcon_core.package_identification:Package 'src/ldrobot-lidar-ros2/ldlidar_node' with type 'ros.ament_cmake' and name 'ldlidar_node'
[1.612s] Level 1:colcon.colcon_core.package_identification:_identify(src/ldrobot-lidar-ros2/rules) by extensions ['ignore', 'ignore_ament_install']
[1.613s] Level 1:colcon.colcon_core.package_identification:_identify(src/ldrobot-lidar-ros2/rules) by extension 'ignore'
[1.613s] Level 1:colcon.colcon_core.package_identification:_identify(src/ldrobot-lidar-ros2/rules) by extension 'ignore_ament_install'
[1.613s] Level 1:colcon.colcon_core.package_identification:_identify(src/ldrobot-lidar-ros2/rules) by extensions ['colcon_pkg']
[1.614s] Level 1:colcon.colcon_core.package_identification:_identify(src/ldrobot-lidar-ros2/rules) by extension 'colcon_pkg'
[1.614s] Level 1:colcon.colcon_core.package_identification:_identify(src/ldrobot-lidar-ros2/rules) by extensions ['colcon_meta']
[1.614s] Level 1:colcon.colcon_core.package_identification:_identify(src/ldrobot-lidar-ros2/rules) by extension 'colcon_meta'
[1.614s] Level 1:colcon.colcon_core.package_identification:_identify(src/ldrobot-lidar-ros2/rules) by extensions ['ros']
[1.614s] Level 1:colcon.colcon_core.package_identification:_identify(src/ldrobot-lidar-ros2/rules) by extension 'ros'
[1.615s] Level 1:colcon.colcon_core.package_identification:_identify(src/ldrobot-lidar-ros2/rules) by extensions ['cmake', 'python']
[1.615s] Level 1:colcon.colcon_core.package_identification:_identify(src/ldrobot-lidar-ros2/rules) by extension 'cmake'
[1.615s] Level 1:colcon.colcon_core.package_identification:_identify(src/ldrobot-lidar-ros2/rules) by extension 'python'
[1.615s] Level 1:colcon.colcon_core.package_identification:_identify(src/ldrobot-lidar-ros2/rules) by extensions ['python_setup_py']
[1.615s] Level 1:colcon.colcon_core.package_identification:_identify(src/ldrobot-lidar-ros2/rules) by extension 'python_setup_py'
[1.616s] Level 1:colcon.colcon_core.package_identification:_identify(src/ldrobot-lidar-ros2/scripts) by extensions ['ignore', 'ignore_ament_install']
[1.616s] Level 1:colcon.colcon_core.package_identification:_identify(src/ldrobot-lidar-ros2/scripts) by extension 'ignore'
[1.617s] Level 1:colcon.colcon_core.package_identification:_identify(src/ldrobot-lidar-ros2/scripts) by extension 'ignore_ament_install'
[1.617s] Level 1:colcon.colcon_core.package_identification:_identify(src/ldrobot-lidar-ros2/scripts) by extensions ['colcon_pkg']
[1.617s] Level 1:colcon.colcon_core.package_identification:_identify(src/ldrobot-lidar-ros2/scripts) by extension 'colcon_pkg'
[1.617s] Level 1:colcon.colcon_core.package_identification:_identify(src/ldrobot-lidar-ros2/scripts) by extensions ['colcon_meta']
[1.617s] Level 1:colcon.colcon_core.package_identification:_identify(src/ldrobot-lidar-ros2/scripts) by extension 'colcon_meta'
[1.618s] Level 1:colcon.colcon_core.package_identification:_identify(src/ldrobot-lidar-ros2/scripts) by extensions ['ros']
[1.618s] Level 1:colcon.colcon_core.package_identification:_identify(src/ldrobot-lidar-ros2/scripts) by extension 'ros'
[1.618s] Level 1:colcon.colcon_core.package_identification:_identify(src/ldrobot-lidar-ros2/scripts) by extensions ['cmake', 'python']
[1.618s] Level 1:colcon.colcon_core.package_identification:_identify(src/ldrobot-lidar-ros2/scripts) by extension 'cmake'
[1.618s] Level 1:colcon.colcon_core.package_identification:_identify(src/ldrobot-lidar-ros2/scripts) by extension 'python'
[1.619s] Level 1:colcon.colcon_core.package_identification:_identify(src/ldrobot-lidar-ros2/scripts) by extensions ['python_setup_py']
[1.619s] Level 1:colcon.colcon_core.package_identification:_identify(src/ldrobot-lidar-ros2/scripts) by extension 'python_setup_py'
[1.619s] Level 1:colcon.colcon_core.package_identification:_identify(src/ros2_mpu6050_driver) by extensions ['ignore', 'ignore_ament_install']
[1.620s] Level 1:colcon.colcon_core.package_identification:_identify(src/ros2_mpu6050_driver) by extension 'ignore'
[1.620s] Level 1:colcon.colcon_core.package_identification:_identify(src/ros2_mpu6050_driver) by extension 'ignore_ament_install'
[1.620s] Level 1:colcon.colcon_core.package_identification:_identify(src/ros2_mpu6050_driver) by extensions ['colcon_pkg']
[1.620s] Level 1:colcon.colcon_core.package_identification:_identify(src/ros2_mpu6050_driver) by extension 'colcon_pkg'
[1.621s] Level 1:colcon.colcon_core.package_identification:_identify(src/ros2_mpu6050_driver) by extensions ['colcon_meta']
[1.621s] Level 1:colcon.colcon_core.package_identification:_identify(src/ros2_mpu6050_driver) by extension 'colcon_meta'
[1.621s] Level 1:colcon.colcon_core.package_identification:_identify(src/ros2_mpu6050_driver) by extensions ['ros']
[1.621s] Level 1:colcon.colcon_core.package_identification:_identify(src/ros2_mpu6050_driver) by extension 'ros'
[1.623s] DEBUG:colcon.colcon_core.package_identification:Package 'src/ros2_mpu6050_driver' with type 'ros.ament_cmake' and name 'mpu6050driver'
[1.624s] Level 1:colcon.colcon_core.package_discovery:discover_packages(recursive) using defaults
[1.624s] Level 1:colcon.colcon_core.package_discovery:discover_packages(ignore) discover
[1.624s] Level 1:colcon.colcon_core.package_discovery:discover_packages(ignore) using defaults
[1.624s] Level 1:colcon.colcon_core.package_discovery:discover_packages(path) discover
[1.624s] Level 1:colcon.colcon_core.package_discovery:discover_packages(path) using defaults
[1.765s] Level 1:colcon.colcon_core.package_discovery:discover_packages(prefix_path) check parameters
[1.766s] Level 1:colcon.colcon_core.package_discovery:discover_packages(prefix_path) discover
[1.777s] DEBUG:colcon.colcon_installed_package_information.package_discovery:Found 4 installed packages in /home/r2/ros_ws/install
[1.780s] DEBUG:colcon.colcon_installed_package_information.package_discovery:Found 4 installed packages in /home/r2/ros2_lidar/install
[1.791s] DEBUG:colcon.colcon_installed_package_information.package_discovery:Found 284 installed packages in /opt/ros/humble
[1.799s] Level 1:colcon.colcon_core.package_discovery:discover_packages(prefix_path) using defaults
[2.001s] Level 5:colcon.colcon_core.verb:set package 'ldlidar_component' build argument 'cmake_args' from command line to 'None'
[2.002s] Level 5:colcon.colcon_core.verb:set package 'ldlidar_component' build argument 'cmake_target' from command line to 'None'
[2.002s] Level 5:colcon.colcon_core.verb:set package 'ldlidar_component' build argument 'cmake_target_skip_unavailable' from command line to 'False'
[2.002s] Level 5:colcon.colcon_core.verb:set package 'ldlidar_component' build argument 'cmake_clean_cache' from command line to 'False'
[2.002s] Level 5:colcon.colcon_core.verb:set package 'ldlidar_component' build argument 'cmake_clean_first' from command line to 'False'
[2.002s] Level 5:colcon.colcon_core.verb:set package 'ldlidar_component' build argument 'cmake_force_configure' from command line to 'False'
[2.002s] Level 5:colcon.colcon_core.verb:set package 'ldlidar_component' build argument 'ament_cmake_args' from command line to 'None'
[2.002s] Level 5:colcon.colcon_core.verb:set package 'ldlidar_component' build argument 'catkin_cmake_args' from command line to 'None'
[2.003s] Level 5:colcon.colcon_core.verb:set package 'ldlidar_component' build argument 'catkin_skip_building_tests' from command line to 'False'
[2.003s] DEBUG:colcon.colcon_core.verb:Building package 'ldlidar_component' with the following arguments: {'ament_cmake_args': None, 'build_base': '/home/r2/ros_ws/build/ldlidar_component', 'catkin_cmake_args': None, 'catkin_skip_building_tests': False, 'cmake_args': None, 'cmake_clean_cache': False, 'cmake_clean_first': False, 'cmake_force_configure': False, 'cmake_target': None, 'cmake_target_skip_unavailable': False, 'install_base': '/home/r2/ros_ws/install/ldlidar_component', 'merge_install': False, 'path': '/home/r2/ros_ws/src/ldrobot-lidar-ros2/ldlidar_component', 'symlink_install': False, 'test_result_base': None}
[2.004s] Level 5:colcon.colcon_core.verb:set package 'mpu6050driver' build argument 'cmake_args' from command line to 'None'
[2.005s] Level 5:colcon.colcon_core.verb:set package 'mpu6050driver' build argument 'cmake_target' from command line to 'None'
[2.005s] Level 5:colcon.colcon_core.verb:set package 'mpu6050driver' build argument 'cmake_target_skip_unavailable' from command line to 'False'
[2.005s] Level 5:colcon.colcon_core.verb:set package 'mpu6050driver' build argument 'cmake_clean_cache' from command line to 'False'
[2.005s] Level 5:colcon.colcon_core.verb:set package 'mpu6050driver' build argument 'cmake_clean_first' from command line to 'False'
[2.005s] Level 5:colcon.colcon_core.verb:set package 'mpu6050driver' build argument 'cmake_force_configure' from command line to 'False'
[2.005s] Level 5:colcon.colcon_core.verb:set package 'mpu6050driver' build argument 'ament_cmake_args' from command line to 'None'
[2.005s] Level 5:colcon.colcon_core.verb:set package 'mpu6050driver' build argument 'catkin_cmake_args' from command line to 'None'
[2.005s] Level 5:colcon.colcon_core.verb:set package 'mpu6050driver' build argument 'catkin_skip_building_tests' from command line to 'False'
[2.006s] DEBUG:colcon.colcon_core.verb:Building package 'mpu6050driver' with the following arguments: {'ament_cmake_args': None, 'build_base': '/home/r2/ros_ws/build/mpu6050driver', 'catkin_cmake_args': None, 'catkin_skip_building_tests': False, 'cmake_args': None, 'cmake_clean_cache': False, 'cmake_clean_first': False, 'cmake_force_configure': False, 'cmake_target': None, 'cmake_target_skip_unavailable': False, 'install_base': '/home/r2/ros_ws/install/mpu6050driver', 'merge_install': False, 'path': '/home/r2/ros_ws/src/ros2_mpu6050_driver', 'symlink_install': False, 'test_result_base': None}
[2.007s] Level 5:colcon.colcon_core.verb:set package 'ldlidar_node' build argument 'cmake_args' from command line to 'None'
[2.007s] Level 5:colcon.colcon_core.verb:set package 'ldlidar_node' build argument 'cmake_target' from command line to 'None'
[2.008s] Level 5:colcon.colcon_core.verb:set package 'ldlidar_node' build argument 'cmake_target_skip_unavailable' from command line to 'False'
[2.008s] Level 5:colcon.colcon_core.verb:set package 'ldlidar_node' build argument 'cmake_clean_cache' from command line to 'False'
[2.008s] Level 5:colcon.colcon_core.verb:set package 'ldlidar_node' build argument 'cmake_clean_first' from command line to 'False'
[2.008s] Level 5:colcon.colcon_core.verb:set package 'ldlidar_node' build argument 'cmake_force_configure' from command line to 'False'
[2.008s] Level 5:colcon.colcon_core.verb:set package 'ldlidar_node' build argument 'ament_cmake_args' from command line to 'None'
[2.008s] Level 5:colcon.colcon_core.verb:set package 'ldlidar_node' build argument 'catkin_cmake_args' from command line to 'None'
[2.008s] Level 5:colcon.colcon_core.verb:set package 'ldlidar_node' build argument 'catkin_skip_building_tests' from command line to 'False'
[2.009s] DEBUG:colcon.colcon_core.verb:Building package 'ldlidar_node' with the following arguments: {'ament_cmake_args': None, 'build_base': '/home/r2/ros_ws/build/ldlidar_node', 'catkin_cmake_args': None, 'catkin_skip_building_tests': False, 'cmake_args': None, 'cmake_clean_cache': False, 'cmake_clean_first': False, 'cmake_force_configure': False, 'cmake_target': None, 'cmake_target_skip_unavailable': False, 'install_base': '/home/r2/ros_ws/install/ldlidar_node', 'merge_install': False, 'path': '/home/r2/ros_ws/src/ldrobot-lidar-ros2/ldlidar_node', 'symlink_install': False, 'test_result_base': None}
[2.010s] Level 5:colcon.colcon_core.verb:set package 'ldlidar' build argument 'cmake_args' from command line to 'None'
[2.010s] Level 5:colcon.colcon_core.verb:set package 'ldlidar' build argument 'cmake_target' from command line to 'None'
[2.010s] Level 5:colcon.colcon_core.verb:set package 'ldlidar' build argument 'cmake_target_skip_unavailable' from command line to 'False'
[2.011s] Level 5:colcon.colcon_core.verb:set package 'ldlidar' build argument 'cmake_clean_cache' from command line to 'False'
[2.011s] Level 5:colcon.colcon_core.verb:set package 'ldlidar' build argument 'cmake_clean_first' from command line to 'False'
[2.011s] Level 5:colcon.colcon_core.verb:set package 'ldlidar' build argument 'cmake_force_configure' from command line to 'False'
[2.011s] Level 5:colcon.colcon_core.verb:set package 'ldlidar' build argument 'ament_cmake_args' from command line to 'None'
[2.011s] Level 5:colcon.colcon_core.verb:set package 'ldlidar' build argument 'catkin_cmake_args' from command line to 'None'
[2.011s] Level 5:colcon.colcon_core.verb:set package 'ldlidar' build argument 'catkin_skip_building_tests' from command line to 'False'
[2.011s] DEBUG:colcon.colcon_core.verb:Building package 'ldlidar' with the following arguments: {'ament_cmake_args': None, 'build_base': '/home/r2/ros_ws/build/ldlidar', 'catkin_cmake_args': None, 'catkin_skip_building_tests': False, 'cmake_args': None, 'cmake_clean_cache': False, 'cmake_clean_first': False, 'cmake_force_configure': False, 'cmake_target': None, 'cmake_target_skip_unavailable': False, 'install_base': '/home/r2/ros_ws/install/ldlidar', 'merge_install': False, 'path': '/home/r2/ros_ws/src/ldrobot-lidar-ros2/ldlidar', 'symlink_install': False, 'test_result_base': None}
[2.012s] INFO:colcon.colcon_core.executor:Executing jobs using 'parallel' executor
[2.015s] DEBUG:colcon.colcon_parallel_executor.executor.parallel:run_until_complete
[2.016s] INFO:colcon.colcon_ros.task.ament_cmake.build:Building ROS package in '/home/r2/ros_ws/src/ldrobot-lidar-ros2/ldlidar_component' with build type 'ament_cmake'
[2.017s] INFO:colcon.colcon_cmake.task.cmake.build:Building CMake package in '/home/r2/ros_ws/src/ldrobot-lidar-ros2/ldlidar_component'
[2.027s] INFO:colcon.colcon_core.plugin_system:Skipping extension 'colcon_core.shell.bat': Not used on non-Windows systems
[2.029s] INFO:colcon.colcon_core.shell:Skip shell extension 'powershell' for command environment: Not usable outside of PowerShell
[2.029s] DEBUG:colcon.colcon_core.shell:Skip shell extension 'dsv' for command environment
[2.058s] INFO:colcon.colcon_ros.task.ament_cmake.build:Building ROS package in '/home/r2/ros_ws/src/ros2_mpu6050_driver' with build type 'ament_cmake'
[2.059s] INFO:colcon.colcon_cmake.task.cmake.build:Building CMake package in '/home/r2/ros_ws/src/ros2_mpu6050_driver'
[2.060s] INFO:colcon.colcon_core.shell:Skip shell extension 'powershell' for command environment: Not usable outside of PowerShell
[2.061s] DEBUG:colcon.colcon_core.shell:Skip shell extension 'dsv' for command environment
[2.108s] DEBUG:colcon.colcon_core.event_handler.log_command:Invoking command in '/home/r2/ros_ws/build/ldlidar_component': CMAKE_PREFIX_PATH=${CMAKE_PREFIX_PATH}:/home/r2/ros2_lidar/install/obstacle_detector:/home/r2/ros2_lidar/install/my_launch:/home/r2/ros2_lidar/install/mpu6050_imu:/opt/ros/humble /usr/bin/cmake --build /home/r2/ros_ws/build/ldlidar_component -- -j4 -l4
[2.145s] DEBUG:colcon.colcon_core.event_handler.log_command:Invoking command in '/home/r2/ros_ws/build/mpu6050driver': CMAKE_PREFIX_PATH=${CMAKE_PREFIX_PATH}:/home/r2/ros2_lidar/install/obstacle_detector:/home/r2/ros2_lidar/install/my_launch:/home/r2/ros2_lidar/install/mpu6050_imu:/opt/ros/humble /usr/bin/cmake --build /home/r2/ros_ws/build/mpu6050driver -- -j4 -l4
[2.482s] DEBUG:colcon.colcon_core.event_handler.log_command:Invoked command in '/home/r2/ros_ws/build/mpu6050driver' returned '0': CMAKE_PREFIX_PATH=${CMAKE_PREFIX_PATH}:/home/r2/ros2_lidar/install/obstacle_detector:/home/r2/ros2_lidar/install/my_launch:/home/r2/ros2_lidar/install/mpu6050_imu:/opt/ros/humble /usr/bin/cmake --build /home/r2/ros_ws/build/mpu6050driver -- -j4 -l4
[2.530s] DEBUG:colcon.colcon_core.event_handler.log_command:Invoking command in '/home/r2/ros_ws/build/mpu6050driver': CMAKE_PREFIX_PATH=${CMAKE_PREFIX_PATH}:/home/r2/ros2_lidar/install/obstacle_detector:/home/r2/ros2_lidar/install/my_launch:/home/r2/ros2_lidar/install/mpu6050_imu:/opt/ros/humble /usr/bin/cmake --install /home/r2/ros_ws/build/mpu6050driver
[2.580s] Level 1:colcon.colcon_core.environment:create_environment_scripts_only(mpu6050driver)
[2.583s] DEBUG:colcon.colcon_core.event_handler.log_command:Invoked command in '/home/r2/ros_ws/build/mpu6050driver' returned '0': CMAKE_PREFIX_PATH=${CMAKE_PREFIX_PATH}:/home/r2/ros2_lidar/install/obstacle_detector:/home/r2/ros2_lidar/install/my_launch:/home/r2/ros2_lidar/install/mpu6050_imu:/opt/ros/humble /usr/bin/cmake --install /home/r2/ros_ws/build/mpu6050driver
[2.597s] Level 1:colcon.colcon_core.environment:checking '/home/r2/ros_ws/install/mpu6050driver' for CMake module files
[2.601s] Level 1:colcon.colcon_core.environment:checking '/home/r2/ros_ws/install/mpu6050driver' for CMake config files
[2.603s] Level 1:colcon.colcon_core.shell:create_environment_hook('mpu6050driver', 'cmake_prefix_path')
[2.604s] INFO:colcon.colcon_core.shell:Creating environment hook '/home/r2/ros_ws/install/mpu6050driver/share/mpu6050driver/hook/cmake_prefix_path.ps1'
[2.608s] INFO:colcon.colcon_core.shell:Creating environment descriptor '/home/r2/ros_ws/install/mpu6050driver/share/mpu6050driver/hook/cmake_prefix_path.dsv'
[2.611s] INFO:colcon.colcon_core.shell:Creating environment hook '/home/r2/ros_ws/install/mpu6050driver/share/mpu6050driver/hook/cmake_prefix_path.sh'
[2.615s] Level 1:colcon.colcon_core.environment:checking '/home/r2/ros_ws/install/mpu6050driver/lib'
[2.616s] Level 1:colcon.colcon_core.environment:checking '/home/r2/ros_ws/install/mpu6050driver/bin'
[2.617s] Level 1:colcon.colcon_core.environment:checking '/home/r2/ros_ws/install/mpu6050driver/lib/pkgconfig/mpu6050driver.pc'
[2.618s] Level 1:colcon.colcon_core.environment:checking '/home/r2/ros_ws/install/mpu6050driver/lib/python3.10/site-packages'
[2.619s] Level 1:colcon.colcon_core.environment:checking '/home/r2/ros_ws/install/mpu6050driver/bin'
[2.620s] INFO:colcon.colcon_core.shell:Creating package script '/home/r2/ros_ws/install/mpu6050driver/share/mpu6050driver/package.ps1'
[2.624s] INFO:colcon.colcon_core.shell:Creating package descriptor '/home/r2/ros_ws/install/mpu6050driver/share/mpu6050driver/package.dsv'
[2.627s] INFO:colcon.colcon_core.shell:Creating package script '/home/r2/ros_ws/install/mpu6050driver/share/mpu6050driver/package.sh'
[2.631s] INFO:colcon.colcon_core.shell:Creating package script '/home/r2/ros_ws/install/mpu6050driver/share/mpu6050driver/package.bash'
[2.635s] INFO:colcon.colcon_core.shell:Creating package script '/home/r2/ros_ws/install/mpu6050driver/share/mpu6050driver/package.zsh'
[2.638s] Level 1:colcon.colcon_core.environment:create_file_with_runtime_dependencies(/home/r2/ros_ws/install/mpu6050driver/share/colcon-core/packages/mpu6050driver)
[2.641s] Level 1:colcon.colcon_core.environment:create_environment_scripts_only(mpu6050driver)
[2.642s] Level 1:colcon.colcon_core.environment:checking '/home/r2/ros_ws/install/mpu6050driver' for CMake module files
[2.645s] Level 1:colcon.colcon_core.environment:checking '/home/r2/ros_ws/install/mpu6050driver' for CMake config files
[2.647s] Level 1:colcon.colcon_core.shell:create_environment_hook('mpu6050driver', 'cmake_prefix_path')
[2.648s] INFO:colcon.colcon_core.shell:Creating environment hook '/home/r2/ros_ws/install/mpu6050driver/share/mpu6050driver/hook/cmake_prefix_path.ps1'
[2.651s] INFO:colcon.colcon_core.shell:Creating environment descriptor '/home/r2/ros_ws/install/mpu6050driver/share/mpu6050driver/hook/cmake_prefix_path.dsv'
[2.654s] INFO:colcon.colcon_core.shell:Creating environment hook '/home/r2/ros_ws/install/mpu6050driver/share/mpu6050driver/hook/cmake_prefix_path.sh'
[2.657s] Level 1:colcon.colcon_core.environment:checking '/home/r2/ros_ws/install/mpu6050driver/lib'
[2.657s] Level 1:colcon.colcon_core.environment:checking '/home/r2/ros_ws/install/mpu6050driver/bin'
[2.658s] Level 1:colcon.colcon_core.environment:checking '/home/r2/ros_ws/install/mpu6050driver/lib/pkgconfig/mpu6050driver.pc'
[2.659s] Level 1:colcon.colcon_core.environment:checking '/home/r2/ros_ws/install/mpu6050driver/lib/python3.10/site-packages'
[2.659s] Level 1:colcon.colcon_core.environment:checking '/home/r2/ros_ws/install/mpu6050driver/bin'
[2.661s] INFO:colcon.colcon_core.shell:Creating package script '/home/r2/ros_ws/install/mpu6050driver/share/mpu6050driver/package.ps1'
[2.663s] INFO:colcon.colcon_core.shell:Creating package descriptor '/home/r2/ros_ws/install/mpu6050driver/share/mpu6050driver/package.dsv'
[2.666s] INFO:colcon.colcon_core.shell:Creating package script '/home/r2/ros_ws/install/mpu6050driver/share/mpu6050driver/package.sh'
[2.669s] INFO:colcon.colcon_core.shell:Creating package script '/home/r2/ros_ws/install/mpu6050driver/share/mpu6050driver/package.bash'
[2.671s] INFO:colcon.colcon_core.shell:Creating package script '/home/r2/ros_ws/install/mpu6050driver/share/mpu6050driver/package.zsh'
[2.673s] Level 1:colcon.colcon_core.environment:create_file_with_runtime_dependencies(/home/r2/ros_ws/install/mpu6050driver/share/colcon-core/packages/mpu6050driver)
[2.681s] DEBUG:colcon.colcon_core.event_handler.log_command:Invoked command in '/home/r2/ros_ws/build/ldlidar_component' returned '0': CMAKE_PREFIX_PATH=${CMAKE_PREFIX_PATH}:/home/r2/ros2_lidar/install/obstacle_detector:/home/r2/ros2_lidar/install/my_launch:/home/r2/ros2_lidar/install/mpu6050_imu:/opt/ros/humble /usr/bin/cmake --build /home/r2/ros_ws/build/ldlidar_component -- -j4 -l4
[2.693s] DEBUG:colcon.colcon_core.event_handler.log_command:Invoking command in '/home/r2/ros_ws/build/ldlidar_component': CMAKE_PREFIX_PATH=${CMAKE_PREFIX_PATH}:/home/r2/ros2_lidar/install/obstacle_detector:/home/r2/ros2_lidar/install/my_launch:/home/r2/ros2_lidar/install/mpu6050_imu:/opt/ros/humble /usr/bin/cmake --install /home/r2/ros_ws/build/ldlidar_component
[2.815s] Level 1:colcon.colcon_core.environment:create_environment_scripts_only(ldlidar_component)
[2.817s] DEBUG:colcon.colcon_core.event_handler.log_command:Invoked command in '/home/r2/ros_ws/build/ldlidar_component' returned '0': CMAKE_PREFIX_PATH=${CMAKE_PREFIX_PATH}:/home/r2/ros2_lidar/install/obstacle_detector:/home/r2/ros2_lidar/install/my_launch:/home/r2/ros2_lidar/install/mpu6050_imu:/opt/ros/humble /usr/bin/cmake --install /home/r2/ros_ws/build/ldlidar_component
[2.818s] Level 1:colcon.colcon_core.environment:checking '/home/r2/ros_ws/install/ldlidar_component' for CMake module files
[2.823s] Level 1:colcon.colcon_core.environment:checking '/home/r2/ros_ws/install/ldlidar_component' for CMake config files
[2.828s] Level 1:colcon.colcon_core.shell:create_environment_hook('ldlidar_component', 'cmake_prefix_path')
[2.829s] INFO:colcon.colcon_core.shell:Creating environment hook '/home/r2/ros_ws/install/ldlidar_component/share/ldlidar_component/hook/cmake_prefix_path.ps1'
[2.832s] INFO:colcon.colcon_core.shell:Creating environment descriptor '/home/r2/ros_ws/install/ldlidar_component/share/ldlidar_component/hook/cmake_prefix_path.dsv'
[2.834s] INFO:colcon.colcon_core.shell:Creating environment hook '/home/r2/ros_ws/install/ldlidar_component/share/ldlidar_component/hook/cmake_prefix_path.sh'
[2.838s] Level 1:colcon.colcon_core.environment:checking '/home/r2/ros_ws/install/ldlidar_component/lib'
[2.838s] Level 1:colcon.colcon_core.shell:create_environment_hook('ldlidar_component', 'ld_library_path_lib')
[2.839s] INFO:colcon.colcon_core.shell:Creating environment hook '/home/r2/ros_ws/install/ldlidar_component/share/ldlidar_component/hook/ld_library_path_lib.ps1'
[2.842s] INFO:colcon.colcon_core.shell:Creating environment descriptor '/home/r2/ros_ws/install/ldlidar_component/share/ldlidar_component/hook/ld_library_path_lib.dsv'
[2.843s] INFO:colcon.colcon_core.shell:Creating environment hook '/home/r2/ros_ws/install/ldlidar_component/share/ldlidar_component/hook/ld_library_path_lib.sh'
[2.846s] Level 1:colcon.colcon_core.environment:checking '/home/r2/ros_ws/install/ldlidar_component/bin'
[2.846s] Level 1:colcon.colcon_core.environment:checking '/home/r2/ros_ws/install/ldlidar_component/lib/pkgconfig/ldlidar_component.pc'
[2.847s] Level 1:colcon.colcon_core.environment:checking '/home/r2/ros_ws/install/ldlidar_component/lib/python3.10/site-packages'
[2.849s] Level 1:colcon.colcon_core.environment:checking '/home/r2/ros_ws/install/ldlidar_component/bin'
[2.851s] INFO:colcon.colcon_core.shell:Creating package script '/home/r2/ros_ws/install/ldlidar_component/share/ldlidar_component/package.ps1'
[2.855s] INFO:colcon.colcon_core.shell:Creating package descriptor '/home/r2/ros_ws/install/ldlidar_component/share/ldlidar_component/package.dsv'
[2.857s] INFO:colcon.colcon_core.shell:Creating package script '/home/r2/ros_ws/install/ldlidar_component/share/ldlidar_component/package.sh'
[2.859s] INFO:colcon.colcon_core.shell:Creating package script '/home/r2/ros_ws/install/ldlidar_component/share/ldlidar_component/package.bash'
[2.862s] INFO:colcon.colcon_core.shell:Creating package script '/home/r2/ros_ws/install/ldlidar_component/share/ldlidar_component/package.zsh'
[2.864s] Level 1:colcon.colcon_core.environment:create_file_with_runtime_dependencies(/home/r2/ros_ws/install/ldlidar_component/share/colcon-core/packages/ldlidar_component)
[2.867s] Level 1:colcon.colcon_core.environment:create_environment_scripts_only(ldlidar_component)
[2.868s] Level 1:colcon.colcon_core.environment:checking '/home/r2/ros_ws/install/ldlidar_component' for CMake module files
[2.872s] Level 1:colcon.colcon_core.environment:checking '/home/r2/ros_ws/install/ldlidar_component' for CMake config files
[2.876s] Level 1:colcon.colcon_core.shell:create_environment_hook('ldlidar_component', 'cmake_prefix_path')
[2.877s] INFO:colcon.colcon_core.shell:Creating environment hook '/home/r2/ros_ws/install/ldlidar_component/share/ldlidar_component/hook/cmake_prefix_path.ps1'
[2.879s] INFO:colcon.colcon_core.shell:Creating environment descriptor '/home/r2/ros_ws/install/ldlidar_component/share/ldlidar_component/hook/cmake_prefix_path.dsv'
[2.881s] INFO:colcon.colcon_core.shell:Creating environment hook '/home/r2/ros_ws/install/ldlidar_component/share/ldlidar_component/hook/cmake_prefix_path.sh'
[2.884s] Level 1:colcon.colcon_core.environment:checking '/home/r2/ros_ws/install/ldlidar_component/lib'
[2.885s] Level 1:colcon.colcon_core.shell:create_environment_hook('ldlidar_component', 'ld_library_path_lib')
[2.885s] INFO:colcon.colcon_core.shell:Creating environment hook '/home/r2/ros_ws/install/ldlidar_component/share/ldlidar_component/hook/ld_library_path_lib.ps1'
[2.888s] INFO:colcon.colcon_core.shell:Creating environment descriptor '/home/r2/ros_ws/install/ldlidar_component/share/ldlidar_component/hook/ld_library_path_lib.dsv'
[2.890s] INFO:colcon.colcon_core.shell:Creating environment hook '/home/r2/ros_ws/install/ldlidar_component/share/ldlidar_component/hook/ld_library_path_lib.sh'
[2.892s] Level 1:colcon.colcon_core.environment:checking '/home/r2/ros_ws/install/ldlidar_component/bin'
[2.892s] Level 1:colcon.colcon_core.environment:checking '/home/r2/ros_ws/install/ldlidar_component/lib/pkgconfig/ldlidar_component.pc'
[2.893s] Level 1:colcon.colcon_core.environment:checking '/home/r2/ros_ws/install/ldlidar_component/lib/python3.10/site-packages'
[2.894s] Level 1:colcon.colcon_core.environment:checking '/home/r2/ros_ws/install/ldlidar_component/bin'
[2.896s] INFO:colcon.colcon_core.shell:Creating package script '/home/r2/ros_ws/install/ldlidar_component/share/ldlidar_component/package.ps1'
[2.899s] INFO:colcon.colcon_core.shell:Creating package descriptor '/home/r2/ros_ws/install/ldlidar_component/share/ldlidar_component/package.dsv'
[2.902s] INFO:colcon.colcon_core.shell:Creating package script '/home/r2/ros_ws/install/ldlidar_component/share/ldlidar_component/package.sh'
[2.904s] INFO:colcon.colcon_core.shell:Creating package script '/home/r2/ros_ws/install/ldlidar_component/share/ldlidar_component/package.bash'
[2.907s] INFO:colcon.colcon_core.shell:Creating package script '/home/r2/ros_ws/install/ldlidar_component/share/ldlidar_component/package.zsh'
[2.909s] Level 1:colcon.colcon_core.environment:create_file_with_runtime_dependencies(/home/r2/ros_ws/install/ldlidar_component/share/colcon-core/packages/ldlidar_component)
[2.911s] INFO:colcon.colcon_ros.task.ament_cmake.build:Building ROS package in '/home/r2/ros_ws/src/ldrobot-lidar-ros2/ldlidar_node' with build type 'ament_cmake'
[2.911s] INFO:colcon.colcon_cmake.task.cmake.build:Building CMake package in '/home/r2/ros_ws/src/ldrobot-lidar-ros2/ldlidar_node'
[2.913s] INFO:colcon.colcon_core.shell:Skip shell extension 'powershell' for command environment: Not usable outside of PowerShell
[2.913s] DEBUG:colcon.colcon_core.shell:Skip shell extension 'dsv' for command environment
[2.980s] DEBUG:colcon.colcon_core.event_handler.log_command:Invoking command in '/home/r2/ros_ws/build/ldlidar_node': CMAKE_PREFIX_PATH=/home/r2/ros_ws/install/ldlidar_component:/home/r2/ros_ws/install/mpu6050driver:/home/r2/ros_ws/install/ldlidar:/home/r2/ros_ws/install/ldlidar_node:/home/r2/ros2_lidar/install/ldlidar_stl_ros2:/home/r2/ros2_lidar/install/obstacle_detector:/home/r2/ros2_lidar/install/my_launch:/home/r2/ros2_lidar/install/mpu6050_imu:/opt/ros/humble /usr/bin/cmake --build /home/r2/ros_ws/build/ldlidar_node -- -j4 -l4
[3.146s] DEBUG:colcon.colcon_core.event_handler.log_command:Invoked command in '/home/r2/ros_ws/build/ldlidar_node' returned '0': CMAKE_PREFIX_PATH=/home/r2/ros_ws/install/ldlidar_component:/home/r2/ros_ws/install/mpu6050driver:/home/r2/ros_ws/install/ldlidar:/home/r2/ros_ws/install/ldlidar_node:/home/r2/ros2_lidar/install/ldlidar_stl_ros2:/home/r2/ros2_lidar/install/obstacle_detector:/home/r2/ros2_lidar/install/my_launch:/home/r2/ros2_lidar/install/mpu6050_imu:/opt/ros/humble /usr/bin/cmake --build /home/r2/ros_ws/build/ldlidar_node -- -j4 -l4
[3.159s] DEBUG:colcon.colcon_core.event_handler.log_command:Invoking command in '/home/r2/ros_ws/build/ldlidar_node': CMAKE_PREFIX_PATH=/home/r2/ros_ws/install/ldlidar_component:/home/r2/ros_ws/install/mpu6050driver:/home/r2/ros_ws/install/ldlidar:/home/r2/ros_ws/install/ldlidar_node:/home/r2/ros2_lidar/install/ldlidar_stl_ros2:/home/r2/ros2_lidar/install/obstacle_detector:/home/r2/ros2_lidar/install/my_launch:/home/r2/ros2_lidar/install/mpu6050_imu:/opt/ros/humble /usr/bin/cmake --install /home/r2/ros_ws/build/ldlidar_node
[3.268s] Level 1:colcon.colcon_core.environment:create_environment_scripts_only(ldlidar_node)
[3.270s] Level 1:colcon.colcon_core.environment:checking '/home/r2/ros_ws/install/ldlidar_node' for CMake module files
[3.272s] DEBUG:colcon.colcon_core.event_handler.log_command:Invoked command in '/home/r2/ros_ws/build/ldlidar_node' returned '0': CMAKE_PREFIX_PATH=/home/r2/ros_ws/install/ldlidar_component:/home/r2/ros_ws/install/mpu6050driver:/home/r2/ros_ws/install/ldlidar:/home/r2/ros_ws/install/ldlidar_node:/home/r2/ros2_lidar/install/ldlidar_stl_ros2:/home/r2/ros2_lidar/install/obstacle_detector:/home/r2/ros2_lidar/install/my_launch:/home/r2/ros2_lidar/install/mpu6050_imu:/opt/ros/humble /usr/bin/cmake --install /home/r2/ros_ws/build/ldlidar_node
[3.276s] Level 1:colcon.colcon_core.environment:checking '/home/r2/ros_ws/install/ldlidar_node' for CMake config files
[3.283s] Level 1:colcon.colcon_core.shell:create_environment_hook('ldlidar_node', 'cmake_prefix_path')
[3.284s] INFO:colcon.colcon_core.shell:Creating environment hook '/home/r2/ros_ws/install/ldlidar_node/share/ldlidar_node/hook/cmake_prefix_path.ps1'
[3.287s] INFO:colcon.colcon_core.shell:Creating environment descriptor '/home/r2/ros_ws/install/ldlidar_node/share/ldlidar_node/hook/cmake_prefix_path.dsv'
[3.289s] INFO:colcon.colcon_core.shell:Creating environment hook '/home/r2/ros_ws/install/ldlidar_node/share/ldlidar_node/hook/cmake_prefix_path.sh'
[3.292s] Level 1:colcon.colcon_core.environment:checking '/home/r2/ros_ws/install/ldlidar_node/bin'
[3.293s] Level 1:colcon.colcon_core.environment:checking '/home/r2/ros_ws/install/ldlidar_node/lib/pkgconfig/ldlidar_node.pc'
[3.294s] Level 1:colcon.colcon_core.environment:checking '/home/r2/ros_ws/install/ldlidar_node/lib/python3.10/site-packages'
[3.295s] Level 1:colcon.colcon_core.environment:checking '/home/r2/ros_ws/install/ldlidar_node/bin'
[3.296s] INFO:colcon.colcon_core.shell:Creating package script '/home/r2/ros_ws/install/ldlidar_node/share/ldlidar_node/package.ps1'
[3.298s] INFO:colcon.colcon_core.shell:Creating package descriptor '/home/r2/ros_ws/install/ldlidar_node/share/ldlidar_node/package.dsv'
[3.301s] INFO:colcon.colcon_core.shell:Creating package script '/home/r2/ros_ws/install/ldlidar_node/share/ldlidar_node/package.sh'
[3.303s] INFO:colcon.colcon_core.shell:Creating package script '/home/r2/ros_ws/install/ldlidar_node/share/ldlidar_node/package.bash'
[3.305s] INFO:colcon.colcon_core.shell:Creating package script '/home/r2/ros_ws/install/ldlidar_node/share/ldlidar_node/package.zsh'
[3.307s] Level 1:colcon.colcon_core.environment:create_file_with_runtime_dependencies(/home/r2/ros_ws/install/ldlidar_node/share/colcon-core/packages/ldlidar_node)
[3.310s] Level 1:colcon.colcon_core.environment:create_environment_scripts_only(ldlidar_node)
[3.311s] Level 1:colcon.colcon_core.environment:checking '/home/r2/ros_ws/install/ldlidar_node' for CMake module files
[3.314s] Level 1:colcon.colcon_core.environment:checking '/home/r2/ros_ws/install/ldlidar_node' for CMake config files
[3.318s] Level 1:colcon.colcon_core.shell:create_environment_hook('ldlidar_node', 'cmake_prefix_path')
[3.319s] INFO:colcon.colcon_core.shell:Creating environment hook '/home/r2/ros_ws/install/ldlidar_node/share/ldlidar_node/hook/cmake_prefix_path.ps1'
[3.321s] INFO:colcon.colcon_core.shell:Creating environment descriptor '/home/r2/ros_ws/install/ldlidar_node/share/ldlidar_node/hook/cmake_prefix_path.dsv'
[3.324s] INFO:colcon.colcon_core.shell:Creating environment hook '/home/r2/ros_ws/install/ldlidar_node/share/ldlidar_node/hook/cmake_prefix_path.sh'
[3.327s] Level 1:colcon.colcon_core.environment:checking '/home/r2/ros_ws/install/ldlidar_node/bin'
[3.327s] Level 1:colcon.colcon_core.environment:checking '/home/r2/ros_ws/install/ldlidar_node/lib/pkgconfig/ldlidar_node.pc'
[3.328s] Level 1:colcon.colcon_core.environment:checking '/home/r2/ros_ws/install/ldlidar_node/lib/python3.10/site-packages'
[3.329s] Level 1:colcon.colcon_core.environment:checking '/home/r2/ros_ws/install/ldlidar_node/bin'
[3.330s] INFO:colcon.colcon_core.shell:Creating package script '/home/r2/ros_ws/install/ldlidar_node/share/ldlidar_node/package.ps1'
[3.333s] INFO:colcon.colcon_core.shell:Creating package descriptor '/home/r2/ros_ws/install/ldlidar_node/share/ldlidar_node/package.dsv'
[3.336s] INFO:colcon.colcon_core.shell:Creating package script '/home/r2/ros_ws/install/ldlidar_node/share/ldlidar_node/package.sh'
[3.338s] INFO:colcon.colcon_core.shell:Creating package script '/home/r2/ros_ws/install/ldlidar_node/share/ldlidar_node/package.bash'
[3.340s] INFO:colcon.colcon_core.shell:Creating package script '/home/r2/ros_ws/install/ldlidar_node/share/ldlidar_node/package.zsh'
[3.343s] Level 1:colcon.colcon_core.environment:create_file_with_runtime_dependencies(/home/r2/ros_ws/install/ldlidar_node/share/colcon-core/packages/ldlidar_node)
[3.344s] INFO:colcon.colcon_ros.task.ament_cmake.build:Building ROS package in '/home/r2/ros_ws/src/ldrobot-lidar-ros2/ldlidar' with build type 'ament_cmake'
[3.345s] INFO:colcon.colcon_cmake.task.cmake.build:Building CMake package in '/home/r2/ros_ws/src/ldrobot-lidar-ros2/ldlidar'
[3.346s] INFO:colcon.colcon_core.shell:Skip shell extension 'powershell' for command environment: Not usable outside of PowerShell
[3.346s] DEBUG:colcon.colcon_core.shell:Skip shell extension 'dsv' for command environment
[3.423s] DEBUG:colcon.colcon_core.event_handler.log_command:Invoking command in '/home/r2/ros_ws/build/ldlidar': CMAKE_PREFIX_PATH=/home/r2/ros_ws/install/ldlidar_node:/home/r2/ros_ws/install/ldlidar_component:/home/r2/ros_ws/install/mpu6050driver:/home/r2/ros_ws/install/ldlidar:/home/r2/ros2_lidar/install/ldlidar_stl_ros2:/home/r2/ros2_lidar/install/obstacle_detector:/home/r2/ros2_lidar/install/my_launch:/home/r2/ros2_lidar/install/mpu6050_imu:/opt/ros/humble /usr/bin/cmake --build /home/r2/ros_ws/build/ldlidar -- -j4 -l4
[3.589s] DEBUG:colcon.colcon_core.event_handler.log_command:Invoked command in '/home/r2/ros_ws/build/ldlidar' returned '0': CMAKE_PREFIX_PATH=/home/r2/ros_ws/install/ldlidar_node:/home/r2/ros_ws/install/ldlidar_component:/home/r2/ros_ws/install/mpu6050driver:/home/r2/ros_ws/install/ldlidar:/home/r2/ros2_lidar/install/ldlidar_stl_ros2:/home/r2/ros2_lidar/install/obstacle_detector:/home/r2/ros2_lidar/install/my_launch:/home/r2/ros2_lidar/install/mpu6050_imu:/opt/ros/humble /usr/bin/cmake --build /home/r2/ros_ws/build/ldlidar -- -j4 -l4
[3.601s] DEBUG:colcon.colcon_core.event_handler.log_command:Invoking command in '/home/r2/ros_ws/build/ldlidar': CMAKE_PREFIX_PATH=/home/r2/ros_ws/install/ldlidar_node:/home/r2/ros_ws/install/ldlidar_component:/home/r2/ros_ws/install/mpu6050driver:/home/r2/ros_ws/install/ldlidar:/home/r2/ros2_lidar/install/ldlidar_stl_ros2:/home/r2/ros2_lidar/install/obstacle_detector:/home/r2/ros2_lidar/install/my_launch:/home/r2/ros2_lidar/install/mpu6050_imu:/opt/ros/humble /usr/bin/cmake --install /home/r2/ros_ws/build/ldlidar
[3.694s] Level 1:colcon.colcon_core.environment:create_environment_scripts_only(ldlidar)
[3.695s] Level 1:colcon.colcon_core.environment:checking '/home/r2/ros_ws/install/ldlidar' for CMake module files
[3.698s] DEBUG:colcon.colcon_core.event_handler.log_command:Invoked command in '/home/r2/ros_ws/build/ldlidar' returned '0': CMAKE_PREFIX_PATH=/home/r2/ros_ws/install/ldlidar_node:/home/r2/ros_ws/install/ldlidar_component:/home/r2/ros_ws/install/mpu6050driver:/home/r2/ros_ws/install/ldlidar:/home/r2/ros2_lidar/install/ldlidar_stl_ros2:/home/r2/ros2_lidar/install/obstacle_detector:/home/r2/ros2_lidar/install/my_launch:/home/r2/ros2_lidar/install/mpu6050_imu:/opt/ros/humble /usr/bin/cmake --install /home/r2/ros_ws/build/ldlidar
[3.700s] Level 1:colcon.colcon_core.environment:checking '/home/r2/ros_ws/install/ldlidar' for CMake config files
[3.704s] Level 1:colcon.colcon_core.shell:create_environment_hook('ldlidar', 'cmake_prefix_path')
[3.706s] INFO:colcon.colcon_core.shell:Creating environment hook '/home/r2/ros_ws/install/ldlidar/share/ldlidar/hook/cmake_prefix_path.ps1'
[3.710s] INFO:colcon.colcon_core.shell:Creating environment descriptor '/home/r2/ros_ws/install/ldlidar/share/ldlidar/hook/cmake_prefix_path.dsv'
[3.712s] INFO:colcon.colcon_core.shell:Creating environment hook '/home/r2/ros_ws/install/ldlidar/share/ldlidar/hook/cmake_prefix_path.sh'
[3.715s] Level 1:colcon.colcon_core.environment:checking '/home/r2/ros_ws/install/ldlidar/bin'
[3.715s] Level 1:colcon.colcon_core.environment:checking '/home/r2/ros_ws/install/ldlidar/lib/pkgconfig/ldlidar.pc'
[3.716s] Level 1:colcon.colcon_core.environment:checking '/home/r2/ros_ws/install/ldlidar/lib/python3.10/site-packages'
[3.717s] Level 1:colcon.colcon_core.environment:checking '/home/r2/ros_ws/install/ldlidar/bin'
[3.719s] INFO:colcon.colcon_core.shell:Creating package script '/home/r2/ros_ws/install/ldlidar/share/ldlidar/package.ps1'
[3.721s] INFO:colcon.colcon_core.shell:Creating package descriptor '/home/r2/ros_ws/install/ldlidar/share/ldlidar/package.dsv'
[3.723s] INFO:colcon.colcon_core.shell:Creating package script '/home/r2/ros_ws/install/ldlidar/share/ldlidar/package.sh'
[3.726s] INFO:colcon.colcon_core.shell:Creating package script '/home/r2/ros_ws/install/ldlidar/share/ldlidar/package.bash'
[3.728s] INFO:colcon.colcon_core.shell:Creating package script '/home/r2/ros_ws/install/ldlidar/share/ldlidar/package.zsh'
[3.730s] Level 1:colcon.colcon_core.environment:create_file_with_runtime_dependencies(/home/r2/ros_ws/install/ldlidar/share/colcon-core/packages/ldlidar)
[3.733s] Level 1:colcon.colcon_core.environment:create_environment_scripts_only(ldlidar)
[3.734s] Level 1:colcon.colcon_core.environment:checking '/home/r2/ros_ws/install/ldlidar' for CMake module files
[3.737s] Level 1:colcon.colcon_core.environment:checking '/home/r2/ros_ws/install/ldlidar' for CMake config files
[3.741s] Level 1:colcon.colcon_core.shell:create_environment_hook('ldlidar', 'cmake_prefix_path')
[3.742s] INFO:colcon.colcon_core.shell:Creating environment hook '/home/r2/ros_ws/install/ldlidar/share/ldlidar/hook/cmake_prefix_path.ps1'
[3.745s] INFO:colcon.colcon_core.shell:Creating environment descriptor '/home/r2/ros_ws/install/ldlidar/share/ldlidar/hook/cmake_prefix_path.dsv'
[3.747s] INFO:colcon.colcon_core.shell:Creating environment hook '/home/r2/ros_ws/install/ldlidar/share/ldlidar/hook/cmake_prefix_path.sh'
[3.750s] Level 1:colcon.colcon_core.environment:checking '/home/r2/ros_ws/install/ldlidar/bin'
[3.750s] Level 1:colcon.colcon_core.environment:checking '/home/r2/ros_ws/install/ldlidar/lib/pkgconfig/ldlidar.pc'
[3.751s] Level 1:colcon.colcon_core.environment:checking '/home/r2/ros_ws/install/ldlidar/lib/python3.10/site-packages'
[3.753s] Level 1:colcon.colcon_core.environment:checking '/home/r2/ros_ws/install/ldlidar/bin'
[3.754s] INFO:colcon.colcon_core.shell:Creating package script '/home/r2/ros_ws/install/ldlidar/share/ldlidar/package.ps1'
[3.758s] INFO:colcon.colcon_core.shell:Creating package descriptor '/home/r2/ros_ws/install/ldlidar/share/ldlidar/package.dsv'
[3.761s] INFO:colcon.colcon_core.shell:Creating package script '/home/r2/ros_ws/install/ldlidar/share/ldlidar/package.sh'
[3.764s] INFO:colcon.colcon_core.shell:Creating package script '/home/r2/ros_ws/install/ldlidar/share/ldlidar/package.bash'
[3.766s] INFO:colcon.colcon_core.shell:Creating package script '/home/r2/ros_ws/install/ldlidar/share/ldlidar/package.zsh'
[3.769s] Level 1:colcon.colcon_core.environment:create_file_with_runtime_dependencies(/home/r2/ros_ws/install/ldlidar/share/colcon-core/packages/ldlidar)
[3.770s] DEBUG:colcon.colcon_parallel_executor.executor.parallel:closing loop
[3.772s] DEBUG:colcon.colcon_parallel_executor.executor.parallel:loop closed
[3.772s] DEBUG:colcon.colcon_parallel_executor.executor.parallel:run_until_complete finished with '0'
[3.772s] DEBUG:colcon.colcon_core.event_reactor:joining thread
[3.800s] INFO:colcon.colcon_core.plugin_system:Skipping extension 'colcon_notification.desktop_notification.terminal_notifier': Not used on non-Darwin systems
[3.801s] INFO:colcon.colcon_core.plugin_system:Skipping extension 'colcon_notification.desktop_notification.win32': Not used on non-Windows systems
[3.801s] INFO:colcon.colcon_notification.desktop_notification:Sending desktop notification using 'notify2'
[3.857s] DEBUG:colcon.colcon_core.event_reactor:joined thread
[3.859s] INFO:colcon.colcon_core.shell:Creating prefix script '/home/r2/ros_ws/install/local_setup.ps1'
[3.864s] INFO:colcon.colcon_core.shell:Creating prefix util module '/home/r2/ros_ws/install/_local_setup_util_ps1.py'
[3.872s] INFO:colcon.colcon_core.shell:Creating prefix chain script '/home/r2/ros_ws/install/setup.ps1'
[3.881s] INFO:colcon.colcon_core.shell:Creating prefix script '/home/r2/ros_ws/install/local_setup.sh'
[3.884s] INFO:colcon.colcon_core.shell:Creating prefix util module '/home/r2/ros_ws/install/_local_setup_util_sh.py'
[3.888s] INFO:colcon.colcon_core.shell:Creating prefix chain script '/home/r2/ros_ws/install/setup.sh'
[3.897s] INFO:colcon.colcon_core.shell:Creating prefix script '/home/r2/ros_ws/install/local_setup.bash'
[3.900s] INFO:colcon.colcon_core.shell:Creating prefix chain script '/home/r2/ros_ws/install/setup.bash'
[3.908s] INFO:colcon.colcon_core.shell:Creating prefix script '/home/r2/ros_ws/install/local_setup.zsh'
[3.912s] INFO:colcon.colcon_core.shell:Creating prefix chain script '/home/r2/ros_ws/install/setup.zsh'
