[0.070s] Invoking command in '/home/r2/ros_ws/build/ldlidar': CMAKE_PREFIX_PATH=/home/r2/ros_ws/install/ldlidar_node:/home/r2/ros_ws/install/ldlidar_component:/home/r2/ros_ws/install/mpu6050driver:/home/r2/ros_ws/install/ldlidar:/home/r2/ros2_lidar/install/ldlidar_stl_ros2:/home/r2/ros2_lidar/install/obstacle_detector:/home/r2/ros2_lidar/install/my_launch:/home/r2/ros2_lidar/install/mpu6050_imu:/opt/ros/humble /usr/bin/cmake --build /home/r2/ros_ws/build/ldlidar -- -j4 -l4
[0.243s] Invoked command in '/home/r2/ros_ws/build/ldlidar' returned '0': CMAKE_PREFIX_PATH=/home/r2/ros_ws/install/ldlidar_node:/home/r2/ros_ws/install/ldlidar_component:/home/r2/ros_ws/install/mpu6050driver:/home/r2/ros_ws/install/ldlidar:/home/r2/ros2_lidar/install/ldlidar_stl_ros2:/home/r2/ros2_lidar/install/obstacle_detector:/home/r2/ros2_lidar/install/my_launch:/home/r2/ros2_lidar/install/mpu6050_imu:/opt/ros/humble /usr/bin/cmake --build /home/r2/ros_ws/build/ldlidar -- -j4 -l4
[0.252s] Invoking command in '/home/r2/ros_ws/build/ldlidar': CMAKE_PREFIX_PATH=/home/r2/ros_ws/install/ldlidar_node:/home/r2/ros_ws/install/ldlidar_component:/home/r2/ros_ws/install/mpu6050driver:/home/r2/ros_ws/install/ldlidar:/home/r2/ros2_lidar/install/ldlidar_stl_ros2:/home/r2/ros2_lidar/install/obstacle_detector:/home/r2/ros2_lidar/install/my_launch:/home/r2/ros2_lidar/install/mpu6050_imu:/opt/ros/humble /usr/bin/cmake --install /home/r2/ros_ws/build/ldlidar
[0.284s] -- Install configuration: "Release"
[0.285s] -- Execute custom install script
[0.287s] -- Up-to-date symlink: /home/r2/ros_ws/install/ldlidar/share/ament_index/resource_index/package_run_dependencies/ldlidar
[0.288s] -- Up-to-date symlink: /home/r2/ros_ws/install/ldlidar/share/ament_index/resource_index/parent_prefix_path/ldlidar
[0.289s] -- Up-to-date symlink: /home/r2/ros_ws/install/ldlidar/share/ldlidar/environment/ament_prefix_path.sh
[0.291s] -- Up-to-date symlink: /home/r2/ros_ws/install/ldlidar/share/ldlidar/environment/ament_prefix_path.dsv
[0.292s] -- Up-to-date symlink: /home/r2/ros_ws/install/ldlidar/share/ldlidar/environment/path.sh
[0.292s] -- Up-to-date symlink: /home/r2/ros_ws/install/ldlidar/share/ldlidar/environment/path.dsv
[0.293s] -- Up-to-date symlink: /home/r2/ros_ws/install/ldlidar/share/ldlidar/local_setup.bash
[0.294s] -- Up-to-date symlink: /home/r2/ros_ws/install/ldlidar/share/ldlidar/local_setup.sh
[0.295s] -- Up-to-date symlink: /home/r2/ros_ws/install/ldlidar/share/ldlidar/local_setup.zsh
[0.296s] -- Up-to-date symlink: /home/r2/ros_ws/install/ldlidar/share/ldlidar/local_setup.dsv
[0.297s] -- Symlinking: /home/r2/ros_ws/install/ldlidar/share/ldlidar/package.dsv
[0.336s] -- Up-to-date symlink: /home/r2/ros_ws/install/ldlidar/share/ament_index/resource_index/packages/ldlidar
[0.337s] -- Up-to-date symlink: /home/r2/ros_ws/install/ldlidar/share/ldlidar/cmake/ldlidarConfig.cmake
[0.338s] -- Up-to-date symlink: /home/r2/ros_ws/install/ldlidar/share/ldlidar/cmake/ldlidarConfig-version.cmake
[0.340s] -- Up-to-date symlink: /home/r2/ros_ws/install/ldlidar/share/ldlidar/package.xml
[0.349s] Invoked command in '/home/r2/ros_ws/build/ldlidar' returned '0': CMAKE_PREFIX_PATH=/home/r2/ros_ws/install/ldlidar_node:/home/r2/ros_ws/install/ldlidar_component:/home/r2/ros_ws/install/mpu6050driver:/home/r2/ros_ws/install/ldlidar:/home/r2/ros2_lidar/install/ldlidar_stl_ros2:/home/r2/ros2_lidar/install/obstacle_detector:/home/r2/ros2_lidar/install/my_launch:/home/r2/ros2_lidar/install/mpu6050_imu:/opt/ros/humble /usr/bin/cmake --install /home/r2/ros_ws/build/ldlidar
