[0.113s] Invoking command in '/home/r2/ros_ws/build/ldlidar_component': CMAKE_PREFIX_PATH=${CMAKE_PREFIX_PATH}:/home/r2/ros2_lidar/install/obstacle_detector:/home/r2/ros2_lidar/install/my_launch:/home/r2/ros2_lidar/install/mpu6050_imu:/opt/ros/humble /usr/bin/cmake /home/r2/ros_ws/src/ldrobot-lidar-ros2/ldlidar_component -DCMAKE_INSTALL_PREFIX=/home/r2/ros_ws/install/ldlidar_component
[0.446s] --  * Release Mode
[0.447s] -- * Found ROS2 humble
[0.448s] -- * ROS2 humble is officially supported by this package.
[0.453s] -- Found ament_cmake: 1.3.11 (/opt/ros/humble/share/ament_cmake/cmake)
[1.262s] -- Override CMake install command with custom implementation using symlinks instead of copying resources
[1.391s] -- Found rclcpp_lifecycle: 16.0.11 (/opt/ros/humble/share/rclcpp_lifecycle/cmake)
[1.922s] -- Found rosidl_generator_c: 3.1.6 (/opt/ros/humble/share/rosidl_generator_c/cmake)
[1.946s] -- Found rosidl_adapter: 3.1.6 (/opt/ros/humble/share/rosidl_adapter/cmake)
[1.996s] -- Found rosidl_generator_cpp: 3.1.6 (/opt/ros/humble/share/rosidl_generator_cpp/cmake)
[2.077s] -- Using all available rosidl_typesupport_c: rosidl_typesupport_fastrtps_c;rosidl_typesupport_introspection_c
[2.173s] -- Using all available rosidl_typesupport_cpp: rosidl_typesupport_fastrtps_cpp;rosidl_typesupport_introspection_cpp
[2.453s] -- Found rmw_implementation_cmake: 6.1.2 (/opt/ros/humble/share/rmw_implementation_cmake/cmake)
[2.469s] -- Found rmw_fastrtps_cpp: 6.2.7 (/opt/ros/humble/share/rmw_fastrtps_cpp/cmake)
[3.836s] -- Using RMW implementation 'rmw_fastrtps_cpp' as default
[4.290s] -- Found rclcpp_components: 16.0.11 (/opt/ros/humble/share/rclcpp_components/cmake)
[4.444s] -- Found nav2_util: 1.1.18 (/opt/ros/humble/share/nav2_util/cmake)
[5.220s] -- Found eigen3_cmake_module: 0.1.1 (/opt/ros/humble/share/eigen3_cmake_module/cmake)
[5.227s] -- Ensuring Eigen3 include directory is part of orocos-kdl CMake target
[5.390s] -- Found sensor_msgs: 4.2.4 (/opt/ros/humble/share/sensor_msgs/cmake)
[5.488s] -- Found diagnostic_msgs: 4.2.4 (/opt/ros/humble/share/diagnostic_msgs/cmake)
[5.572s] -- Found diagnostic_updater: 4.0.2 (/opt/ros/humble/share/diagnostic_updater/cmake)
[5.734s] -- Found ament_lint_auto: 0.12.11 (/opt/ros/humble/share/ament_lint_auto/cmake)
[6.170s] -- Added test 'copyright' to check source files copyright and LICENSE
[6.212s] -- Added test 'cppcheck' to perform static code analysis on C / C++ code
[6.217s] -- Configured cppcheck include dirs: /home/r2/ros_ws/src/ldrobot-lidar-ros2/ldlidar_component/include;/home/r2/ros_ws/src/ldrobot-lidar-ros2/ldlidar_component/tools/include;/home/r2/ros_ws/src/ldrobot-lidar-ros2/ldlidar_component/component/include;/home/r2/ros_ws/src/ldrobot-lidar-ros2/ldlidar_component/ldlidar_driver/include/core;/home/r2/ros_ws/src/ldrobot-lidar-ros2/ldlidar_component/ldlidar_driver/include/dataprocess;/home/r2/ros_ws/src/ldrobot-lidar-ros2/ldlidar_component/ldlidar_driver/include/filter;/home/r2/ros_ws/src/ldrobot-lidar-ros2/ldlidar_component/ldlidar_driver/include/logger;/home/r2/ros_ws/src/ldrobot-lidar-ros2/ldlidar_component/ldlidar_driver/include/networkcom;/home/r2/ros_ws/src/ldrobot-lidar-ros2/ldlidar_component/ldlidar_driver/include/serialcom
[6.217s] -- Configured cppcheck exclude dirs and/or files: 
[6.258s] -- Added test 'cpplint' to check C / C++ code against the Google style
[6.259s] -- Configured cpplint exclude dirs and/or files: 
[6.276s] -- Added test 'lint_cmake' to check CMake code style
[6.323s] -- Added test 'uncrustify' to check C / C++ code style
[6.324s] -- Configured uncrustify additional arguments: 
[6.330s] -- Added test 'xmllint' to check XML markup files
[6.372s] -- Added test 'clang_format' to check C / C++ code style
[6.402s] -- Configuring done
[6.826s] -- Generating done
[6.864s] -- Build files have been written to: /home/r2/ros_ws/build/ldlidar_component
[6.914s] Invoked command in '/home/r2/ros_ws/build/ldlidar_component' returned '0': CMAKE_PREFIX_PATH=${CMAKE_PREFIX_PATH}:/home/r2/ros2_lidar/install/obstacle_detector:/home/r2/ros2_lidar/install/my_launch:/home/r2/ros2_lidar/install/mpu6050_imu:/opt/ros/humble /usr/bin/cmake /home/r2/ros_ws/src/ldrobot-lidar-ros2/ldlidar_component -DCMAKE_INSTALL_PREFIX=/home/r2/ros_ws/install/ldlidar_component
[6.927s] Invoking command in '/home/r2/ros_ws/build/ldlidar_component': CMAKE_PREFIX_PATH=${CMAKE_PREFIX_PATH}:/home/r2/ros2_lidar/install/obstacle_detector:/home/r2/ros2_lidar/install/my_launch:/home/r2/ros2_lidar/install/mpu6050_imu:/opt/ros/humble /usr/bin/cmake --build /home/r2/ros_ws/build/ldlidar_component -- -j4 -l4
[7.148s] [35m[1mConsolidate compiler generated dependencies of target ldlidar[0m
[7.284s] [ 70%] Built target ldlidar
[7.342s] [35m[1mConsolidate compiler generated dependencies of target ldlidar_component[0m
[7.531s] [100%] Built target ldlidar_component
[7.578s] Invoked command in '/home/r2/ros_ws/build/ldlidar_component' returned '0': CMAKE_PREFIX_PATH=${CMAKE_PREFIX_PATH}:/home/r2/ros2_lidar/install/obstacle_detector:/home/r2/ros2_lidar/install/my_launch:/home/r2/ros2_lidar/install/mpu6050_imu:/opt/ros/humble /usr/bin/cmake --build /home/r2/ros_ws/build/ldlidar_component -- -j4 -l4
[7.628s] Invoking command in '/home/r2/ros_ws/build/ldlidar_component': CMAKE_PREFIX_PATH=${CMAKE_PREFIX_PATH}:/home/r2/ros2_lidar/install/obstacle_detector:/home/r2/ros2_lidar/install/my_launch:/home/r2/ros2_lidar/install/mpu6050_imu:/opt/ros/humble /usr/bin/cmake --install /home/r2/ros_ws/build/ldlidar_component
[7.655s] -- Install configuration: "Release"
[7.657s] -- Execute custom install script
[7.660s] -- Up-to-date symlink: /home/r2/ros_ws/install/ldlidar_component/lib/libldlidar_component.so
[7.663s] -- Up-to-date symlink: /home/r2/ros_ws/install/ldlidar_component/include/ldlidar_component//defines.hpp
[7.664s] -- Up-to-date symlink: /home/r2/ros_ws/install/ldlidar_component/include/ldlidar_component//ldlidar_component.hpp
[7.666s] -- Up-to-date symlink: /home/r2/ros_ws/install/ldlidar_component/include/ldlidar_component//ldlidar_tools.hpp
[7.668s] -- Up-to-date symlink: /home/r2/ros_ws/install/ldlidar_component/include/ldlidar_component//visibility_control.hpp
[7.670s] -- Up-to-date symlink: /home/r2/ros_ws/install/ldlidar_component/include/ldlidar_component//ldlidar_datatype.h
[7.672s] -- Up-to-date symlink: /home/r2/ros_ws/install/ldlidar_component/include/ldlidar_component//ldlidar_driver.h
[7.674s] -- Up-to-date symlink: /home/r2/ros_ws/install/ldlidar_component/include/ldlidar_component//lipkg.h
[7.677s] -- Up-to-date symlink: /home/r2/ros_ws/install/ldlidar_component/include/ldlidar_component//tofbf.h
[7.679s] -- Up-to-date symlink: /home/r2/ros_ws/install/ldlidar_component/include/ldlidar_component//log_module.h
[7.684s] -- Up-to-date symlink: /home/r2/ros_ws/install/ldlidar_component/include/ldlidar_component//network_socket_interface_linux.h
[7.684s] -- Up-to-date symlink: /home/r2/ros_ws/install/ldlidar_component/include/ldlidar_component//serial_interface_linux.h
[7.686s] -- Up-to-date symlink: /home/r2/ros_ws/install/ldlidar_component/share/ldlidar_component/environment/library_path.sh
[7.687s] -- Up-to-date symlink: /home/r2/ros_ws/install/ldlidar_component/share/ldlidar_component/environment/library_path.dsv
[7.688s] -- Up-to-date symlink: /home/r2/ros_ws/install/ldlidar_component/share/ament_index/resource_index/package_run_dependencies/ldlidar_component
[7.690s] -- Up-to-date symlink: /home/r2/ros_ws/install/ldlidar_component/share/ament_index/resource_index/parent_prefix_path/ldlidar_component
[7.692s] -- Up-to-date symlink: /home/r2/ros_ws/install/ldlidar_component/share/ldlidar_component/environment/ament_prefix_path.sh
[7.693s] -- Up-to-date symlink: /home/r2/ros_ws/install/ldlidar_component/share/ldlidar_component/environment/ament_prefix_path.dsv
[7.694s] -- Up-to-date symlink: /home/r2/ros_ws/install/ldlidar_component/share/ldlidar_component/environment/path.sh
[7.696s] -- Up-to-date symlink: /home/r2/ros_ws/install/ldlidar_component/share/ldlidar_component/environment/path.dsv
[7.697s] -- Up-to-date symlink: /home/r2/ros_ws/install/ldlidar_component/share/ldlidar_component/local_setup.bash
[7.699s] -- Up-to-date symlink: /home/r2/ros_ws/install/ldlidar_component/share/ldlidar_component/local_setup.sh
[7.700s] -- Up-to-date symlink: /home/r2/ros_ws/install/ldlidar_component/share/ldlidar_component/local_setup.zsh
[7.701s] -- Up-to-date symlink: /home/r2/ros_ws/install/ldlidar_component/share/ldlidar_component/local_setup.dsv
[7.702s] -- Symlinking: /home/r2/ros_ws/install/ldlidar_component/share/ldlidar_component/package.dsv
[7.739s] -- Up-to-date symlink: /home/r2/ros_ws/install/ldlidar_component/share/ament_index/resource_index/packages/ldlidar_component
[7.741s] -- Up-to-date symlink: /home/r2/ros_ws/install/ldlidar_component/share/ament_index/resource_index/rclcpp_components/ldlidar_component
[7.743s] -- Up-to-date symlink: /home/r2/ros_ws/install/ldlidar_component/share/ldlidar_component/cmake/ament_cmake_export_include_directories-extras.cmake
[7.745s] -- Up-to-date symlink: /home/r2/ros_ws/install/ldlidar_component/share/ldlidar_component/cmake/ament_cmake_export_libraries-extras.cmake
[7.746s] -- Up-to-date symlink: /home/r2/ros_ws/install/ldlidar_component/share/ldlidar_component/cmake/ament_cmake_export_dependencies-extras.cmake
[7.748s] -- Up-to-date symlink: /home/r2/ros_ws/install/ldlidar_component/share/ldlidar_component/cmake/ldlidar_componentConfig.cmake
[7.750s] -- Up-to-date symlink: /home/r2/ros_ws/install/ldlidar_component/share/ldlidar_component/cmake/ldlidar_componentConfig-version.cmake
[7.751s] -- Up-to-date symlink: /home/r2/ros_ws/install/ldlidar_component/share/ldlidar_component/package.xml
[7.760s] Invoked command in '/home/r2/ros_ws/build/ldlidar_component' returned '0': CMAKE_PREFIX_PATH=${CMAKE_PREFIX_PATH}:/home/r2/ros2_lidar/install/obstacle_detector:/home/r2/ros2_lidar/install/my_launch:/home/r2/ros2_lidar/install/mpu6050_imu:/opt/ros/humble /usr/bin/cmake --install /home/r2/ros_ws/build/ldlidar_component
