[0.057s] Invoking command in '/home/r2/ros_ws/build/ldlidar_component': CMAKE_PREFIX_PATH=${CMAKE_PREFIX_PATH}:/home/r2/ros2_lidar/install/obstacle_detector:/home/r2/ros2_lidar/install/my_launch:/home/r2/ros2_lidar/install/mpu6050_imu:/opt/ros/humble /usr/bin/cmake /home/r2/ros_ws/src/ldrobot-lidar-ros2/ldlidar_component -DCMAKE_BUILD_TYPE=Release -DAMENT_CMAKE_SYMLINK_INSTALL=1 -DCMAKE_INSTALL_PREFIX=/home/r2/ros_ws/install/ldlidar_component
[0.998s] -- The C compiler identification is GNU 11.4.0
[1.776s] -- The CXX compiler identification is GNU 11.4.0
[1.828s] -- Detecting C compiler ABI info
[2.267s] -- Detecting C compiler ABI info - done
[2.296s] -- Check for working C compiler: /usr/bin/cc - skipped
[2.298s] -- Detecting C compile features
[2.301s] -- Detecting C compile features - done
[2.320s] -- Detecting CXX compiler ABI info
[2.757s] -- Detecting CXX compiler ABI info - done
[2.792s] -- Check for working CXX compiler: /usr/bin/c++ - skipped
[2.793s] -- Detecting CXX compile features
[2.795s] -- Detecting CXX compile features - done
[2.799s] --  * Release Mode
[2.800s] -- * Found ROS2 humble
[2.800s] -- * ROS2 humble is officially supported by this package.
[2.855s] -- Found ament_cmake: 1.3.11 (/opt/ros/humble/share/ament_cmake/cmake)
[3.845s] -- Found Python3: /usr/bin/python3 (found version "3.10.12") found components: Interpreter 
[4.260s] -- Override CMake install command with custom implementation using symlinks instead of copying resources
[4.798s] -- Found rclcpp_lifecycle: 16.0.11 (/opt/ros/humble/share/rclcpp_lifecycle/cmake)
[5.442s] -- Found rosidl_generator_c: 3.1.6 (/opt/ros/humble/share/rosidl_generator_c/cmake)
[5.519s] -- Found rosidl_adapter: 3.1.6 (/opt/ros/humble/share/rosidl_adapter/cmake)
[5.619s] -- Found rosidl_generator_cpp: 3.1.6 (/opt/ros/humble/share/rosidl_generator_cpp/cmake)
[5.752s] -- Using all available rosidl_typesupport_c: rosidl_typesupport_fastrtps_c;rosidl_typesupport_introspection_c
[5.928s] -- Using all available rosidl_typesupport_cpp: rosidl_typesupport_fastrtps_cpp;rosidl_typesupport_introspection_cpp
[6.434s] -- Found rmw_implementation_cmake: 6.1.2 (/opt/ros/humble/share/rmw_implementation_cmake/cmake)
[6.478s] -- Found rmw_fastrtps_cpp: 6.2.7 (/opt/ros/humble/share/rmw_fastrtps_cpp/cmake)
[7.288s] -- Found OpenSSL: /usr/lib/aarch64-linux-gnu/libcrypto.so (found version "3.0.2")  
[7.639s] -- Found FastRTPS: /opt/ros/humble/include  
[8.205s] -- Using RMW implementation 'rmw_fastrtps_cpp' as default
[8.335s] -- Looking for pthread.h
[8.769s] -- Looking for pthread.h - found
[8.769s] -- Performing Test CMAKE_HAVE_LIBC_PTHREAD
[9.180s] -- Performing Test CMAKE_HAVE_LIBC_PTHREAD - Success
[9.184s] -- Found Threads: TRUE  
[9.827s] -- Found rclcpp_components: 16.0.11 (/opt/ros/humble/share/rclcpp_components/cmake)
[10.187s] -- Found nav2_util: 1.1.18 (/opt/ros/humble/share/nav2_util/cmake)
[11.556s] -- Found eigen3_cmake_module: 0.1.1 (/opt/ros/humble/share/eigen3_cmake_module/cmake)
[11.566s] -- Found Eigen3: TRUE (found version "3.4.0") 
[11.567s] -- Ensuring Eigen3 include directory is part of orocos-kdl CMake target
[11.856s] -- Found sensor_msgs: 4.2.4 (/opt/ros/humble/share/sensor_msgs/cmake)
[11.993s] -- Found diagnostic_msgs: 4.2.4 (/opt/ros/humble/share/diagnostic_msgs/cmake)
[12.101s] -- Found diagnostic_updater: 4.0.2 (/opt/ros/humble/share/diagnostic_updater/cmake)
[12.318s] -- Found ament_lint_auto: 0.12.11 (/opt/ros/humble/share/ament_lint_auto/cmake)
[13.053s] -- Added test 'copyright' to check source files copyright and LICENSE
[13.100s] -- Added test 'cppcheck' to perform static code analysis on C / C++ code
[13.105s] -- Configured cppcheck include dirs: /home/r2/ros_ws/src/ldrobot-lidar-ros2/ldlidar_component/include;/home/r2/ros_ws/src/ldrobot-lidar-ros2/ldlidar_component/tools/include;/home/r2/ros_ws/src/ldrobot-lidar-ros2/ldlidar_component/component/include;/home/r2/ros_ws/src/ldrobot-lidar-ros2/ldlidar_component/ldlidar_driver/include/core;/home/r2/ros_ws/src/ldrobot-lidar-ros2/ldlidar_component/ldlidar_driver/include/dataprocess;/home/r2/ros_ws/src/ldrobot-lidar-ros2/ldlidar_component/ldlidar_driver/include/filter;/home/r2/ros_ws/src/ldrobot-lidar-ros2/ldlidar_component/ldlidar_driver/include/logger;/home/r2/ros_ws/src/ldrobot-lidar-ros2/ldlidar_component/ldlidar_driver/include/networkcom;/home/r2/ros_ws/src/ldrobot-lidar-ros2/ldlidar_component/ldlidar_driver/include/serialcom
[13.107s] -- Configured cppcheck exclude dirs and/or files: 
[13.151s] -- Added test 'cpplint' to check C / C++ code against the Google style
[13.151s] -- Configured cpplint exclude dirs and/or files: 
[13.171s] -- Added test 'lint_cmake' to check CMake code style
[13.221s] -- Added test 'uncrustify' to check C / C++ code style
[13.222s] -- Configured uncrustify additional arguments: 
[13.231s] -- Added test 'xmllint' to check XML markup files
[13.275s] -- Added test 'clang_format' to check C / C++ code style
[13.315s] -- Configuring done
[13.681s] -- Generating done
[13.718s] -- Build files have been written to: /home/r2/ros_ws/build/ldlidar_component
[13.792s] Invoked command in '/home/r2/ros_ws/build/ldlidar_component' returned '0': CMAKE_PREFIX_PATH=${CMAKE_PREFIX_PATH}:/home/r2/ros2_lidar/install/obstacle_detector:/home/r2/ros2_lidar/install/my_launch:/home/r2/ros2_lidar/install/mpu6050_imu:/opt/ros/humble /usr/bin/cmake /home/r2/ros_ws/src/ldrobot-lidar-ros2/ldlidar_component -DCMAKE_BUILD_TYPE=Release -DAMENT_CMAKE_SYMLINK_INSTALL=1 -DCMAKE_INSTALL_PREFIX=/home/r2/ros_ws/install/ldlidar_component
[13.794s] Invoking command in '/home/r2/ros_ws/build/ldlidar_component': CMAKE_PREFIX_PATH=${CMAKE_PREFIX_PATH}:/home/r2/ros2_lidar/install/obstacle_detector:/home/r2/ros2_lidar/install/my_launch:/home/r2/ros2_lidar/install/mpu6050_imu:/opt/ros/humble /usr/bin/cmake --build /home/r2/ros_ws/build/ldlidar_component -- -j4 -l4
[14.061s] [ 10%] [32mBuilding CXX object ldlidar_driver/CMakeFiles/ldlidar.dir/src/dataprocess/lipkg.cpp.o[0m
[14.068s] [ 20%] [32mBuilding CXX object ldlidar_driver/CMakeFiles/ldlidar.dir/src/logger/log_module.cpp.o[0m
[14.079s] [ 30%] [32mBuilding CXX object ldlidar_driver/CMakeFiles/ldlidar.dir/src/core/ldlidar_driver.cpp.o[0m
[14.101s] [ 40%] [32mBuilding CXX object ldlidar_driver/CMakeFiles/ldlidar.dir/src/filter/tofbf.cpp.o[0m
[18.504s] [ 50%] [32mBuilding CXX object ldlidar_driver/CMakeFiles/ldlidar.dir/src/networkcom/network_socket_interface_linux.cpp.o[0m
[20.865s] [ 60%] [32mBuilding CXX object ldlidar_driver/CMakeFiles/ldlidar.dir/src/serialcom/serial_interface_linux.cpp.o[0m
[24.110s] [ 70%] [32m[1mLinking CXX static library libldlidar.a[0m
[24.290s] [ 70%] Built target ldlidar
[24.398s] [ 80%] [32mBuilding CXX object CMakeFiles/ldlidar_component.dir/tools/src/ldlidar_tools.cpp.o[0m
[24.401s] [ 90%] [32mBuilding CXX object CMakeFiles/ldlidar_component.dir/component/src/ldlidar_component.cpp.o[0m
[73.047s] [100%] [32m[1mLinking CXX shared library libldlidar_component.so[0m
[74.684s] [100%] Built target ldlidar_component
[74.736s] Invoked command in '/home/r2/ros_ws/build/ldlidar_component' returned '0': CMAKE_PREFIX_PATH=${CMAKE_PREFIX_PATH}:/home/r2/ros2_lidar/install/obstacle_detector:/home/r2/ros2_lidar/install/my_launch:/home/r2/ros2_lidar/install/mpu6050_imu:/opt/ros/humble /usr/bin/cmake --build /home/r2/ros_ws/build/ldlidar_component -- -j4 -l4
[74.783s] Invoking command in '/home/r2/ros_ws/build/ldlidar_component': CMAKE_PREFIX_PATH=${CMAKE_PREFIX_PATH}:/home/r2/ros2_lidar/install/obstacle_detector:/home/r2/ros2_lidar/install/my_launch:/home/r2/ros2_lidar/install/mpu6050_imu:/opt/ros/humble /usr/bin/cmake --install /home/r2/ros_ws/build/ldlidar_component
[74.815s] -- Install configuration: "Release"
[74.818s] -- Execute custom install script
[74.821s] -- Symlinking: /home/r2/ros_ws/install/ldlidar_component/lib/libldlidar_component.so
[74.860s] -- Symlinking: /home/r2/ros_ws/install/ldlidar_component/include/ldlidar_component//defines.hpp
[74.898s] -- Symlinking: /home/r2/ros_ws/install/ldlidar_component/include/ldlidar_component//ldlidar_component.hpp
[74.934s] -- Symlinking: /home/r2/ros_ws/install/ldlidar_component/include/ldlidar_component//ldlidar_tools.hpp
[74.971s] -- Symlinking: /home/r2/ros_ws/install/ldlidar_component/include/ldlidar_component//visibility_control.hpp
[75.010s] -- Symlinking: /home/r2/ros_ws/install/ldlidar_component/include/ldlidar_component//ldlidar_datatype.h
[75.047s] -- Symlinking: /home/r2/ros_ws/install/ldlidar_component/include/ldlidar_component//ldlidar_driver.h
[75.084s] -- Symlinking: /home/r2/ros_ws/install/ldlidar_component/include/ldlidar_component//lipkg.h
[75.122s] -- Symlinking: /home/r2/ros_ws/install/ldlidar_component/include/ldlidar_component//tofbf.h
[75.160s] -- Symlinking: /home/r2/ros_ws/install/ldlidar_component/include/ldlidar_component//log_module.h
[75.200s] -- Symlinking: /home/r2/ros_ws/install/ldlidar_component/include/ldlidar_component//network_socket_interface_linux.h
[75.236s] -- Symlinking: /home/r2/ros_ws/install/ldlidar_component/include/ldlidar_component//serial_interface_linux.h
[75.273s] -- Symlinking: /home/r2/ros_ws/install/ldlidar_component/share/ldlidar_component/environment/library_path.sh
[75.312s] -- Symlinking: /home/r2/ros_ws/install/ldlidar_component/share/ldlidar_component/environment/library_path.dsv
[75.348s] -- Symlinking: /home/r2/ros_ws/install/ldlidar_component/share/ament_index/resource_index/package_run_dependencies/ldlidar_component
[75.386s] -- Symlinking: /home/r2/ros_ws/install/ldlidar_component/share/ament_index/resource_index/parent_prefix_path/ldlidar_component
[75.423s] -- Symlinking: /home/r2/ros_ws/install/ldlidar_component/share/ldlidar_component/environment/ament_prefix_path.sh
[75.459s] -- Symlinking: /home/r2/ros_ws/install/ldlidar_component/share/ldlidar_component/environment/ament_prefix_path.dsv
[75.496s] -- Symlinking: /home/r2/ros_ws/install/ldlidar_component/share/ldlidar_component/environment/path.sh
[75.531s] -- Symlinking: /home/r2/ros_ws/install/ldlidar_component/share/ldlidar_component/environment/path.dsv
[75.567s] -- Symlinking: /home/r2/ros_ws/install/ldlidar_component/share/ldlidar_component/local_setup.bash
[75.603s] -- Symlinking: /home/r2/ros_ws/install/ldlidar_component/share/ldlidar_component/local_setup.sh
[75.639s] -- Symlinking: /home/r2/ros_ws/install/ldlidar_component/share/ldlidar_component/local_setup.zsh
[75.675s] -- Symlinking: /home/r2/ros_ws/install/ldlidar_component/share/ldlidar_component/local_setup.dsv
[75.723s] -- Symlinking: /home/r2/ros_ws/install/ldlidar_component/share/ldlidar_component/package.dsv
[75.765s] -- Symlinking: /home/r2/ros_ws/install/ldlidar_component/share/ament_index/resource_index/packages/ldlidar_component
[75.803s] -- Symlinking: /home/r2/ros_ws/install/ldlidar_component/share/ament_index/resource_index/rclcpp_components/ldlidar_component
[75.840s] -- Symlinking: /home/r2/ros_ws/install/ldlidar_component/share/ldlidar_component/cmake/ament_cmake_export_include_directories-extras.cmake
[75.877s] -- Symlinking: /home/r2/ros_ws/install/ldlidar_component/share/ldlidar_component/cmake/ament_cmake_export_libraries-extras.cmake
[75.916s] -- Symlinking: /home/r2/ros_ws/install/ldlidar_component/share/ldlidar_component/cmake/ament_cmake_export_dependencies-extras.cmake
[75.953s] -- Symlinking: /home/r2/ros_ws/install/ldlidar_component/share/ldlidar_component/cmake/ldlidar_componentConfig.cmake
[75.993s] -- Symlinking: /home/r2/ros_ws/install/ldlidar_component/share/ldlidar_component/cmake/ldlidar_componentConfig-version.cmake
[76.029s] -- Symlinking: /home/r2/ros_ws/install/ldlidar_component/share/ldlidar_component/package.xml
[76.074s] Invoked command in '/home/r2/ros_ws/build/ldlidar_component' returned '0': CMAKE_PREFIX_PATH=${CMAKE_PREFIX_PATH}:/home/r2/ros2_lidar/install/obstacle_detector:/home/r2/ros2_lidar/install/my_launch:/home/r2/ros2_lidar/install/mpu6050_imu:/opt/ros/humble /usr/bin/cmake --install /home/r2/ros_ws/build/ldlidar_component
