[0.722s] DEBUG:colcon:Command line arguments: ['/usr/bin/colcon', 'build']
[0.722s] DEBUG:colcon:Parsed command line arguments: Namespace(log_base=None, log_level=None, verb_name='build', build_base='build', install_base='install', merge_install=False, symlink_install=False, test_result_base=None, continue_on_error=False, executor='parallel', parallel_workers=4, event_handlers=None, ignore_user_meta=False, metas=['./colcon.meta'], base_paths=['.'], packages_ignore=None, packages_ignore_regex=None, paths=None, packages_up_to=None, packages_up_to_regex=None, packages_above=None, packages_above_and_dependencies=None, packages_above_depth=None, packages_select_by_dep=None, packages_skip_by_dep=None, packages_skip_up_to=None, packages_select_build_failed=False, packages_skip_build_finished=False, packages_select_test_failures=False, packages_skip_test_passed=False, packages_select=None, packages_skip=None, packages_select_regex=None, packages_skip_regex=None, packages_start=None, packages_end=None, allow_overriding=[], cmake_args=None, cmake_target=None, cmake_target_skip_unavailable=False, cmake_clean_cache=False, cmake_clean_first=False, cmake_force_configure=False, ament_cmake_args=None, catkin_cmake_args=None, catkin_skip_building_tests=False, verb_parser=<colcon_defaults.argument_parser.defaults.DefaultArgumentsDecorator object at 0xffffa6ab7ca0>, verb_extension=<colcon_core.verb.build.BuildVerb object at 0xffffa6c11000>, main=<bound method BuildVerb.main of <colcon_core.verb.build.BuildVerb object at 0xffffa6c11000>>)
[2.555s] Level 1:colcon.colcon_core.package_discovery:discover_packages(colcon_meta) check parameters
[2.555s] Level 1:colcon.colcon_core.package_discovery:discover_packages(recursive) check parameters
[2.555s] Level 1:colcon.colcon_core.package_discovery:discover_packages(ignore) check parameters
[2.555s] Level 1:colcon.colcon_core.package_discovery:discover_packages(path) check parameters
[2.556s] Level 1:colcon.colcon_core.package_discovery:discover_packages(colcon_meta) discover
[2.556s] Level 1:colcon.colcon_core.package_discovery:discover_packages(recursive) discover
[2.556s] INFO:colcon.colcon_core.package_discovery:Crawling recursively for packages in '/home/r2/ros_ws'
[2.557s] Level 1:colcon.colcon_core.package_identification:_identify(.) by extensions ['ignore', 'ignore_ament_install']
[2.557s] Level 1:colcon.colcon_core.package_identification:_identify(.) by extension 'ignore'
[2.558s] Level 1:colcon.colcon_core.package_identification:_identify(.) by extension 'ignore_ament_install'
[2.558s] Level 1:colcon.colcon_core.package_identification:_identify(.) by extensions ['colcon_pkg']
[2.558s] Level 1:colcon.colcon_core.package_identification:_identify(.) by extension 'colcon_pkg'
[2.558s] Level 1:colcon.colcon_core.package_identification:_identify(.) by extensions ['colcon_meta']
[2.558s] Level 1:colcon.colcon_core.package_identification:_identify(.) by extension 'colcon_meta'
[2.559s] Level 1:colcon.colcon_core.package_identification:_identify(.) by extensions ['ros']
[2.559s] Level 1:colcon.colcon_core.package_identification:_identify(.) by extension 'ros'
[2.641s] Level 1:colcon.colcon_core.package_identification:_identify(.) by extensions ['cmake', 'python']
[2.641s] Level 1:colcon.colcon_core.package_identification:_identify(.) by extension 'cmake'
[2.641s] Level 1:colcon.colcon_core.package_identification:_identify(.) by extension 'python'
[2.642s] Level 1:colcon.colcon_core.package_identification:_identify(.) by extensions ['python_setup_py']
[2.642s] Level 1:colcon.colcon_core.package_identification:_identify(.) by extension 'python_setup_py'
[2.643s] Level 1:colcon.colcon_core.package_identification:_identify(build) by extensions ['ignore', 'ignore_ament_install']
[2.644s] Level 1:colcon.colcon_core.package_identification:_identify(build) by extension 'ignore'
[2.644s] Level 1:colcon.colcon_core.package_identification:_identify(build) ignored
[2.646s] Level 1:colcon.colcon_core.package_identification:_identify(install) by extensions ['ignore', 'ignore_ament_install']
[2.646s] Level 1:colcon.colcon_core.package_identification:_identify(install) by extension 'ignore'
[2.647s] Level 1:colcon.colcon_core.package_identification:_identify(install) ignored
[2.648s] Level 1:colcon.colcon_core.package_identification:_identify(log) by extensions ['ignore', 'ignore_ament_install']
[2.648s] Level 1:colcon.colcon_core.package_identification:_identify(log) by extension 'ignore'
[2.648s] Level 1:colcon.colcon_core.package_identification:_identify(log) ignored
[2.650s] Level 1:colcon.colcon_core.package_identification:_identify(src) by extensions ['ignore', 'ignore_ament_install']
[2.650s] Level 1:colcon.colcon_core.package_identification:_identify(src) by extension 'ignore'
[2.650s] Level 1:colcon.colcon_core.package_identification:_identify(src) by extension 'ignore_ament_install'
[2.651s] Level 1:colcon.colcon_core.package_identification:_identify(src) by extensions ['colcon_pkg']
[2.651s] Level 1:colcon.colcon_core.package_identification:_identify(src) by extension 'colcon_pkg'
[2.651s] Level 1:colcon.colcon_core.package_identification:_identify(src) by extensions ['colcon_meta']
[2.651s] Level 1:colcon.colcon_core.package_identification:_identify(src) by extension 'colcon_meta'
[2.651s] Level 1:colcon.colcon_core.package_identification:_identify(src) by extensions ['ros']
[2.652s] Level 1:colcon.colcon_core.package_identification:_identify(src) by extension 'ros'
[2.652s] Level 1:colcon.colcon_core.package_identification:_identify(src) by extensions ['cmake', 'python']
[2.652s] Level 1:colcon.colcon_core.package_identification:_identify(src) by extension 'cmake'
[2.652s] Level 1:colcon.colcon_core.package_identification:_identify(src) by extension 'python'
[2.652s] Level 1:colcon.colcon_core.package_identification:_identify(src) by extensions ['python_setup_py']
[2.653s] Level 1:colcon.colcon_core.package_identification:_identify(src) by extension 'python_setup_py'
[2.654s] Level 1:colcon.colcon_core.package_identification:_identify(src/ldrobot-lidar-ros2) by extensions ['ignore', 'ignore_ament_install']
[2.654s] Level 1:colcon.colcon_core.package_identification:_identify(src/ldrobot-lidar-ros2) by extension 'ignore'
[2.655s] Level 1:colcon.colcon_core.package_identification:_identify(src/ldrobot-lidar-ros2) by extension 'ignore_ament_install'
[2.655s] Level 1:colcon.colcon_core.package_identification:_identify(src/ldrobot-lidar-ros2) by extensions ['colcon_pkg']
[2.655s] Level 1:colcon.colcon_core.package_identification:_identify(src/ldrobot-lidar-ros2) by extension 'colcon_pkg'
[2.655s] Level 1:colcon.colcon_core.package_identification:_identify(src/ldrobot-lidar-ros2) by extensions ['colcon_meta']
[2.656s] Level 1:colcon.colcon_core.package_identification:_identify(src/ldrobot-lidar-ros2) by extension 'colcon_meta'
[2.656s] Level 1:colcon.colcon_core.package_identification:_identify(src/ldrobot-lidar-ros2) by extensions ['ros']
[2.656s] Level 1:colcon.colcon_core.package_identification:_identify(src/ldrobot-lidar-ros2) by extension 'ros'
[2.657s] Level 1:colcon.colcon_core.package_identification:_identify(src/ldrobot-lidar-ros2) by extensions ['cmake', 'python']
[2.657s] Level 1:colcon.colcon_core.package_identification:_identify(src/ldrobot-lidar-ros2) by extension 'cmake'
[2.657s] Level 1:colcon.colcon_core.package_identification:_identify(src/ldrobot-lidar-ros2) by extension 'python'
[2.657s] Level 1:colcon.colcon_core.package_identification:_identify(src/ldrobot-lidar-ros2) by extensions ['python_setup_py']
[2.657s] Level 1:colcon.colcon_core.package_identification:_identify(src/ldrobot-lidar-ros2) by extension 'python_setup_py'
[2.658s] Level 1:colcon.colcon_core.package_identification:_identify(src/ldrobot-lidar-ros2/3d_model) by extensions ['ignore', 'ignore_ament_install']
[2.658s] Level 1:colcon.colcon_core.package_identification:_identify(src/ldrobot-lidar-ros2/3d_model) by extension 'ignore'
[2.659s] Level 1:colcon.colcon_core.package_identification:_identify(src/ldrobot-lidar-ros2/3d_model) by extension 'ignore_ament_install'
[2.659s] Level 1:colcon.colcon_core.package_identification:_identify(src/ldrobot-lidar-ros2/3d_model) by extensions ['colcon_pkg']
[2.659s] Level 1:colcon.colcon_core.package_identification:_identify(src/ldrobot-lidar-ros2/3d_model) by extension 'colcon_pkg'
[2.659s] Level 1:colcon.colcon_core.package_identification:_identify(src/ldrobot-lidar-ros2/3d_model) by extensions ['colcon_meta']
[2.659s] Level 1:colcon.colcon_core.package_identification:_identify(src/ldrobot-lidar-ros2/3d_model) by extension 'colcon_meta'
[2.660s] Level 1:colcon.colcon_core.package_identification:_identify(src/ldrobot-lidar-ros2/3d_model) by extensions ['ros']
[2.660s] Level 1:colcon.colcon_core.package_identification:_identify(src/ldrobot-lidar-ros2/3d_model) by extension 'ros'
[2.660s] Level 1:colcon.colcon_core.package_identification:_identify(src/ldrobot-lidar-ros2/3d_model) by extensions ['cmake', 'python']
[2.660s] Level 1:colcon.colcon_core.package_identification:_identify(src/ldrobot-lidar-ros2/3d_model) by extension 'cmake'
[2.661s] Level 1:colcon.colcon_core.package_identification:_identify(src/ldrobot-lidar-ros2/3d_model) by extension 'python'
[2.661s] Level 1:colcon.colcon_core.package_identification:_identify(src/ldrobot-lidar-ros2/3d_model) by extensions ['python_setup_py']
[2.661s] Level 1:colcon.colcon_core.package_identification:_identify(src/ldrobot-lidar-ros2/3d_model) by extension 'python_setup_py'
[2.662s] Level 1:colcon.colcon_core.package_identification:_identify(src/ldrobot-lidar-ros2/config) by extensions ['ignore', 'ignore_ament_install']
[2.662s] Level 1:colcon.colcon_core.package_identification:_identify(src/ldrobot-lidar-ros2/config) by extension 'ignore'
[2.662s] Level 1:colcon.colcon_core.package_identification:_identify(src/ldrobot-lidar-ros2/config) by extension 'ignore_ament_install'
[2.663s] Level 1:colcon.colcon_core.package_identification:_identify(src/ldrobot-lidar-ros2/config) by extensions ['colcon_pkg']
[2.663s] Level 1:colcon.colcon_core.package_identification:_identify(src/ldrobot-lidar-ros2/config) by extension 'colcon_pkg'
[2.663s] Level 1:colcon.colcon_core.package_identification:_identify(src/ldrobot-lidar-ros2/config) by extensions ['colcon_meta']
[2.663s] Level 1:colcon.colcon_core.package_identification:_identify(src/ldrobot-lidar-ros2/config) by extension 'colcon_meta'
[2.663s] Level 1:colcon.colcon_core.package_identification:_identify(src/ldrobot-lidar-ros2/config) by extensions ['ros']
[2.663s] Level 1:colcon.colcon_core.package_identification:_identify(src/ldrobot-lidar-ros2/config) by extension 'ros'
[2.664s] Level 1:colcon.colcon_core.package_identification:_identify(src/ldrobot-lidar-ros2/config) by extensions ['cmake', 'python']
[2.664s] Level 1:colcon.colcon_core.package_identification:_identify(src/ldrobot-lidar-ros2/config) by extension 'cmake'
[2.664s] Level 1:colcon.colcon_core.package_identification:_identify(src/ldrobot-lidar-ros2/config) by extension 'python'
[2.664s] Level 1:colcon.colcon_core.package_identification:_identify(src/ldrobot-lidar-ros2/config) by extensions ['python_setup_py']
[2.665s] Level 1:colcon.colcon_core.package_identification:_identify(src/ldrobot-lidar-ros2/config) by extension 'python_setup_py'
[2.665s] Level 1:colcon.colcon_core.package_identification:_identify(src/ldrobot-lidar-ros2/docs) by extensions ['ignore', 'ignore_ament_install']
[2.666s] Level 1:colcon.colcon_core.package_identification:_identify(src/ldrobot-lidar-ros2/docs) by extension 'ignore'
[2.666s] Level 1:colcon.colcon_core.package_identification:_identify(src/ldrobot-lidar-ros2/docs) by extension 'ignore_ament_install'
[2.666s] Level 1:colcon.colcon_core.package_identification:_identify(src/ldrobot-lidar-ros2/docs) by extensions ['colcon_pkg']
[2.666s] Level 1:colcon.colcon_core.package_identification:_identify(src/ldrobot-lidar-ros2/docs) by extension 'colcon_pkg'
[2.667s] Level 1:colcon.colcon_core.package_identification:_identify(src/ldrobot-lidar-ros2/docs) by extensions ['colcon_meta']
[2.667s] Level 1:colcon.colcon_core.package_identification:_identify(src/ldrobot-lidar-ros2/docs) by extension 'colcon_meta'
[2.667s] Level 1:colcon.colcon_core.package_identification:_identify(src/ldrobot-lidar-ros2/docs) by extensions ['ros']
[2.667s] Level 1:colcon.colcon_core.package_identification:_identify(src/ldrobot-lidar-ros2/docs) by extension 'ros'
[2.668s] Level 1:colcon.colcon_core.package_identification:_identify(src/ldrobot-lidar-ros2/docs) by extensions ['cmake', 'python']
[2.668s] Level 1:colcon.colcon_core.package_identification:_identify(src/ldrobot-lidar-ros2/docs) by extension 'cmake'
[2.668s] Level 1:colcon.colcon_core.package_identification:_identify(src/ldrobot-lidar-ros2/docs) by extension 'python'
[2.668s] Level 1:colcon.colcon_core.package_identification:_identify(src/ldrobot-lidar-ros2/docs) by extensions ['python_setup_py']
[2.668s] Level 1:colcon.colcon_core.package_identification:_identify(src/ldrobot-lidar-ros2/docs) by extension 'python_setup_py'
[2.669s] Level 1:colcon.colcon_core.package_identification:_identify(src/ldrobot-lidar-ros2/images) by extensions ['ignore', 'ignore_ament_install']
[2.669s] Level 1:colcon.colcon_core.package_identification:_identify(src/ldrobot-lidar-ros2/images) by extension 'ignore'
[2.670s] Level 1:colcon.colcon_core.package_identification:_identify(src/ldrobot-lidar-ros2/images) by extension 'ignore_ament_install'
[2.670s] Level 1:colcon.colcon_core.package_identification:_identify(src/ldrobot-lidar-ros2/images) by extensions ['colcon_pkg']
[2.670s] Level 1:colcon.colcon_core.package_identification:_identify(src/ldrobot-lidar-ros2/images) by extension 'colcon_pkg'
[2.670s] Level 1:colcon.colcon_core.package_identification:_identify(src/ldrobot-lidar-ros2/images) by extensions ['colcon_meta']
[2.670s] Level 1:colcon.colcon_core.package_identification:_identify(src/ldrobot-lidar-ros2/images) by extension 'colcon_meta'
[2.671s] Level 1:colcon.colcon_core.package_identification:_identify(src/ldrobot-lidar-ros2/images) by extensions ['ros']
[2.671s] Level 1:colcon.colcon_core.package_identification:_identify(src/ldrobot-lidar-ros2/images) by extension 'ros'
[2.671s] Level 1:colcon.colcon_core.package_identification:_identify(src/ldrobot-lidar-ros2/images) by extensions ['cmake', 'python']
[2.671s] Level 1:colcon.colcon_core.package_identification:_identify(src/ldrobot-lidar-ros2/images) by extension 'cmake'
[2.671s] Level 1:colcon.colcon_core.package_identification:_identify(src/ldrobot-lidar-ros2/images) by extension 'python'
[2.672s] Level 1:colcon.colcon_core.package_identification:_identify(src/ldrobot-lidar-ros2/images) by extensions ['python_setup_py']
[2.672s] Level 1:colcon.colcon_core.package_identification:_identify(src/ldrobot-lidar-ros2/images) by extension 'python_setup_py'
[2.672s] Level 1:colcon.colcon_core.package_identification:_identify(src/ldrobot-lidar-ros2/ldlidar) by extensions ['ignore', 'ignore_ament_install']
[2.673s] Level 1:colcon.colcon_core.package_identification:_identify(src/ldrobot-lidar-ros2/ldlidar) by extension 'ignore'
[2.673s] Level 1:colcon.colcon_core.package_identification:_identify(src/ldrobot-lidar-ros2/ldlidar) by extension 'ignore_ament_install'
[2.673s] Level 1:colcon.colcon_core.package_identification:_identify(src/ldrobot-lidar-ros2/ldlidar) by extensions ['colcon_pkg']
[2.673s] Level 1:colcon.colcon_core.package_identification:_identify(src/ldrobot-lidar-ros2/ldlidar) by extension 'colcon_pkg'
[2.673s] Level 1:colcon.colcon_core.package_identification:_identify(src/ldrobot-lidar-ros2/ldlidar) by extensions ['colcon_meta']
[2.674s] Level 1:colcon.colcon_core.package_identification:_identify(src/ldrobot-lidar-ros2/ldlidar) by extension 'colcon_meta'
[2.674s] Level 1:colcon.colcon_core.package_identification:_identify(src/ldrobot-lidar-ros2/ldlidar) by extensions ['ros']
[2.674s] Level 1:colcon.colcon_core.package_identification:_identify(src/ldrobot-lidar-ros2/ldlidar) by extension 'ros'
[2.688s] DEBUG:colcon.colcon_core.package_identification:Package 'src/ldrobot-lidar-ros2/ldlidar' with type 'ros.ament_cmake' and name 'ldlidar'
[2.688s] Level 1:colcon.colcon_core.package_identification:_identify(src/ldrobot-lidar-ros2/ldlidar_component) by extensions ['ignore', 'ignore_ament_install']
[2.689s] Level 1:colcon.colcon_core.package_identification:_identify(src/ldrobot-lidar-ros2/ldlidar_component) by extension 'ignore'
[2.689s] Level 1:colcon.colcon_core.package_identification:_identify(src/ldrobot-lidar-ros2/ldlidar_component) by extension 'ignore_ament_install'
[2.689s] Level 1:colcon.colcon_core.package_identification:_identify(src/ldrobot-lidar-ros2/ldlidar_component) by extensions ['colcon_pkg']
[2.690s] Level 1:colcon.colcon_core.package_identification:_identify(src/ldrobot-lidar-ros2/ldlidar_component) by extension 'colcon_pkg'
[2.690s] Level 1:colcon.colcon_core.package_identification:_identify(src/ldrobot-lidar-ros2/ldlidar_component) by extensions ['colcon_meta']
[2.690s] Level 1:colcon.colcon_core.package_identification:_identify(src/ldrobot-lidar-ros2/ldlidar_component) by extension 'colcon_meta'
[2.690s] Level 1:colcon.colcon_core.package_identification:_identify(src/ldrobot-lidar-ros2/ldlidar_component) by extensions ['ros']
[2.691s] Level 1:colcon.colcon_core.package_identification:_identify(src/ldrobot-lidar-ros2/ldlidar_component) by extension 'ros'
[2.698s] DEBUG:colcon.colcon_core.package_identification:Package 'src/ldrobot-lidar-ros2/ldlidar_component' with type 'ros.ament_cmake' and name 'ldlidar_component'
[2.700s] Level 1:colcon.colcon_core.package_identification:_identify(src/ldrobot-lidar-ros2/ldlidar_node) by extensions ['ignore', 'ignore_ament_install']
[2.701s] Level 1:colcon.colcon_core.package_identification:_identify(src/ldrobot-lidar-ros2/ldlidar_node) by extension 'ignore'
[2.701s] Level 1:colcon.colcon_core.package_identification:_identify(src/ldrobot-lidar-ros2/ldlidar_node) by extension 'ignore_ament_install'
[2.701s] Level 1:colcon.colcon_core.package_identification:_identify(src/ldrobot-lidar-ros2/ldlidar_node) by extensions ['colcon_pkg']
[2.701s] Level 1:colcon.colcon_core.package_identification:_identify(src/ldrobot-lidar-ros2/ldlidar_node) by extension 'colcon_pkg'
[2.701s] Level 1:colcon.colcon_core.package_identification:_identify(src/ldrobot-lidar-ros2/ldlidar_node) by extensions ['colcon_meta']
[2.702s] Level 1:colcon.colcon_core.package_identification:_identify(src/ldrobot-lidar-ros2/ldlidar_node) by extension 'colcon_meta'
[2.702s] Level 1:colcon.colcon_core.package_identification:_identify(src/ldrobot-lidar-ros2/ldlidar_node) by extensions ['ros']
[2.702s] Level 1:colcon.colcon_core.package_identification:_identify(src/ldrobot-lidar-ros2/ldlidar_node) by extension 'ros'
[2.706s] DEBUG:colcon.colcon_core.package_identification:Package 'src/ldrobot-lidar-ros2/ldlidar_node' with type 'ros.ament_cmake' and name 'ldlidar_node'
[2.707s] Level 1:colcon.colcon_core.package_identification:_identify(src/ldrobot-lidar-ros2/rules) by extensions ['ignore', 'ignore_ament_install']
[2.707s] Level 1:colcon.colcon_core.package_identification:_identify(src/ldrobot-lidar-ros2/rules) by extension 'ignore'
[2.708s] Level 1:colcon.colcon_core.package_identification:_identify(src/ldrobot-lidar-ros2/rules) by extension 'ignore_ament_install'
[2.708s] Level 1:colcon.colcon_core.package_identification:_identify(src/ldrobot-lidar-ros2/rules) by extensions ['colcon_pkg']
[2.708s] Level 1:colcon.colcon_core.package_identification:_identify(src/ldrobot-lidar-ros2/rules) by extension 'colcon_pkg'
[2.708s] Level 1:colcon.colcon_core.package_identification:_identify(src/ldrobot-lidar-ros2/rules) by extensions ['colcon_meta']
[2.708s] Level 1:colcon.colcon_core.package_identification:_identify(src/ldrobot-lidar-ros2/rules) by extension 'colcon_meta'
[2.709s] Level 1:colcon.colcon_core.package_identification:_identify(src/ldrobot-lidar-ros2/rules) by extensions ['ros']
[2.709s] Level 1:colcon.colcon_core.package_identification:_identify(src/ldrobot-lidar-ros2/rules) by extension 'ros'
[2.709s] Level 1:colcon.colcon_core.package_identification:_identify(src/ldrobot-lidar-ros2/rules) by extensions ['cmake', 'python']
[2.709s] Level 1:colcon.colcon_core.package_identification:_identify(src/ldrobot-lidar-ros2/rules) by extension 'cmake'
[2.710s] Level 1:colcon.colcon_core.package_identification:_identify(src/ldrobot-lidar-ros2/rules) by extension 'python'
[2.710s] Level 1:colcon.colcon_core.package_identification:_identify(src/ldrobot-lidar-ros2/rules) by extensions ['python_setup_py']
[2.710s] Level 1:colcon.colcon_core.package_identification:_identify(src/ldrobot-lidar-ros2/rules) by extension 'python_setup_py'
[2.711s] Level 1:colcon.colcon_core.package_identification:_identify(src/ldrobot-lidar-ros2/scripts) by extensions ['ignore', 'ignore_ament_install']
[2.711s] Level 1:colcon.colcon_core.package_identification:_identify(src/ldrobot-lidar-ros2/scripts) by extension 'ignore'
[2.711s] Level 1:colcon.colcon_core.package_identification:_identify(src/ldrobot-lidar-ros2/scripts) by extension 'ignore_ament_install'
[2.712s] Level 1:colcon.colcon_core.package_identification:_identify(src/ldrobot-lidar-ros2/scripts) by extensions ['colcon_pkg']
[2.712s] Level 1:colcon.colcon_core.package_identification:_identify(src/ldrobot-lidar-ros2/scripts) by extension 'colcon_pkg'
[2.712s] Level 1:colcon.colcon_core.package_identification:_identify(src/ldrobot-lidar-ros2/scripts) by extensions ['colcon_meta']
[2.712s] Level 1:colcon.colcon_core.package_identification:_identify(src/ldrobot-lidar-ros2/scripts) by extension 'colcon_meta'
[2.712s] Level 1:colcon.colcon_core.package_identification:_identify(src/ldrobot-lidar-ros2/scripts) by extensions ['ros']
[2.712s] Level 1:colcon.colcon_core.package_identification:_identify(src/ldrobot-lidar-ros2/scripts) by extension 'ros'
[2.713s] Level 1:colcon.colcon_core.package_identification:_identify(src/ldrobot-lidar-ros2/scripts) by extensions ['cmake', 'python']
[2.713s] Level 1:colcon.colcon_core.package_identification:_identify(src/ldrobot-lidar-ros2/scripts) by extension 'cmake'
[2.713s] Level 1:colcon.colcon_core.package_identification:_identify(src/ldrobot-lidar-ros2/scripts) by extension 'python'
[2.713s] Level 1:colcon.colcon_core.package_identification:_identify(src/ldrobot-lidar-ros2/scripts) by extensions ['python_setup_py']
[2.714s] Level 1:colcon.colcon_core.package_identification:_identify(src/ldrobot-lidar-ros2/scripts) by extension 'python_setup_py'
[2.714s] Level 1:colcon.colcon_core.package_identification:_identify(src/ros2_mpu6050_driver) by extensions ['ignore', 'ignore_ament_install']
[2.715s] Level 1:colcon.colcon_core.package_identification:_identify(src/ros2_mpu6050_driver) by extension 'ignore'
[2.715s] Level 1:colcon.colcon_core.package_identification:_identify(src/ros2_mpu6050_driver) by extension 'ignore_ament_install'
[2.715s] Level 1:colcon.colcon_core.package_identification:_identify(src/ros2_mpu6050_driver) by extensions ['colcon_pkg']
[2.715s] Level 1:colcon.colcon_core.package_identification:_identify(src/ros2_mpu6050_driver) by extension 'colcon_pkg'
[2.716s] Level 1:colcon.colcon_core.package_identification:_identify(src/ros2_mpu6050_driver) by extensions ['colcon_meta']
[2.716s] Level 1:colcon.colcon_core.package_identification:_identify(src/ros2_mpu6050_driver) by extension 'colcon_meta'
[2.716s] Level 1:colcon.colcon_core.package_identification:_identify(src/ros2_mpu6050_driver) by extensions ['ros']
[2.716s] Level 1:colcon.colcon_core.package_identification:_identify(src/ros2_mpu6050_driver) by extension 'ros'
[2.719s] DEBUG:colcon.colcon_core.package_identification:Package 'src/ros2_mpu6050_driver' with type 'ros.ament_cmake' and name 'mpu6050driver'
[2.720s] Level 1:colcon.colcon_core.package_discovery:discover_packages(recursive) using defaults
[2.720s] Level 1:colcon.colcon_core.package_discovery:discover_packages(ignore) discover
[2.720s] Level 1:colcon.colcon_core.package_discovery:discover_packages(ignore) using defaults
[2.720s] Level 1:colcon.colcon_core.package_discovery:discover_packages(path) discover
[2.720s] Level 1:colcon.colcon_core.package_discovery:discover_packages(path) using defaults
[2.882s] Level 1:colcon.colcon_core.package_discovery:discover_packages(prefix_path) check parameters
[2.882s] Level 1:colcon.colcon_core.package_discovery:discover_packages(prefix_path) discover
[2.907s] DEBUG:colcon.colcon_installed_package_information.package_discovery:Found 4 installed packages in /home/r2/ros_ws/install
[2.912s] DEBUG:colcon.colcon_installed_package_information.package_discovery:Found 4 installed packages in /home/r2/ros2_lidar/install
[2.926s] DEBUG:colcon.colcon_installed_package_information.package_discovery:Found 284 installed packages in /opt/ros/humble
[2.935s] Level 1:colcon.colcon_core.package_discovery:discover_packages(prefix_path) using defaults
[3.318s] Level 5:colcon.colcon_core.verb:set package 'ldlidar_component' build argument 'cmake_args' from command line to 'None'
[3.318s] Level 5:colcon.colcon_core.verb:set package 'ldlidar_component' build argument 'cmake_target' from command line to 'None'
[3.318s] Level 5:colcon.colcon_core.verb:set package 'ldlidar_component' build argument 'cmake_target_skip_unavailable' from command line to 'False'
[3.319s] Level 5:colcon.colcon_core.verb:set package 'ldlidar_component' build argument 'cmake_clean_cache' from command line to 'False'
[3.319s] Level 5:colcon.colcon_core.verb:set package 'ldlidar_component' build argument 'cmake_clean_first' from command line to 'False'
[3.319s] Level 5:colcon.colcon_core.verb:set package 'ldlidar_component' build argument 'cmake_force_configure' from command line to 'False'
[3.319s] Level 5:colcon.colcon_core.verb:set package 'ldlidar_component' build argument 'ament_cmake_args' from command line to 'None'
[3.319s] Level 5:colcon.colcon_core.verb:set package 'ldlidar_component' build argument 'catkin_cmake_args' from command line to 'None'
[3.319s] Level 5:colcon.colcon_core.verb:set package 'ldlidar_component' build argument 'catkin_skip_building_tests' from command line to 'False'
[3.319s] DEBUG:colcon.colcon_core.verb:Building package 'ldlidar_component' with the following arguments: {'ament_cmake_args': None, 'build_base': '/home/r2/ros_ws/build/ldlidar_component', 'catkin_cmake_args': None, 'catkin_skip_building_tests': False, 'cmake_args': None, 'cmake_clean_cache': False, 'cmake_clean_first': False, 'cmake_force_configure': False, 'cmake_target': None, 'cmake_target_skip_unavailable': False, 'install_base': '/home/r2/ros_ws/install/ldlidar_component', 'merge_install': False, 'path': '/home/r2/ros_ws/src/ldrobot-lidar-ros2/ldlidar_component', 'symlink_install': False, 'test_result_base': None}
[3.321s] Level 5:colcon.colcon_core.verb:set package 'mpu6050driver' build argument 'cmake_args' from command line to 'None'
[3.321s] Level 5:colcon.colcon_core.verb:set package 'mpu6050driver' build argument 'cmake_target' from command line to 'None'
[3.321s] Level 5:colcon.colcon_core.verb:set package 'mpu6050driver' build argument 'cmake_target_skip_unavailable' from command line to 'False'
[3.321s] Level 5:colcon.colcon_core.verb:set package 'mpu6050driver' build argument 'cmake_clean_cache' from command line to 'False'
[3.321s] Level 5:colcon.colcon_core.verb:set package 'mpu6050driver' build argument 'cmake_clean_first' from command line to 'False'
[3.322s] Level 5:colcon.colcon_core.verb:set package 'mpu6050driver' build argument 'cmake_force_configure' from command line to 'False'
[3.322s] Level 5:colcon.colcon_core.verb:set package 'mpu6050driver' build argument 'ament_cmake_args' from command line to 'None'
[3.322s] Level 5:colcon.colcon_core.verb:set package 'mpu6050driver' build argument 'catkin_cmake_args' from command line to 'None'
[3.322s] Level 5:colcon.colcon_core.verb:set package 'mpu6050driver' build argument 'catkin_skip_building_tests' from command line to 'False'
[3.322s] DEBUG:colcon.colcon_core.verb:Building package 'mpu6050driver' with the following arguments: {'ament_cmake_args': None, 'build_base': '/home/r2/ros_ws/build/mpu6050driver', 'catkin_cmake_args': None, 'catkin_skip_building_tests': False, 'cmake_args': None, 'cmake_clean_cache': False, 'cmake_clean_first': False, 'cmake_force_configure': False, 'cmake_target': None, 'cmake_target_skip_unavailable': False, 'install_base': '/home/r2/ros_ws/install/mpu6050driver', 'merge_install': False, 'path': '/home/r2/ros_ws/src/ros2_mpu6050_driver', 'symlink_install': False, 'test_result_base': None}
[3.324s] Level 5:colcon.colcon_core.verb:set package 'ldlidar_node' build argument 'cmake_args' from command line to 'None'
[3.324s] Level 5:colcon.colcon_core.verb:set package 'ldlidar_node' build argument 'cmake_target' from command line to 'None'
[3.324s] Level 5:colcon.colcon_core.verb:set package 'ldlidar_node' build argument 'cmake_target_skip_unavailable' from command line to 'False'
[3.324s] Level 5:colcon.colcon_core.verb:set package 'ldlidar_node' build argument 'cmake_clean_cache' from command line to 'False'
[3.324s] Level 5:colcon.colcon_core.verb:set package 'ldlidar_node' build argument 'cmake_clean_first' from command line to 'False'
[3.324s] Level 5:colcon.colcon_core.verb:set package 'ldlidar_node' build argument 'cmake_force_configure' from command line to 'False'
[3.325s] Level 5:colcon.colcon_core.verb:set package 'ldlidar_node' build argument 'ament_cmake_args' from command line to 'None'
[3.325s] Level 5:colcon.colcon_core.verb:set package 'ldlidar_node' build argument 'catkin_cmake_args' from command line to 'None'
[3.325s] Level 5:colcon.colcon_core.verb:set package 'ldlidar_node' build argument 'catkin_skip_building_tests' from command line to 'False'
[3.325s] DEBUG:colcon.colcon_core.verb:Building package 'ldlidar_node' with the following arguments: {'ament_cmake_args': None, 'build_base': '/home/r2/ros_ws/build/ldlidar_node', 'catkin_cmake_args': None, 'catkin_skip_building_tests': False, 'cmake_args': None, 'cmake_clean_cache': False, 'cmake_clean_first': False, 'cmake_force_configure': False, 'cmake_target': None, 'cmake_target_skip_unavailable': False, 'install_base': '/home/r2/ros_ws/install/ldlidar_node', 'merge_install': False, 'path': '/home/r2/ros_ws/src/ldrobot-lidar-ros2/ldlidar_node', 'symlink_install': False, 'test_result_base': None}
[3.327s] Level 5:colcon.colcon_core.verb:set package 'ldlidar' build argument 'cmake_args' from command line to 'None'
[3.327s] Level 5:colcon.colcon_core.verb:set package 'ldlidar' build argument 'cmake_target' from command line to 'None'
[3.327s] Level 5:colcon.colcon_core.verb:set package 'ldlidar' build argument 'cmake_target_skip_unavailable' from command line to 'False'
[3.327s] Level 5:colcon.colcon_core.verb:set package 'ldlidar' build argument 'cmake_clean_cache' from command line to 'False'
[3.327s] Level 5:colcon.colcon_core.verb:set package 'ldlidar' build argument 'cmake_clean_first' from command line to 'False'
[3.327s] Level 5:colcon.colcon_core.verb:set package 'ldlidar' build argument 'cmake_force_configure' from command line to 'False'
[3.327s] Level 5:colcon.colcon_core.verb:set package 'ldlidar' build argument 'ament_cmake_args' from command line to 'None'
[3.327s] Level 5:colcon.colcon_core.verb:set package 'ldlidar' build argument 'catkin_cmake_args' from command line to 'None'
[3.328s] Level 5:colcon.colcon_core.verb:set package 'ldlidar' build argument 'catkin_skip_building_tests' from command line to 'False'
[3.328s] DEBUG:colcon.colcon_core.verb:Building package 'ldlidar' with the following arguments: {'ament_cmake_args': None, 'build_base': '/home/r2/ros_ws/build/ldlidar', 'catkin_cmake_args': None, 'catkin_skip_building_tests': False, 'cmake_args': None, 'cmake_clean_cache': False, 'cmake_clean_first': False, 'cmake_force_configure': False, 'cmake_target': None, 'cmake_target_skip_unavailable': False, 'install_base': '/home/r2/ros_ws/install/ldlidar', 'merge_install': False, 'path': '/home/r2/ros_ws/src/ldrobot-lidar-ros2/ldlidar', 'symlink_install': False, 'test_result_base': None}
[3.328s] INFO:colcon.colcon_core.executor:Executing jobs using 'parallel' executor
[3.332s] DEBUG:colcon.colcon_parallel_executor.executor.parallel:run_until_complete
[3.333s] INFO:colcon.colcon_ros.task.ament_cmake.build:Building ROS package in '/home/r2/ros_ws/src/ldrobot-lidar-ros2/ldlidar_component' with build type 'ament_cmake'
[3.333s] INFO:colcon.colcon_cmake.task.cmake.build:Building CMake package in '/home/r2/ros_ws/src/ldrobot-lidar-ros2/ldlidar_component'
[3.354s] INFO:colcon.colcon_core.plugin_system:Skipping extension 'colcon_core.shell.bat': Not used on non-Windows systems
[3.355s] INFO:colcon.colcon_core.shell:Skip shell extension 'powershell' for command environment: Not usable outside of PowerShell
[3.355s] DEBUG:colcon.colcon_core.shell:Skip shell extension 'dsv' for command environment
[3.392s] INFO:colcon.colcon_ros.task.ament_cmake.build:Building ROS package in '/home/r2/ros_ws/src/ros2_mpu6050_driver' with build type 'ament_cmake'
[3.392s] INFO:colcon.colcon_cmake.task.cmake.build:Building CMake package in '/home/r2/ros_ws/src/ros2_mpu6050_driver'
[3.394s] INFO:colcon.colcon_core.shell:Skip shell extension 'powershell' for command environment: Not usable outside of PowerShell
[3.394s] DEBUG:colcon.colcon_core.shell:Skip shell extension 'dsv' for command environment
[3.455s] DEBUG:colcon.colcon_core.event_handler.log_command:Invoking command in '/home/r2/ros_ws/build/ldlidar_component': CMAKE_PREFIX_PATH=${CMAKE_PREFIX_PATH}:/home/r2/ros2_lidar/install/obstacle_detector:/home/r2/ros2_lidar/install/my_launch:/home/r2/ros2_lidar/install/mpu6050_imu:/opt/ros/humble /usr/bin/cmake --build /home/r2/ros_ws/build/ldlidar_component -- -j4 -l4
[3.498s] DEBUG:colcon.colcon_core.event_handler.log_command:Invoking command in '/home/r2/ros_ws/build/mpu6050driver': CMAKE_PREFIX_PATH=${CMAKE_PREFIX_PATH}:/home/r2/ros2_lidar/install/obstacle_detector:/home/r2/ros2_lidar/install/my_launch:/home/r2/ros2_lidar/install/mpu6050_imu:/opt/ros/humble /usr/bin/cmake --build /home/r2/ros_ws/build/mpu6050driver -- -j4 -l4
[4.037s] DEBUG:colcon.colcon_core.event_handler.log_command:Invoked command in '/home/r2/ros_ws/build/mpu6050driver' returned '0': CMAKE_PREFIX_PATH=${CMAKE_PREFIX_PATH}:/home/r2/ros2_lidar/install/obstacle_detector:/home/r2/ros2_lidar/install/my_launch:/home/r2/ros2_lidar/install/mpu6050_imu:/opt/ros/humble /usr/bin/cmake --build /home/r2/ros_ws/build/mpu6050driver -- -j4 -l4
[4.089s] DEBUG:colcon.colcon_core.event_handler.log_command:Invoking command in '/home/r2/ros_ws/build/mpu6050driver': CMAKE_PREFIX_PATH=${CMAKE_PREFIX_PATH}:/home/r2/ros2_lidar/install/obstacle_detector:/home/r2/ros2_lidar/install/my_launch:/home/r2/ros2_lidar/install/mpu6050_imu:/opt/ros/humble /usr/bin/cmake --install /home/r2/ros_ws/build/mpu6050driver
[4.151s] Level 1:colcon.colcon_core.environment:create_environment_scripts_only(mpu6050driver)
[4.153s] DEBUG:colcon.colcon_core.event_handler.log_command:Invoked command in '/home/r2/ros_ws/build/mpu6050driver' returned '0': CMAKE_PREFIX_PATH=${CMAKE_PREFIX_PATH}:/home/r2/ros2_lidar/install/obstacle_detector:/home/r2/ros2_lidar/install/my_launch:/home/r2/ros2_lidar/install/mpu6050_imu:/opt/ros/humble /usr/bin/cmake --install /home/r2/ros_ws/build/mpu6050driver
[4.183s] Level 1:colcon.colcon_core.environment:checking '/home/r2/ros_ws/install/mpu6050driver' for CMake module files
[4.188s] Level 1:colcon.colcon_core.environment:checking '/home/r2/ros_ws/install/mpu6050driver' for CMake config files
[4.192s] Level 1:colcon.colcon_core.shell:create_environment_hook('mpu6050driver', 'cmake_prefix_path')
[4.194s] INFO:colcon.colcon_core.shell:Creating environment hook '/home/r2/ros_ws/install/mpu6050driver/share/mpu6050driver/hook/cmake_prefix_path.ps1'
[4.199s] INFO:colcon.colcon_core.shell:Creating environment descriptor '/home/r2/ros_ws/install/mpu6050driver/share/mpu6050driver/hook/cmake_prefix_path.dsv'
[4.204s] INFO:colcon.colcon_core.shell:Creating environment hook '/home/r2/ros_ws/install/mpu6050driver/share/mpu6050driver/hook/cmake_prefix_path.sh'
[4.210s] Level 1:colcon.colcon_core.environment:checking '/home/r2/ros_ws/install/mpu6050driver/lib'
[4.211s] Level 1:colcon.colcon_core.environment:checking '/home/r2/ros_ws/install/mpu6050driver/bin'
[4.211s] Level 1:colcon.colcon_core.environment:checking '/home/r2/ros_ws/install/mpu6050driver/lib/pkgconfig/mpu6050driver.pc'
[4.212s] Level 1:colcon.colcon_core.environment:checking '/home/r2/ros_ws/install/mpu6050driver/lib/python3.10/site-packages'
[4.213s] Level 1:colcon.colcon_core.environment:checking '/home/r2/ros_ws/install/mpu6050driver/bin'
[4.215s] INFO:colcon.colcon_core.shell:Creating package script '/home/r2/ros_ws/install/mpu6050driver/share/mpu6050driver/package.ps1'
[4.221s] INFO:colcon.colcon_core.shell:Creating package descriptor '/home/r2/ros_ws/install/mpu6050driver/share/mpu6050driver/package.dsv'
[4.225s] INFO:colcon.colcon_core.shell:Creating package script '/home/r2/ros_ws/install/mpu6050driver/share/mpu6050driver/package.sh'
[4.230s] INFO:colcon.colcon_core.shell:Creating package script '/home/r2/ros_ws/install/mpu6050driver/share/mpu6050driver/package.bash'
[4.236s] INFO:colcon.colcon_core.shell:Creating package script '/home/r2/ros_ws/install/mpu6050driver/share/mpu6050driver/package.zsh'
[4.241s] Level 1:colcon.colcon_core.environment:create_file_with_runtime_dependencies(/home/r2/ros_ws/install/mpu6050driver/share/colcon-core/packages/mpu6050driver)
[4.244s] Level 1:colcon.colcon_core.environment:create_environment_scripts_only(mpu6050driver)
[4.245s] Level 1:colcon.colcon_core.environment:checking '/home/r2/ros_ws/install/mpu6050driver' for CMake module files
[4.249s] Level 1:colcon.colcon_core.environment:checking '/home/r2/ros_ws/install/mpu6050driver' for CMake config files
[4.251s] Level 1:colcon.colcon_core.shell:create_environment_hook('mpu6050driver', 'cmake_prefix_path')
[4.252s] INFO:colcon.colcon_core.shell:Creating environment hook '/home/r2/ros_ws/install/mpu6050driver/share/mpu6050driver/hook/cmake_prefix_path.ps1'
[4.255s] INFO:colcon.colcon_core.shell:Creating environment descriptor '/home/r2/ros_ws/install/mpu6050driver/share/mpu6050driver/hook/cmake_prefix_path.dsv'
[4.257s] INFO:colcon.colcon_core.shell:Creating environment hook '/home/r2/ros_ws/install/mpu6050driver/share/mpu6050driver/hook/cmake_prefix_path.sh'
[4.260s] Level 1:colcon.colcon_core.environment:checking '/home/r2/ros_ws/install/mpu6050driver/lib'
[4.260s] Level 1:colcon.colcon_core.environment:checking '/home/r2/ros_ws/install/mpu6050driver/bin'
[4.261s] Level 1:colcon.colcon_core.environment:checking '/home/r2/ros_ws/install/mpu6050driver/lib/pkgconfig/mpu6050driver.pc'
[4.262s] Level 1:colcon.colcon_core.environment:checking '/home/r2/ros_ws/install/mpu6050driver/lib/python3.10/site-packages'
[4.263s] Level 1:colcon.colcon_core.environment:checking '/home/r2/ros_ws/install/mpu6050driver/bin'
[4.264s] INFO:colcon.colcon_core.shell:Creating package script '/home/r2/ros_ws/install/mpu6050driver/share/mpu6050driver/package.ps1'
[4.268s] INFO:colcon.colcon_core.shell:Creating package descriptor '/home/r2/ros_ws/install/mpu6050driver/share/mpu6050driver/package.dsv'
[4.270s] INFO:colcon.colcon_core.shell:Creating package script '/home/r2/ros_ws/install/mpu6050driver/share/mpu6050driver/package.sh'
[4.273s] INFO:colcon.colcon_core.shell:Creating package script '/home/r2/ros_ws/install/mpu6050driver/share/mpu6050driver/package.bash'
[4.275s] INFO:colcon.colcon_core.shell:Creating package script '/home/r2/ros_ws/install/mpu6050driver/share/mpu6050driver/package.zsh'
[4.277s] Level 1:colcon.colcon_core.environment:create_file_with_runtime_dependencies(/home/r2/ros_ws/install/mpu6050driver/share/colcon-core/packages/mpu6050driver)
[4.283s] DEBUG:colcon.colcon_core.event_handler.log_command:Invoked command in '/home/r2/ros_ws/build/ldlidar_component' returned '0': CMAKE_PREFIX_PATH=${CMAKE_PREFIX_PATH}:/home/r2/ros2_lidar/install/obstacle_detector:/home/r2/ros2_lidar/install/my_launch:/home/r2/ros2_lidar/install/mpu6050_imu:/opt/ros/humble /usr/bin/cmake --build /home/r2/ros_ws/build/ldlidar_component -- -j4 -l4
[4.324s] DEBUG:colcon.colcon_core.event_handler.log_command:Invoking command in '/home/r2/ros_ws/build/ldlidar_component': CMAKE_PREFIX_PATH=${CMAKE_PREFIX_PATH}:/home/r2/ros2_lidar/install/obstacle_detector:/home/r2/ros2_lidar/install/my_launch:/home/r2/ros2_lidar/install/mpu6050_imu:/opt/ros/humble /usr/bin/cmake --install /home/r2/ros_ws/build/ldlidar_component
[4.478s] Level 1:colcon.colcon_core.environment:create_environment_scripts_only(ldlidar_component)
[4.479s] Level 1:colcon.colcon_core.environment:checking '/home/r2/ros_ws/install/ldlidar_component' for CMake module files
[4.481s] DEBUG:colcon.colcon_core.event_handler.log_command:Invoked command in '/home/r2/ros_ws/build/ldlidar_component' returned '0': CMAKE_PREFIX_PATH=${CMAKE_PREFIX_PATH}:/home/r2/ros2_lidar/install/obstacle_detector:/home/r2/ros2_lidar/install/my_launch:/home/r2/ros2_lidar/install/mpu6050_imu:/opt/ros/humble /usr/bin/cmake --install /home/r2/ros_ws/build/ldlidar_component
[4.485s] Level 1:colcon.colcon_core.environment:checking '/home/r2/ros_ws/install/ldlidar_component' for CMake config files
[4.494s] Level 1:colcon.colcon_core.shell:create_environment_hook('ldlidar_component', 'cmake_prefix_path')
[4.495s] INFO:colcon.colcon_core.shell:Creating environment hook '/home/r2/ros_ws/install/ldlidar_component/share/ldlidar_component/hook/cmake_prefix_path.ps1'
[4.498s] INFO:colcon.colcon_core.shell:Creating environment descriptor '/home/r2/ros_ws/install/ldlidar_component/share/ldlidar_component/hook/cmake_prefix_path.dsv'
[4.500s] INFO:colcon.colcon_core.shell:Creating environment hook '/home/r2/ros_ws/install/ldlidar_component/share/ldlidar_component/hook/cmake_prefix_path.sh'
[4.503s] Level 1:colcon.colcon_core.environment:checking '/home/r2/ros_ws/install/ldlidar_component/lib'
[4.504s] Level 1:colcon.colcon_core.shell:create_environment_hook('ldlidar_component', 'ld_library_path_lib')
[4.505s] INFO:colcon.colcon_core.shell:Creating environment hook '/home/r2/ros_ws/install/ldlidar_component/share/ldlidar_component/hook/ld_library_path_lib.ps1'
[4.507s] INFO:colcon.colcon_core.shell:Creating environment descriptor '/home/r2/ros_ws/install/ldlidar_component/share/ldlidar_component/hook/ld_library_path_lib.dsv'
[4.509s] INFO:colcon.colcon_core.shell:Creating environment hook '/home/r2/ros_ws/install/ldlidar_component/share/ldlidar_component/hook/ld_library_path_lib.sh'
[4.512s] Level 1:colcon.colcon_core.environment:checking '/home/r2/ros_ws/install/ldlidar_component/bin'
[4.512s] Level 1:colcon.colcon_core.environment:checking '/home/r2/ros_ws/install/ldlidar_component/lib/pkgconfig/ldlidar_component.pc'
[4.513s] Level 1:colcon.colcon_core.environment:checking '/home/r2/ros_ws/install/ldlidar_component/lib/python3.10/site-packages'
[4.514s] Level 1:colcon.colcon_core.environment:checking '/home/r2/ros_ws/install/ldlidar_component/bin'
[4.516s] INFO:colcon.colcon_core.shell:Creating package script '/home/r2/ros_ws/install/ldlidar_component/share/ldlidar_component/package.ps1'
[4.519s] INFO:colcon.colcon_core.shell:Creating package descriptor '/home/r2/ros_ws/install/ldlidar_component/share/ldlidar_component/package.dsv'
[4.521s] INFO:colcon.colcon_core.shell:Creating package script '/home/r2/ros_ws/install/ldlidar_component/share/ldlidar_component/package.sh'
[4.523s] INFO:colcon.colcon_core.shell:Creating package script '/home/r2/ros_ws/install/ldlidar_component/share/ldlidar_component/package.bash'
[4.525s] INFO:colcon.colcon_core.shell:Creating package script '/home/r2/ros_ws/install/ldlidar_component/share/ldlidar_component/package.zsh'
[4.527s] Level 1:colcon.colcon_core.environment:create_file_with_runtime_dependencies(/home/r2/ros_ws/install/ldlidar_component/share/colcon-core/packages/ldlidar_component)
[4.530s] Level 1:colcon.colcon_core.environment:create_environment_scripts_only(ldlidar_component)
[4.531s] Level 1:colcon.colcon_core.environment:checking '/home/r2/ros_ws/install/ldlidar_component' for CMake module files
[4.535s] Level 1:colcon.colcon_core.environment:checking '/home/r2/ros_ws/install/ldlidar_component' for CMake config files
[4.539s] Level 1:colcon.colcon_core.shell:create_environment_hook('ldlidar_component', 'cmake_prefix_path')
[4.540s] INFO:colcon.colcon_core.shell:Creating environment hook '/home/r2/ros_ws/install/ldlidar_component/share/ldlidar_component/hook/cmake_prefix_path.ps1'
[4.543s] INFO:colcon.colcon_core.shell:Creating environment descriptor '/home/r2/ros_ws/install/ldlidar_component/share/ldlidar_component/hook/cmake_prefix_path.dsv'
[4.544s] INFO:colcon.colcon_core.shell:Creating environment hook '/home/r2/ros_ws/install/ldlidar_component/share/ldlidar_component/hook/cmake_prefix_path.sh'
[4.547s] Level 1:colcon.colcon_core.environment:checking '/home/r2/ros_ws/install/ldlidar_component/lib'
[4.548s] Level 1:colcon.colcon_core.shell:create_environment_hook('ldlidar_component', 'ld_library_path_lib')
[4.549s] INFO:colcon.colcon_core.shell:Creating environment hook '/home/r2/ros_ws/install/ldlidar_component/share/ldlidar_component/hook/ld_library_path_lib.ps1'
[4.551s] INFO:colcon.colcon_core.shell:Creating environment descriptor '/home/r2/ros_ws/install/ldlidar_component/share/ldlidar_component/hook/ld_library_path_lib.dsv'
[4.553s] INFO:colcon.colcon_core.shell:Creating environment hook '/home/r2/ros_ws/install/ldlidar_component/share/ldlidar_component/hook/ld_library_path_lib.sh'
[4.556s] Level 1:colcon.colcon_core.environment:checking '/home/r2/ros_ws/install/ldlidar_component/bin'
[4.556s] Level 1:colcon.colcon_core.environment:checking '/home/r2/ros_ws/install/ldlidar_component/lib/pkgconfig/ldlidar_component.pc'
[4.557s] Level 1:colcon.colcon_core.environment:checking '/home/r2/ros_ws/install/ldlidar_component/lib/python3.10/site-packages'
[4.558s] Level 1:colcon.colcon_core.environment:checking '/home/r2/ros_ws/install/ldlidar_component/bin'
[4.559s] INFO:colcon.colcon_core.shell:Creating package script '/home/r2/ros_ws/install/ldlidar_component/share/ldlidar_component/package.ps1'
[4.562s] INFO:colcon.colcon_core.shell:Creating package descriptor '/home/r2/ros_ws/install/ldlidar_component/share/ldlidar_component/package.dsv'
[4.565s] INFO:colcon.colcon_core.shell:Creating package script '/home/r2/ros_ws/install/ldlidar_component/share/ldlidar_component/package.sh'
[4.568s] INFO:colcon.colcon_core.shell:Creating package script '/home/r2/ros_ws/install/ldlidar_component/share/ldlidar_component/package.bash'
[4.571s] INFO:colcon.colcon_core.shell:Creating package script '/home/r2/ros_ws/install/ldlidar_component/share/ldlidar_component/package.zsh'
[4.573s] Level 1:colcon.colcon_core.environment:create_file_with_runtime_dependencies(/home/r2/ros_ws/install/ldlidar_component/share/colcon-core/packages/ldlidar_component)
[4.575s] INFO:colcon.colcon_ros.task.ament_cmake.build:Building ROS package in '/home/r2/ros_ws/src/ldrobot-lidar-ros2/ldlidar_node' with build type 'ament_cmake'
[4.576s] INFO:colcon.colcon_cmake.task.cmake.build:Building CMake package in '/home/r2/ros_ws/src/ldrobot-lidar-ros2/ldlidar_node'
[4.577s] INFO:colcon.colcon_core.shell:Skip shell extension 'powershell' for command environment: Not usable outside of PowerShell
[4.578s] DEBUG:colcon.colcon_core.shell:Skip shell extension 'dsv' for command environment
[4.662s] DEBUG:colcon.colcon_core.event_handler.log_command:Invoking command in '/home/r2/ros_ws/build/ldlidar_node': CMAKE_PREFIX_PATH=/home/r2/ros_ws/install/ldlidar_component:/home/r2/ros_ws/install/mpu6050driver:/home/r2/ros_ws/install/ldlidar:/home/r2/ros_ws/install/ldlidar_node:/home/r2/ros2_lidar/install/ldlidar_stl_ros2:/home/r2/ros2_lidar/install/obstacle_detector:/home/r2/ros2_lidar/install/my_launch:/home/r2/ros2_lidar/install/mpu6050_imu:/opt/ros/humble /usr/bin/cmake --build /home/r2/ros_ws/build/ldlidar_node -- -j4 -l4
[4.835s] DEBUG:colcon.colcon_core.event_handler.log_command:Invoked command in '/home/r2/ros_ws/build/ldlidar_node' returned '0': CMAKE_PREFIX_PATH=/home/r2/ros_ws/install/ldlidar_component:/home/r2/ros_ws/install/mpu6050driver:/home/r2/ros_ws/install/ldlidar:/home/r2/ros_ws/install/ldlidar_node:/home/r2/ros2_lidar/install/ldlidar_stl_ros2:/home/r2/ros2_lidar/install/obstacle_detector:/home/r2/ros2_lidar/install/my_launch:/home/r2/ros2_lidar/install/mpu6050_imu:/opt/ros/humble /usr/bin/cmake --build /home/r2/ros_ws/build/ldlidar_node -- -j4 -l4
[4.848s] DEBUG:colcon.colcon_core.event_handler.log_command:Invoking command in '/home/r2/ros_ws/build/ldlidar_node': CMAKE_PREFIX_PATH=/home/r2/ros_ws/install/ldlidar_component:/home/r2/ros_ws/install/mpu6050driver:/home/r2/ros_ws/install/ldlidar:/home/r2/ros_ws/install/ldlidar_node:/home/r2/ros2_lidar/install/ldlidar_stl_ros2:/home/r2/ros2_lidar/install/obstacle_detector:/home/r2/ros2_lidar/install/my_launch:/home/r2/ros2_lidar/install/mpu6050_imu:/opt/ros/humble /usr/bin/cmake --install /home/r2/ros_ws/build/ldlidar_node
[4.966s] Level 1:colcon.colcon_core.environment:create_environment_scripts_only(ldlidar_node)
[4.967s] Level 1:colcon.colcon_core.environment:checking '/home/r2/ros_ws/install/ldlidar_node' for CMake module files
[4.969s] DEBUG:colcon.colcon_core.event_handler.log_command:Invoked command in '/home/r2/ros_ws/build/ldlidar_node' returned '0': CMAKE_PREFIX_PATH=/home/r2/ros_ws/install/ldlidar_component:/home/r2/ros_ws/install/mpu6050driver:/home/r2/ros_ws/install/ldlidar:/home/r2/ros_ws/install/ldlidar_node:/home/r2/ros2_lidar/install/ldlidar_stl_ros2:/home/r2/ros2_lidar/install/obstacle_detector:/home/r2/ros2_lidar/install/my_launch:/home/r2/ros2_lidar/install/mpu6050_imu:/opt/ros/humble /usr/bin/cmake --install /home/r2/ros_ws/build/ldlidar_node
[4.972s] Level 1:colcon.colcon_core.environment:checking '/home/r2/ros_ws/install/ldlidar_node' for CMake config files
[4.985s] Level 1:colcon.colcon_core.shell:create_environment_hook('ldlidar_node', 'cmake_prefix_path')
[4.987s] INFO:colcon.colcon_core.shell:Creating environment hook '/home/r2/ros_ws/install/ldlidar_node/share/ldlidar_node/hook/cmake_prefix_path.ps1'
[4.991s] INFO:colcon.colcon_core.shell:Creating environment descriptor '/home/r2/ros_ws/install/ldlidar_node/share/ldlidar_node/hook/cmake_prefix_path.dsv'
[4.994s] INFO:colcon.colcon_core.shell:Creating environment hook '/home/r2/ros_ws/install/ldlidar_node/share/ldlidar_node/hook/cmake_prefix_path.sh'
[4.998s] Level 1:colcon.colcon_core.environment:checking '/home/r2/ros_ws/install/ldlidar_node/bin'
[4.998s] Level 1:colcon.colcon_core.environment:checking '/home/r2/ros_ws/install/ldlidar_node/lib/pkgconfig/ldlidar_node.pc'
[4.999s] Level 1:colcon.colcon_core.environment:checking '/home/r2/ros_ws/install/ldlidar_node/lib/python3.10/site-packages'
[5.000s] Level 1:colcon.colcon_core.environment:checking '/home/r2/ros_ws/install/ldlidar_node/bin'
[5.002s] INFO:colcon.colcon_core.shell:Creating package script '/home/r2/ros_ws/install/ldlidar_node/share/ldlidar_node/package.ps1'
[5.004s] INFO:colcon.colcon_core.shell:Creating package descriptor '/home/r2/ros_ws/install/ldlidar_node/share/ldlidar_node/package.dsv'
[5.006s] INFO:colcon.colcon_core.shell:Creating package script '/home/r2/ros_ws/install/ldlidar_node/share/ldlidar_node/package.sh'
[5.009s] INFO:colcon.colcon_core.shell:Creating package script '/home/r2/ros_ws/install/ldlidar_node/share/ldlidar_node/package.bash'
[5.011s] INFO:colcon.colcon_core.shell:Creating package script '/home/r2/ros_ws/install/ldlidar_node/share/ldlidar_node/package.zsh'
[5.013s] Level 1:colcon.colcon_core.environment:create_file_with_runtime_dependencies(/home/r2/ros_ws/install/ldlidar_node/share/colcon-core/packages/ldlidar_node)
[5.016s] Level 1:colcon.colcon_core.environment:create_environment_scripts_only(ldlidar_node)
[5.017s] Level 1:colcon.colcon_core.environment:checking '/home/r2/ros_ws/install/ldlidar_node' for CMake module files
[5.020s] Level 1:colcon.colcon_core.environment:checking '/home/r2/ros_ws/install/ldlidar_node' for CMake config files
[5.025s] Level 1:colcon.colcon_core.shell:create_environment_hook('ldlidar_node', 'cmake_prefix_path')
[5.026s] INFO:colcon.colcon_core.shell:Creating environment hook '/home/r2/ros_ws/install/ldlidar_node/share/ldlidar_node/hook/cmake_prefix_path.ps1'
[5.028s] INFO:colcon.colcon_core.shell:Creating environment descriptor '/home/r2/ros_ws/install/ldlidar_node/share/ldlidar_node/hook/cmake_prefix_path.dsv'
[5.030s] INFO:colcon.colcon_core.shell:Creating environment hook '/home/r2/ros_ws/install/ldlidar_node/share/ldlidar_node/hook/cmake_prefix_path.sh'
[5.033s] Level 1:colcon.colcon_core.environment:checking '/home/r2/ros_ws/install/ldlidar_node/bin'
[5.033s] Level 1:colcon.colcon_core.environment:checking '/home/r2/ros_ws/install/ldlidar_node/lib/pkgconfig/ldlidar_node.pc'
[5.034s] Level 1:colcon.colcon_core.environment:checking '/home/r2/ros_ws/install/ldlidar_node/lib/python3.10/site-packages'
[5.035s] Level 1:colcon.colcon_core.environment:checking '/home/r2/ros_ws/install/ldlidar_node/bin'
[5.036s] INFO:colcon.colcon_core.shell:Creating package script '/home/r2/ros_ws/install/ldlidar_node/share/ldlidar_node/package.ps1'
[5.039s] INFO:colcon.colcon_core.shell:Creating package descriptor '/home/r2/ros_ws/install/ldlidar_node/share/ldlidar_node/package.dsv'
[5.042s] INFO:colcon.colcon_core.shell:Creating package script '/home/r2/ros_ws/install/ldlidar_node/share/ldlidar_node/package.sh'
[5.045s] INFO:colcon.colcon_core.shell:Creating package script '/home/r2/ros_ws/install/ldlidar_node/share/ldlidar_node/package.bash'
[5.047s] INFO:colcon.colcon_core.shell:Creating package script '/home/r2/ros_ws/install/ldlidar_node/share/ldlidar_node/package.zsh'
[5.050s] Level 1:colcon.colcon_core.environment:create_file_with_runtime_dependencies(/home/r2/ros_ws/install/ldlidar_node/share/colcon-core/packages/ldlidar_node)
[5.052s] INFO:colcon.colcon_ros.task.ament_cmake.build:Building ROS package in '/home/r2/ros_ws/src/ldrobot-lidar-ros2/ldlidar' with build type 'ament_cmake'
[5.052s] INFO:colcon.colcon_cmake.task.cmake.build:Building CMake package in '/home/r2/ros_ws/src/ldrobot-lidar-ros2/ldlidar'
[5.054s] INFO:colcon.colcon_core.shell:Skip shell extension 'powershell' for command environment: Not usable outside of PowerShell
[5.055s] DEBUG:colcon.colcon_core.shell:Skip shell extension 'dsv' for command environment
[5.135s] DEBUG:colcon.colcon_core.event_handler.log_command:Invoking command in '/home/r2/ros_ws/build/ldlidar': CMAKE_PREFIX_PATH=/home/r2/ros_ws/install/ldlidar_node:/home/r2/ros_ws/install/ldlidar_component:/home/r2/ros_ws/install/mpu6050driver:/home/r2/ros_ws/install/ldlidar:/home/r2/ros2_lidar/install/ldlidar_stl_ros2:/home/r2/ros2_lidar/install/obstacle_detector:/home/r2/ros2_lidar/install/my_launch:/home/r2/ros2_lidar/install/mpu6050_imu:/opt/ros/humble /usr/bin/cmake --build /home/r2/ros_ws/build/ldlidar -- -j4 -l4
[5.308s] DEBUG:colcon.colcon_core.event_handler.log_command:Invoked command in '/home/r2/ros_ws/build/ldlidar' returned '0': CMAKE_PREFIX_PATH=/home/r2/ros_ws/install/ldlidar_node:/home/r2/ros_ws/install/ldlidar_component:/home/r2/ros_ws/install/mpu6050driver:/home/r2/ros_ws/install/ldlidar:/home/r2/ros2_lidar/install/ldlidar_stl_ros2:/home/r2/ros2_lidar/install/obstacle_detector:/home/r2/ros2_lidar/install/my_launch:/home/r2/ros2_lidar/install/mpu6050_imu:/opt/ros/humble /usr/bin/cmake --build /home/r2/ros_ws/build/ldlidar -- -j4 -l4
[5.321s] DEBUG:colcon.colcon_core.event_handler.log_command:Invoking command in '/home/r2/ros_ws/build/ldlidar': CMAKE_PREFIX_PATH=/home/r2/ros_ws/install/ldlidar_node:/home/r2/ros_ws/install/ldlidar_component:/home/r2/ros_ws/install/mpu6050driver:/home/r2/ros_ws/install/ldlidar:/home/r2/ros2_lidar/install/ldlidar_stl_ros2:/home/r2/ros2_lidar/install/obstacle_detector:/home/r2/ros2_lidar/install/my_launch:/home/r2/ros2_lidar/install/mpu6050_imu:/opt/ros/humble /usr/bin/cmake --install /home/r2/ros_ws/build/ldlidar
[5.420s] Level 1:colcon.colcon_core.environment:create_environment_scripts_only(ldlidar)
[5.422s] Level 1:colcon.colcon_core.environment:checking '/home/r2/ros_ws/install/ldlidar' for CMake module files
[5.424s] DEBUG:colcon.colcon_core.event_handler.log_command:Invoked command in '/home/r2/ros_ws/build/ldlidar' returned '0': CMAKE_PREFIX_PATH=/home/r2/ros_ws/install/ldlidar_node:/home/r2/ros_ws/install/ldlidar_component:/home/r2/ros_ws/install/mpu6050driver:/home/r2/ros_ws/install/ldlidar:/home/r2/ros2_lidar/install/ldlidar_stl_ros2:/home/r2/ros2_lidar/install/obstacle_detector:/home/r2/ros2_lidar/install/my_launch:/home/r2/ros2_lidar/install/mpu6050_imu:/opt/ros/humble /usr/bin/cmake --install /home/r2/ros_ws/build/ldlidar
[5.427s] Level 1:colcon.colcon_core.environment:checking '/home/r2/ros_ws/install/ldlidar' for CMake config files
[5.433s] Level 1:colcon.colcon_core.shell:create_environment_hook('ldlidar', 'cmake_prefix_path')
[5.435s] INFO:colcon.colcon_core.shell:Creating environment hook '/home/r2/ros_ws/install/ldlidar/share/ldlidar/hook/cmake_prefix_path.ps1'
[5.437s] INFO:colcon.colcon_core.shell:Creating environment descriptor '/home/r2/ros_ws/install/ldlidar/share/ldlidar/hook/cmake_prefix_path.dsv'
[5.439s] INFO:colcon.colcon_core.shell:Creating environment hook '/home/r2/ros_ws/install/ldlidar/share/ldlidar/hook/cmake_prefix_path.sh'
[5.443s] Level 1:colcon.colcon_core.environment:checking '/home/r2/ros_ws/install/ldlidar/bin'
[5.443s] Level 1:colcon.colcon_core.environment:checking '/home/r2/ros_ws/install/ldlidar/lib/pkgconfig/ldlidar.pc'
[5.445s] Level 1:colcon.colcon_core.environment:checking '/home/r2/ros_ws/install/ldlidar/lib/python3.10/site-packages'
[5.446s] Level 1:colcon.colcon_core.environment:checking '/home/r2/ros_ws/install/ldlidar/bin'
[5.447s] INFO:colcon.colcon_core.shell:Creating package script '/home/r2/ros_ws/install/ldlidar/share/ldlidar/package.ps1'
[5.450s] INFO:colcon.colcon_core.shell:Creating package descriptor '/home/r2/ros_ws/install/ldlidar/share/ldlidar/package.dsv'
[5.453s] INFO:colcon.colcon_core.shell:Creating package script '/home/r2/ros_ws/install/ldlidar/share/ldlidar/package.sh'
[5.455s] INFO:colcon.colcon_core.shell:Creating package script '/home/r2/ros_ws/install/ldlidar/share/ldlidar/package.bash'
[5.457s] INFO:colcon.colcon_core.shell:Creating package script '/home/r2/ros_ws/install/ldlidar/share/ldlidar/package.zsh'
[5.459s] Level 1:colcon.colcon_core.environment:create_file_with_runtime_dependencies(/home/r2/ros_ws/install/ldlidar/share/colcon-core/packages/ldlidar)
[5.462s] Level 1:colcon.colcon_core.environment:create_environment_scripts_only(ldlidar)
[5.463s] Level 1:colcon.colcon_core.environment:checking '/home/r2/ros_ws/install/ldlidar' for CMake module files
[5.466s] Level 1:colcon.colcon_core.environment:checking '/home/r2/ros_ws/install/ldlidar' for CMake config files
[5.468s] Level 1:colcon.colcon_core.shell:create_environment_hook('ldlidar', 'cmake_prefix_path')
[5.469s] INFO:colcon.colcon_core.shell:Creating environment hook '/home/r2/ros_ws/install/ldlidar/share/ldlidar/hook/cmake_prefix_path.ps1'
[5.471s] INFO:colcon.colcon_core.shell:Creating environment descriptor '/home/r2/ros_ws/install/ldlidar/share/ldlidar/hook/cmake_prefix_path.dsv'
[5.473s] INFO:colcon.colcon_core.shell:Creating environment hook '/home/r2/ros_ws/install/ldlidar/share/ldlidar/hook/cmake_prefix_path.sh'
[5.477s] Level 1:colcon.colcon_core.environment:checking '/home/r2/ros_ws/install/ldlidar/bin'
[5.477s] Level 1:colcon.colcon_core.environment:checking '/home/r2/ros_ws/install/ldlidar/lib/pkgconfig/ldlidar.pc'
[5.478s] Level 1:colcon.colcon_core.environment:checking '/home/r2/ros_ws/install/ldlidar/lib/python3.10/site-packages'
[5.479s] Level 1:colcon.colcon_core.environment:checking '/home/r2/ros_ws/install/ldlidar/bin'
[5.481s] INFO:colcon.colcon_core.shell:Creating package script '/home/r2/ros_ws/install/ldlidar/share/ldlidar/package.ps1'
[5.485s] INFO:colcon.colcon_core.shell:Creating package descriptor '/home/r2/ros_ws/install/ldlidar/share/ldlidar/package.dsv'
[5.487s] INFO:colcon.colcon_core.shell:Creating package script '/home/r2/ros_ws/install/ldlidar/share/ldlidar/package.sh'
[5.489s] INFO:colcon.colcon_core.shell:Creating package script '/home/r2/ros_ws/install/ldlidar/share/ldlidar/package.bash'
[5.492s] INFO:colcon.colcon_core.shell:Creating package script '/home/r2/ros_ws/install/ldlidar/share/ldlidar/package.zsh'
[5.494s] Level 1:colcon.colcon_core.environment:create_file_with_runtime_dependencies(/home/r2/ros_ws/install/ldlidar/share/colcon-core/packages/ldlidar)
[5.495s] DEBUG:colcon.colcon_parallel_executor.executor.parallel:closing loop
[5.497s] DEBUG:colcon.colcon_parallel_executor.executor.parallel:loop closed
[5.497s] DEBUG:colcon.colcon_parallel_executor.executor.parallel:run_until_complete finished with '0'
[5.498s] DEBUG:colcon.colcon_core.event_reactor:joining thread
[5.542s] INFO:colcon.colcon_core.plugin_system:Skipping extension 'colcon_notification.desktop_notification.terminal_notifier': Not used on non-Darwin systems
[5.542s] INFO:colcon.colcon_core.plugin_system:Skipping extension 'colcon_notification.desktop_notification.win32': Not used on non-Windows systems
[5.542s] INFO:colcon.colcon_notification.desktop_notification:Sending desktop notification using 'notify2'
[5.600s] DEBUG:colcon.colcon_core.event_reactor:joined thread
[5.602s] INFO:colcon.colcon_core.shell:Creating prefix script '/home/r2/ros_ws/install/local_setup.ps1'
[5.608s] INFO:colcon.colcon_core.shell:Creating prefix util module '/home/r2/ros_ws/install/_local_setup_util_ps1.py'
[5.620s] INFO:colcon.colcon_core.shell:Creating prefix chain script '/home/r2/ros_ws/install/setup.ps1'
[5.629s] INFO:colcon.colcon_core.shell:Creating prefix script '/home/r2/ros_ws/install/local_setup.sh'
[5.637s] INFO:colcon.colcon_core.shell:Creating prefix util module '/home/r2/ros_ws/install/_local_setup_util_sh.py'
[5.641s] INFO:colcon.colcon_core.shell:Creating prefix chain script '/home/r2/ros_ws/install/setup.sh'
[5.651s] INFO:colcon.colcon_core.shell:Creating prefix script '/home/r2/ros_ws/install/local_setup.bash'
[5.657s] INFO:colcon.colcon_core.shell:Creating prefix chain script '/home/r2/ros_ws/install/setup.bash'
[5.666s] INFO:colcon.colcon_core.shell:Creating prefix script '/home/r2/ros_ws/install/local_setup.zsh'
[5.674s] INFO:colcon.colcon_core.shell:Creating prefix chain script '/home/r2/ros_ws/install/setup.zsh'
