[0.089s] Invoking command in '/home/r2/ros_ws/build/ldlidar_component': CMAKE_PREFIX_PATH=${CMAKE_PREFIX_PATH}:/home/r2/ros2_lidar/install/obstacle_detector:/home/r2/ros2_lidar/install/my_launch:/home/r2/ros2_lidar/install/mpu6050_imu:/opt/ros/humble /usr/bin/cmake --build /home/r2/ros_ws/build/ldlidar_component -- -j4 -l4
[0.388s] [ 70%] Built target ldlidar
[0.549s] [100%] Built target ldlidar_component
[0.662s] Invoked command in '/home/r2/ros_ws/build/ldlidar_component' returned '0': CMAKE_PREFIX_PATH=${CMAKE_PREFIX_PATH}:/home/r2/ros2_lidar/install/obstacle_detector:/home/r2/ros2_lidar/install/my_launch:/home/r2/ros2_lidar/install/mpu6050_imu:/opt/ros/humble /usr/bin/cmake --build /home/r2/ros_ws/build/ldlidar_component -- -j4 -l4
[0.673s] Invoking command in '/home/r2/ros_ws/build/ldlidar_component': CMAKE_PREFIX_PATH=${CMAKE_PREFIX_PATH}:/home/r2/ros2_lidar/install/obstacle_detector:/home/r2/ros2_lidar/install/my_launch:/home/r2/ros2_lidar/install/mpu6050_imu:/opt/ros/humble /usr/bin/cmake --install /home/r2/ros_ws/build/ldlidar_component
[0.707s] -- Install configuration: "Release"
[0.708s] -- Execute custom install script
[0.710s] -- Up-to-date symlink: /home/r2/ros_ws/install/ldlidar_component/lib/libldlidar_component.so
[0.712s] -- Up-to-date symlink: /home/r2/ros_ws/install/ldlidar_component/include/ldlidar_component//defines.hpp
[0.713s] -- Up-to-date symlink: /home/r2/ros_ws/install/ldlidar_component/include/ldlidar_component//ldlidar_component.hpp
[0.714s] -- Up-to-date symlink: /home/r2/ros_ws/install/ldlidar_component/include/ldlidar_component//ldlidar_tools.hpp
[0.716s] -- Up-to-date symlink: /home/r2/ros_ws/install/ldlidar_component/include/ldlidar_component//visibility_control.hpp
[0.717s] -- Up-to-date symlink: /home/r2/ros_ws/install/ldlidar_component/include/ldlidar_component//ldlidar_datatype.h
[0.718s] -- Up-to-date symlink: /home/r2/ros_ws/install/ldlidar_component/include/ldlidar_component//ldlidar_driver.h
[0.720s] -- Up-to-date symlink: /home/r2/ros_ws/install/ldlidar_component/include/ldlidar_component//lipkg.h
[0.722s] -- Up-to-date symlink: /home/r2/ros_ws/install/ldlidar_component/include/ldlidar_component//tofbf.h
[0.724s] -- Up-to-date symlink: /home/r2/ros_ws/install/ldlidar_component/include/ldlidar_component//log_module.h
[0.725s] -- Up-to-date symlink: /home/r2/ros_ws/install/ldlidar_component/include/ldlidar_component//network_socket_interface_linux.h
[0.727s] -- Up-to-date symlink: /home/r2/ros_ws/install/ldlidar_component/include/ldlidar_component//serial_interface_linux.h
[0.728s] -- Up-to-date symlink: /home/r2/ros_ws/install/ldlidar_component/share/ldlidar_component/environment/library_path.sh
[0.729s] -- Up-to-date symlink: /home/r2/ros_ws/install/ldlidar_component/share/ldlidar_component/environment/library_path.dsv
[0.731s] -- Up-to-date symlink: /home/r2/ros_ws/install/ldlidar_component/share/ament_index/resource_index/package_run_dependencies/ldlidar_component
[0.732s] -- Up-to-date symlink: /home/r2/ros_ws/install/ldlidar_component/share/ament_index/resource_index/parent_prefix_path/ldlidar_component
[0.734s] -- Up-to-date symlink: /home/r2/ros_ws/install/ldlidar_component/share/ldlidar_component/environment/ament_prefix_path.sh
[0.735s] -- Up-to-date symlink: /home/r2/ros_ws/install/ldlidar_component/share/ldlidar_component/environment/ament_prefix_path.dsv
[0.737s] -- Up-to-date symlink: /home/r2/ros_ws/install/ldlidar_component/share/ldlidar_component/environment/path.sh
[0.738s] -- Up-to-date symlink: /home/r2/ros_ws/install/ldlidar_component/share/ldlidar_component/environment/path.dsv
[0.739s] -- Up-to-date symlink: /home/r2/ros_ws/install/ldlidar_component/share/ldlidar_component/local_setup.bash
[0.740s] -- Up-to-date symlink: /home/r2/ros_ws/install/ldlidar_component/share/ldlidar_component/local_setup.sh
[0.742s] -- Up-to-date symlink: /home/r2/ros_ws/install/ldlidar_component/share/ldlidar_component/local_setup.zsh
[0.743s] -- Up-to-date symlink: /home/r2/ros_ws/install/ldlidar_component/share/ldlidar_component/local_setup.dsv
[0.744s] -- Symlinking: /home/r2/ros_ws/install/ldlidar_component/share/ldlidar_component/package.dsv
[0.782s] -- Up-to-date symlink: /home/r2/ros_ws/install/ldlidar_component/share/ament_index/resource_index/packages/ldlidar_component
[0.784s] -- Up-to-date symlink: /home/r2/ros_ws/install/ldlidar_component/share/ament_index/resource_index/rclcpp_components/ldlidar_component
[0.785s] -- Up-to-date symlink: /home/r2/ros_ws/install/ldlidar_component/share/ldlidar_component/cmake/ament_cmake_export_include_directories-extras.cmake
[0.786s] -- Up-to-date symlink: /home/r2/ros_ws/install/ldlidar_component/share/ldlidar_component/cmake/ament_cmake_export_libraries-extras.cmake
[0.787s] -- Up-to-date symlink: /home/r2/ros_ws/install/ldlidar_component/share/ldlidar_component/cmake/ament_cmake_export_dependencies-extras.cmake
[0.788s] -- Up-to-date symlink: /home/r2/ros_ws/install/ldlidar_component/share/ldlidar_component/cmake/ldlidar_componentConfig.cmake
[0.789s] -- Up-to-date symlink: /home/r2/ros_ws/install/ldlidar_component/share/ldlidar_component/cmake/ldlidar_componentConfig-version.cmake
[0.790s] -- Up-to-date symlink: /home/r2/ros_ws/install/ldlidar_component/share/ldlidar_component/package.xml
[0.798s] Invoked command in '/home/r2/ros_ws/build/ldlidar_component' returned '0': CMAKE_PREFIX_PATH=${CMAKE_PREFIX_PATH}:/home/r2/ros2_lidar/install/obstacle_detector:/home/r2/ros2_lidar/install/my_launch:/home/r2/ros2_lidar/install/mpu6050_imu:/opt/ros/humble /usr/bin/cmake --install /home/r2/ros_ws/build/ldlidar_component
